#
# There is insufficient memory for the Java Runtime Environment to continue.
# Native memory allocation (malloc) failed to allocate 7473872 bytes. Error detail: Chunk::new
# Possible reasons:
#   The system is out of physical RAM or swap space
#   This process is running with CompressedOops enabled, and the Java Heap may be blocking the growth of the native heap
# Possible solutions:
#   Reduce memory load on the system
#   Increase physical memory or swap space
#   Check if swap backing store is full
#   Decrease Java heap size (-Xmx/-Xms)
#   Decrease number of Java threads
#   Decrease Java thread stack sizes (-Xss)
#   Set larger code cache with -XX:ReservedCodeCacheSize=
#   JVM is running with Unscaled Compressed Oops mode in which the Java heap is
#     placed in the first 4GB address space. The Java Heap base address is the
#     maximum limit for the native heap growth. Please use -XX:HeapBaseMinAddress
#     to set the Java Heap base and to place the Java Heap above 4GB virtual address.
# This output file may be truncated or incomplete.
#
#  Out of Memory Error (arena.cpp:162), pid=8684, tid=13940
#
# JRE version: Java(TM) SE Runtime Environment (24.0.1+9) (build 24.0.1+9-30)
# Java VM: Java HotSpot(TM) 64-Bit Server VM (24.0.1+9-30, mixed mode, sharing, tiered, compressed oops, compressed class ptrs, g1 gc, windows-amd64)
# No core dump will be written. Minidumps are not enabled by default on client versions of Windows
#

---------------  S U M M A R Y ------------

Command Line: --add-opens=java.base/java.lang=ALL-UNNAMED --add-opens=java.base/java.lang.invoke=ALL-UNNAMED --add-opens=java.base/java.util=ALL-UNNAMED --add-opens=java.prefs/java.util.prefs=ALL-UNNAMED --add-exports=jdk.compiler/com.sun.tools.javac.api=ALL-UNNAMED --add-exports=jdk.compiler/com.sun.tools.javac.util=ALL-UNNAMED --add-opens=java.base/java.util=ALL-UNNAMED --add-opens=java.prefs/java.util.prefs=ALL-UNNAMED --add-opens=java.base/java.nio.charset=ALL-UNNAMED --add-opens=java.base/java.net=ALL-UNNAMED --add-opens=java.base/java.util.concurrent.atomic=ALL-UNNAMED --add-opens=java.xml/javax.xml.namespace=ALL-UNNAMED --enable-native-access=ALL-UNNAMED -Xmx2048m -Dfile.encoding=UTF-8 -Duser.country=US -Duser.language=en -Duser.variant -javaagent:C:\Users\musan\.gradle\wrapper\dists\gradle-9.0-milestone-1-bin\3vdepk4s12bybhohyuvjcm1bd\gradle-9.0-milestone-1\lib\agents\gradle-instrumentation-agent-9.0.jar org.gradle.launcher.daemon.bootstrap.GradleDaemon 9.0-milestone-1

Host: AMD Athlon Gold 3150U with Radeon Graphics     , 4 cores, 5G,  Windows 11 , 64 bit Build 26100 (10.0.26100.5074)
Time: Mon Oct  6 23:36:25 2025 South Africa Standard Time elapsed time: 116.240029 seconds (0d 0h 1m 56s)

---------------  T H R E A D  ---------------

Current thread (0x00000206f94909f0):  JavaThread "C2 CompilerThread0" daemon [_thread_in_native, id=13940, stack(0x000000e557900000,0x000000e557a00000) (1024K)]


Current CompileTask:
C2:116240 11670   !   4       java.net.URLClassLoader::findClass (77 bytes)

Stack: [0x000000e557900000,0x000000e557a00000]
Native frames: (J=compiled Java code, j=interpreted, Vv=VM code, C=native code)
V  [jvm.dll+0x730739]  (no source info available)
V  [jvm.dll+0x8d9b23]  (no source info available)
V  [jvm.dll+0x8dc00d]  (no source info available)
V  [jvm.dll+0x8dc683]  (no source info available)
V  [jvm.dll+0x2aa086]  (no source info available)
V  [jvm.dll+0xcedef]  (no source info available)
V  [jvm.dll+0xcf04f]  (no source info available)
V  [jvm.dll+0x154d83]  (no source info available)
V  [jvm.dll+0x735f5f]  (no source info available)
V  [jvm.dll+0x26fa1c]  (no source info available)
V  [jvm.dll+0x26ea3f]  (no source info available)
V  [jvm.dll+0x1e9d60]  (no source info available)
V  [jvm.dll+0x27e1fb]  (no source info available)
V  [jvm.dll+0x27c49a]  (no source info available)
V  [jvm.dll+0x42f456]  (no source info available)
V  [jvm.dll+0x87d76b]  (no source info available)
V  [jvm.dll+0x72ee55]  (no source info available)
C  [ucrtbase.dll+0x37b0]  (no source info available)
C  [KERNEL32.DLL+0x2e8d7]  (no source info available)
C  [ntdll.dll+0x8d9c]  (no source info available)

Lock stack of current Java thread (top to bottom):


---------------  P R O C E S S  ---------------

Threads class SMR info:
_java_thread_list=0x00000206ca9f7a30, length=58, elements={
0x00000206dab4a980, 0x00000206f94824f0, 0x00000206f9483120, 0x00000206f948a9e0,
0x00000206f948b510, 0x00000206f948d050, 0x00000206f948db80, 0x00000206f94909f0,
0x00000206f94a6b40, 0x00000206c519f080, 0x00000206c52006c0, 0x00000206c6a5bd80,
0x00000206c6982ac0, 0x00000206c523d0f0, 0x00000206c56fb250, 0x00000206c5536d70,
0x00000206c55374c0, 0x00000206c5539200, 0x00000206c5535ed0, 0x00000206c5536620,
0x00000206c5537c10, 0x00000206c5538360, 0x00000206c6dc7500, 0x00000206c6dc83a0,
0x00000206c6dc8af0, 0x00000206c6dc57c0, 0x00000206c6dc7c50, 0x00000206c6dc9240,
0x00000206c6dc5f10, 0x00000206c6dc9990, 0x00000206c6dc6660, 0x00000206c6dca0e0,
0x00000206c6dc6db0, 0x00000206c6dcbe20, 0x00000206c6dca830, 0x00000206c6dcaf80,
0x00000206c6dcb6d0, 0x00000206c6dcccc0, 0x00000206c840c950, 0x00000206c840c200,
0x00000206c840d7f0, 0x00000206c840df40, 0x00000206c840bab0, 0x00000206c840e690,
0x00000206c840b360, 0x00000206c6bb1950, 0x00000206c6bb1200, 0x00000206c6bafc10,
0x00000206c6bb0360, 0x00000206c6bb20a0, 0x00000206c6bb4c80, 0x00000206c6bb27f0,
0x00000206c6bb5b20, 0x00000206c6bb3de0, 0x00000206c6bb6270, 0x00000206c5538ab0,
0x00000206c6bb53d0, 0x00000206c6bb7110
}

Java Threads: ( => current thread )
  0x00000206dab4a980 JavaThread "main"                              [_thread_blocked, id=16620, stack(0x000000e556b00000,0x000000e556c00000) (1024K)]
  0x00000206f94824f0 JavaThread "Reference Handler"          daemon [_thread_blocked, id=7232, stack(0x000000e557300000,0x000000e557400000) (1024K)]
  0x00000206f9483120 JavaThread "Finalizer"                  daemon [_thread_blocked, id=16256, stack(0x000000e557400000,0x000000e557500000) (1024K)]
  0x00000206f948a9e0 JavaThread "Signal Dispatcher"          daemon [_thread_blocked, id=18484, stack(0x000000e557500000,0x000000e557600000) (1024K)]
  0x00000206f948b510 JavaThread "Attach Listener"            daemon [_thread_blocked, id=1204, stack(0x000000e557600000,0x000000e557700000) (1024K)]
  0x00000206f948d050 JavaThread "Service Thread"             daemon [_thread_blocked, id=2752, stack(0x000000e557700000,0x000000e557800000) (1024K)]
  0x00000206f948db80 JavaThread "Monitor Deflation Thread"   daemon [_thread_blocked, id=23924, stack(0x000000e557800000,0x000000e557900000) (1024K)]
=>0x00000206f94909f0 JavaThread "C2 CompilerThread0"         daemon [_thread_in_native, id=13940, stack(0x000000e557900000,0x000000e557a00000) (1024K)]
  0x00000206f94a6b40 JavaThread "C1 CompilerThread0"         daemon [_thread_blocked, id=17264, stack(0x000000e557a00000,0x000000e557b00000) (1024K)]
  0x00000206c519f080 JavaThread "Common-Cleaner"             daemon [_thread_blocked, id=24856, stack(0x000000e557b00000,0x000000e557c00000) (1024K)]
  0x00000206c52006c0 JavaThread "Notification Thread"        daemon [_thread_blocked, id=25692, stack(0x000000e557c00000,0x000000e557d00000) (1024K)]
  0x00000206c6a5bd80 JavaThread "Daemon health stats"               [_thread_blocked, id=20448, stack(0x000000e558000000,0x000000e558100000) (1024K)]
  0x00000206c6982ac0 JavaThread "Incoming local TCP Connector on port 64729"        [_thread_in_native, id=19136, stack(0x000000e558100000,0x000000e558200000) (1024K)]
  0x00000206c523d0f0 JavaThread "Daemon periodic checks"            [_thread_blocked, id=11564, stack(0x000000e558200000,0x000000e558300000) (1024K)]
  0x00000206c56fb250 JavaThread "Daemon"                            [_thread_blocked, id=8408, stack(0x000000e558300000,0x000000e558400000) (1024K)]
  0x00000206c5536d70 JavaThread "Handler for socket connection from /127.0.0.1:64729 to /127.0.0.1:64730"        [_thread_in_native, id=23816, stack(0x000000e558400000,0x000000e558500000) (1024K)]
  0x00000206c55374c0 JavaThread "Cancel handler"                    [_thread_blocked, id=20168, stack(0x000000e558500000,0x000000e558600000) (1024K)]
  0x00000206c5539200 JavaThread "Daemon worker"                     [_thread_in_native, id=21308, stack(0x000000e558600000,0x000000e558700000) (1024K)]
  0x00000206c5535ed0 JavaThread "Asynchronous log dispatcher for DefaultDaemonConnection: socket connection from /127.0.0.1:64729 to /127.0.0.1:64730"        [_thread_blocked, id=26544, stack(0x000000e558700000,0x000000e558800000) (1024K)]
  0x00000206c5536620 JavaThread "Stdin handler"                     [_thread_blocked, id=20624, stack(0x000000e558800000,0x000000e558900000) (1024K)]
  0x00000206c5537c10 JavaThread "Daemon client event forwarder"        [_thread_blocked, id=25260, stack(0x000000e558900000,0x000000e558a00000) (1024K)]
  0x00000206c5538360 JavaThread "Cache worker for journal cache (C:\Users\musan\.gradle\caches\journal-1)"        [_thread_blocked, id=25364, stack(0x000000e558a00000,0x000000e558b00000) (1024K)]
  0x00000206c6dc7500 JavaThread "File lock request listener"        [_thread_in_native, id=20356, stack(0x000000e558b00000,0x000000e558c00000) (1024K)]
  0x00000206c6dc83a0 JavaThread "Cache worker for file hash cache (C:\Users\musan\.gradle\caches\9.0-milestone-1\fileHashes)"        [_thread_blocked, id=20012, stack(0x000000e558c00000,0x000000e558d00000) (1024K)]
  0x00000206c6dc8af0 JavaThread "Cache worker for file hash cache (C:\Users\musan\OneDrive\Stride\.gradle\9.0-milestone-1\fileHashes)"        [_thread_blocked, id=14324, stack(0x000000e558d00000,0x000000e558e00000) (1024K)]
  0x00000206c6dc57c0 JavaThread "Cache worker for Build Output Cleanup Cache (C:\Users\musan\OneDrive\Stride\.gradle\buildOutputCleanup)"        [_thread_blocked, id=27544, stack(0x000000e558e00000,0x000000e558f00000) (1024K)]
  0x00000206c6dc7c50 JavaThread "File watcher server"        daemon [_thread_in_native, id=2396, stack(0x000000e558f00000,0x000000e559000000) (1024K)]
  0x00000206c6dc9240 JavaThread "File watcher consumer"      daemon [_thread_blocked, id=22104, stack(0x000000e559000000,0x000000e559100000) (1024K)]
  0x00000206c6dc5f10 JavaThread "Cache worker for checksums cache (C:\Users\musan\OneDrive\Stride\.gradle\9.0-milestone-1\checksums)"        [_thread_blocked, id=10764, stack(0x000000e556800000,0x000000e556900000) (1024K)]
  0x00000206c6dc9990 JavaThread "Cache worker for file content cache (C:\Users\musan\.gradle\caches\9.0-milestone-1\fileContent)"        [_thread_blocked, id=17488, stack(0x000000e559100000,0x000000e559200000) (1024K)]
  0x00000206c6dc6660 JavaThread "Cache worker for cache directory md-supplier (C:\Users\musan\.gradle\caches\9.0-milestone-1\md-supplier)"        [_thread_blocked, id=3476, stack(0x000000e559200000,0x000000e559300000) (1024K)]
  0x00000206c6dca0e0 JavaThread "Cache worker for cache directory md-rule (C:\Users\musan\.gradle\caches\9.0-milestone-1\md-rule)"        [_thread_blocked, id=10972, stack(0x000000e559300000,0x000000e559400000) (1024K)]
  0x00000206c6dc6db0 JavaThread "jar transforms"                    [_thread_blocked, id=25756, stack(0x000000e559400000,0x000000e559500000) (1024K)]
  0x00000206c6dcbe20 JavaThread "jar transforms Thread 2"           [_thread_blocked, id=18904, stack(0x000000e559500000,0x000000e559600000) (1024K)]
  0x00000206c6dca830 JavaThread "jar transforms Thread 3"           [_thread_blocked, id=15736, stack(0x000000e559600000,0x000000e559700000) (1024K)]
  0x00000206c6dcaf80 JavaThread "Unconstrained build operations"        [_thread_blocked, id=7888, stack(0x000000e559700000,0x000000e559800000) (1024K)]
  0x00000206c6dcb6d0 JavaThread "Unconstrained build operations Thread 2"        [_thread_blocked, id=22640, stack(0x000000e559800000,0x000000e559900000) (1024K)]
  0x00000206c6dcccc0 JavaThread "Unconstrained build operations Thread 3"        [_thread_blocked, id=19956, stack(0x000000e559900000,0x000000e559a00000) (1024K)]
  0x00000206c840c950 JavaThread "Unconstrained build operations Thread 4"        [_thread_blocked, id=16856, stack(0x000000e559a00000,0x000000e559b00000) (1024K)]
  0x00000206c840c200 JavaThread "Unconstrained build operations Thread 5"        [_thread_blocked, id=2980, stack(0x000000e559b00000,0x000000e559c00000) (1024K)]
  0x00000206c840d7f0 JavaThread "Unconstrained build operations Thread 6"        [_thread_blocked, id=21896, stack(0x000000e559c00000,0x000000e559d00000) (1024K)]
  0x00000206c840df40 JavaThread "jar transforms Thread 4"           [_thread_blocked, id=26524, stack(0x000000e559d00000,0x000000e559e00000) (1024K)]
  0x00000206c840bab0 JavaThread "Unconstrained build operations Thread 7"        [_thread_blocked, id=13472, stack(0x000000e559e00000,0x000000e559f00000) (1024K)]
  0x00000206c840e690 JavaThread "Unconstrained build operations Thread 8"        [_thread_blocked, id=18636, stack(0x000000e559f00000,0x000000e55a000000) (1024K)]
  0x00000206c840b360 JavaThread "Unconstrained build operations Thread 9"        [_thread_blocked, id=12448, stack(0x000000e55a000000,0x000000e55a100000) (1024K)]
  0x00000206c6bb1950 JavaThread "Unconstrained build operations Thread 10"        [_thread_blocked, id=18812, stack(0x000000e556900000,0x000000e556a00000) (1024K)]
  0x00000206c6bb1200 JavaThread "Unconstrained build operations Thread 11"        [_thread_blocked, id=18572, stack(0x000000e556a00000,0x000000e556b00000) (1024K)]
  0x00000206c6bafc10 JavaThread "Unconstrained build operations Thread 12"        [_thread_blocked, id=128, stack(0x000000e55a100000,0x000000e55a200000) (1024K)]
  0x00000206c6bb0360 JavaThread "Unconstrained build operations Thread 13"        [_thread_blocked, id=11648, stack(0x000000e55a200000,0x000000e55a300000) (1024K)]
  0x00000206c6bb20a0 JavaThread "Unconstrained build operations Thread 14"        [_thread_blocked, id=17748, stack(0x000000e55a300000,0x000000e55a400000) (1024K)]
  0x00000206c6bb4c80 JavaThread "Unconstrained build operations Thread 15"        [_thread_blocked, id=18492, stack(0x000000e55a400000,0x000000e55a500000) (1024K)]
  0x00000206c6bb27f0 JavaThread "Unconstrained build operations Thread 16"        [_thread_blocked, id=26408, stack(0x000000e55a600000,0x000000e55a700000) (1024K)]
  0x00000206c6bb5b20 JavaThread "Unconstrained build operations Thread 17"        [_thread_blocked, id=16220, stack(0x000000e55a700000,0x000000e55a800000) (1024K)]
  0x00000206c6bb3de0 JavaThread "Unconstrained build operations Thread 18"        [_thread_blocked, id=27272, stack(0x000000e55a800000,0x000000e55a900000) (1024K)]
  0x00000206c6bb6270 JavaThread "File lock release action executor"        [_thread_blocked, id=25108, stack(0x000000e55a500000,0x000000e55a600000) (1024K)]
  0x00000206c5538ab0 JavaThread "build event listener"              [_thread_blocked, id=26700, stack(0x000000e55a900000,0x000000e55aa00000) (1024K)]
  0x00000206c6bb53d0 JavaThread "Memory manager"                    [_thread_blocked, id=23300, stack(0x000000e55aa00000,0x000000e55ab00000) (1024K)]
  0x00000206c6bb7110 JavaThread "build event listener"              [_thread_blocked, id=24608, stack(0x000000e55ab00000,0x000000e55ac00000) (1024K)]
Total: 58

Other Threads:
  0x00000206f946e620 VMThread "VM Thread"                           [id=13588, stack(0x000000e557200000,0x000000e557300000) (1024K)]
  0x00000206f933f560 WatcherThread "VM Periodic Task Thread"        [id=13236, stack(0x000000e557100000,0x000000e557200000) (1024K)]
  0x00000206dce85c00 WorkerThread "GC Thread#0"                     [id=9076, stack(0x000000e556c00000,0x000000e556d00000) (1024K)]
  0x00000206c5cd0670 WorkerThread "GC Thread#1"                     [id=20188, stack(0x000000e557d00000,0x000000e557e00000) (1024K)]
  0x00000206c693ab10 WorkerThread "GC Thread#2"                     [id=18884, stack(0x000000e557e00000,0x000000e557f00000) (1024K)]
  0x00000206c6a52040 WorkerThread "GC Thread#3"                     [id=10328, stack(0x000000e557f00000,0x000000e558000000) (1024K)]
  0x00000206dce9ab60 ConcurrentGCThread "G1 Main Marker"            [id=1984, stack(0x000000e556d00000,0x000000e556e00000) (1024K)]
  0x00000206dce9b580 WorkerThread "G1 Conc#0"                       [id=16708, stack(0x000000e556e00000,0x000000e556f00000) (1024K)]
  0x00000206f93324c0 ConcurrentGCThread "G1 Refine#0"               [id=11812, stack(0x000000e556f00000,0x000000e557000000) (1024K)]
  0x00000206dceebef0 ConcurrentGCThread "G1 Service"                [id=8964, stack(0x000000e557000000,0x000000e557100000) (1024K)]
Total: 10

Threads with active compile tasks:
C2 CompilerThread0  116412 11670   !   4       java.net.URLClassLoader::findClass (77 bytes)
Total: 1

VM state: not at safepoint (normal execution)

VM Mutex/Monitor currently owned by a thread: None

Heap address: 0x0000000080000000, size: 2048 MB, Compressed Oops mode: 32-bit

CDS archive(s) mapped at: [0x0000020680000000-0x0000020680d40000-0x0000020680d40000), size 13893632, SharedBaseAddress: 0x0000020680000000, ArchiveRelocationMode: 1.
Compressed class space mapped at: 0x0000020681000000-0x00000206c1000000, reserved size: 1073741824
UseCompressedClassPointers 1, UseCompactObjectHeaders 0
Narrow klass pointer bits 32, Max shift 3
Narrow klass base: 0x0000020680000000, Narrow klass shift: 0
Encoding Range: [0x0000020680000000 - 0x0000020780000000), (4294967296 bytes)
Klass Range:    [0x0000020680000000 - 0x00000206c1000000), (1090519040 bytes)
Klass ID Range:  [8 - 1090519033) (1090519025)

GC Precious Log:
 CardTable entry size: 512
 Card Set container configuration: InlinePtr #cards 5 size 8 Array Of Cards #cards 10 size 36 Howl #buckets 4 coarsen threshold 1843 Howl Bitmap #cards 512 size 80 coarsen threshold 460 Card regions per heap region 1 cards per card region 2048
 CPUs: 4 total, 4 available
 Memory: 6020M
 Large Page Support: Disabled
 NUMA Support: Disabled
 Compressed Oops: Enabled (32-bit)
 Heap Region Size: 1M
 Heap Min Capacity: 8M
 Heap Initial Capacity: 96M
 Heap Max Capacity: 2G
 Pre-touch: Disabled
 Parallel Workers: 4
 Concurrent Workers: 1
 Concurrent Refinement Workers: 4
 Periodic GC: Disabled

Heap:
 garbage-first heap   total reserved 2097152K, committed 155648K, used 115237K [0x0000000080000000, 0x0000000100000000)
  region size 1024K, 26 young (26624K), 6 survivors (6144K)
 Metaspace       used 88171K, committed 90368K, reserved 1179648K
  class space    used 9805K, committed 10816K, reserved 1048576K

Heap Regions: E=young(eden), S=young(survivor), O=old, HS=humongous(starts), HC=humongous(continues), CS=collection set, F=free, TAMS=top-at-mark-start, PB=parsable bottom
|   0|0x0000000080000000, 0x0000000080100000, 0x0000000080100000|100%| O|  |TAMS 0x0000000080000000| PB 0x0000000080000000| Untracked |  0
|   1|0x0000000080100000, 0x0000000080200000, 0x0000000080200000|100%|HS|  |TAMS 0x0000000080100000| PB 0x0000000080100000| Complete |  0
|   2|0x0000000080200000, 0x0000000080300000, 0x0000000080300000|100%|HC|  |TAMS 0x0000000080200000| PB 0x0000000080200000| Complete |  0
|   3|0x0000000080300000, 0x0000000080400000, 0x0000000080400000|100%|HC|  |TAMS 0x0000000080300000| PB 0x0000000080300000| Complete |  0
|   4|0x0000000080400000, 0x0000000080500000, 0x0000000080500000|100%| O|  |TAMS 0x0000000080400000| PB 0x0000000080400000| Untracked |  0
|   5|0x0000000080500000, 0x0000000080600000, 0x0000000080600000|100%| O|  |TAMS 0x0000000080500000| PB 0x0000000080500000| Untracked |  0
|   6|0x0000000080600000, 0x0000000080700000, 0x0000000080700000|100%| O|  |TAMS 0x0000000080600000| PB 0x0000000080600000| Untracked |  0
|   7|0x0000000080700000, 0x0000000080800000, 0x0000000080800000|100%|HS|  |TAMS 0x0000000080700000| PB 0x0000000080700000| Complete |  0
|   8|0x0000000080800000, 0x0000000080900000, 0x0000000080900000|100%| O|  |TAMS 0x0000000080800000| PB 0x0000000080800000| Untracked |  0
|   9|0x0000000080900000, 0x0000000080a00000, 0x0000000080a00000|100%| O|  |TAMS 0x0000000080900000| PB 0x0000000080900000| Untracked |  0
|  10|0x0000000080a00000, 0x0000000080b00000, 0x0000000080b00000|100%| O|  |TAMS 0x0000000080a00000| PB 0x0000000080a00000| Untracked |  0
|  11|0x0000000080b00000, 0x0000000080c00000, 0x0000000080c00000|100%| O|  |TAMS 0x0000000080b00000| PB 0x0000000080b00000| Untracked |  0
|  12|0x0000000080c00000, 0x0000000080d00000, 0x0000000080d00000|100%| O|  |TAMS 0x0000000080c00000| PB 0x0000000080c00000| Untracked |  0
|  13|0x0000000080d00000, 0x0000000080e00000, 0x0000000080e00000|100%| O|  |TAMS 0x0000000080d00000| PB 0x0000000080d00000| Untracked |  0
|  14|0x0000000080e00000, 0x0000000080f00000, 0x0000000080f00000|100%| O|  |TAMS 0x0000000080e00000| PB 0x0000000080e00000| Untracked |  0
|  15|0x0000000080f00000, 0x0000000081000000, 0x0000000081000000|100%| O|  |TAMS 0x0000000080f00000| PB 0x0000000080f00000| Untracked |  0
|  16|0x0000000081000000, 0x0000000081100000, 0x0000000081100000|100%| O|  |TAMS 0x0000000081000000| PB 0x0000000081000000| Untracked |  0
|  17|0x0000000081100000, 0x0000000081200000, 0x0000000081200000|100%| O|  |TAMS 0x0000000081100000| PB 0x0000000081100000| Untracked |  0
|  18|0x0000000081200000, 0x0000000081300000, 0x0000000081300000|100%| O|  |TAMS 0x0000000081200000| PB 0x0000000081200000| Untracked |  0
|  19|0x0000000081300000, 0x0000000081400000, 0x0000000081400000|100%| O|  |TAMS 0x0000000081300000| PB 0x0000000081300000| Untracked |  0
|  20|0x0000000081400000, 0x0000000081500000, 0x0000000081500000|100%| O|  |TAMS 0x0000000081400000| PB 0x0000000081400000| Untracked |  0
|  21|0x0000000081500000, 0x0000000081600000, 0x0000000081600000|100%| O|  |TAMS 0x0000000081500000| PB 0x0000000081500000| Untracked |  0
|  22|0x0000000081600000, 0x0000000081700000, 0x0000000081700000|100%| O|  |TAMS 0x0000000081600000| PB 0x0000000081600000| Untracked |  0
|  23|0x0000000081700000, 0x0000000081800000, 0x0000000081800000|100%| O|  |TAMS 0x0000000081700000| PB 0x0000000081700000| Untracked |  0
|  24|0x0000000081800000, 0x0000000081900000, 0x0000000081900000|100%| O|  |TAMS 0x0000000081800000| PB 0x0000000081800000| Untracked |  0
|  25|0x0000000081900000, 0x0000000081a00000, 0x0000000081a00000|100%| O|  |TAMS 0x0000000081900000| PB 0x0000000081900000| Untracked |  0
|  26|0x0000000081a00000, 0x0000000081b00000, 0x0000000081b00000|100%| O|  |TAMS 0x0000000081a00000| PB 0x0000000081a00000| Untracked |  0
|  27|0x0000000081b00000, 0x0000000081c00000, 0x0000000081c00000|100%| O|  |TAMS 0x0000000081b00000| PB 0x0000000081b00000| Untracked |  0
|  28|0x0000000081c00000, 0x0000000081d00000, 0x0000000081d00000|100%| O|  |TAMS 0x0000000081c00000| PB 0x0000000081c00000| Untracked |  0
|  29|0x0000000081d00000, 0x0000000081e00000, 0x0000000081e00000|100%| O|  |TAMS 0x0000000081d00000| PB 0x0000000081d00000| Untracked |  0
|  30|0x0000000081e00000, 0x0000000081f00000, 0x0000000081f00000|100%| O|  |TAMS 0x0000000081e00000| PB 0x0000000081e00000| Untracked |  0
|  31|0x0000000081f00000, 0x0000000082000000, 0x0000000082000000|100%| O|  |TAMS 0x0000000081f00000| PB 0x0000000081f00000| Untracked |  0
|  32|0x0000000082000000, 0x0000000082100000, 0x0000000082100000|100%| O|  |TAMS 0x0000000082000000| PB 0x0000000082000000| Untracked |  0
|  33|0x0000000082100000, 0x0000000082200000, 0x0000000082200000|100%| O|  |TAMS 0x0000000082100000| PB 0x0000000082100000| Untracked |  0
|  34|0x0000000082200000, 0x0000000082300000, 0x0000000082300000|100%| O|  |TAMS 0x0000000082200000| PB 0x0000000082200000| Untracked |  0
|  35|0x0000000082300000, 0x0000000082400000, 0x0000000082400000|100%| O|  |TAMS 0x0000000082300000| PB 0x0000000082300000| Untracked |  0
|  36|0x0000000082400000, 0x0000000082500000, 0x0000000082500000|100%| O|  |TAMS 0x0000000082400000| PB 0x0000000082400000| Untracked |  0
|  37|0x0000000082500000, 0x0000000082600000, 0x0000000082600000|100%|HS|  |TAMS 0x0000000082500000| PB 0x0000000082500000| Complete |  0
|  38|0x0000000082600000, 0x0000000082700000, 0x0000000082700000|100%| O|  |TAMS 0x0000000082600000| PB 0x0000000082600000| Untracked |  0
|  39|0x0000000082700000, 0x0000000082800000, 0x0000000082800000|100%| O|  |TAMS 0x0000000082700000| PB 0x0000000082700000| Untracked |  0
|  40|0x0000000082800000, 0x0000000082900000, 0x0000000082900000|100%| O|  |TAMS 0x0000000082800000| PB 0x0000000082800000| Untracked |  0
|  41|0x0000000082900000, 0x0000000082a00000, 0x0000000082a00000|100%| O|  |TAMS 0x0000000082900000| PB 0x0000000082900000| Untracked |  0
|  42|0x0000000082a00000, 0x0000000082b00000, 0x0000000082b00000|100%| O|  |TAMS 0x0000000082a00000| PB 0x0000000082a00000| Untracked |  0
|  43|0x0000000082b00000, 0x0000000082c00000, 0x0000000082c00000|100%| O|  |TAMS 0x0000000082b00000| PB 0x0000000082b00000| Untracked |  0
|  44|0x0000000082c00000, 0x0000000082d00000, 0x0000000082d00000|100%| O|  |TAMS 0x0000000082c00000| PB 0x0000000082c00000| Untracked |  0
|  45|0x0000000082d00000, 0x0000000082e00000, 0x0000000082e00000|100%| O|  |TAMS 0x0000000082d00000| PB 0x0000000082d00000| Untracked |  0
|  46|0x0000000082e00000, 0x0000000082f00000, 0x0000000082f00000|100%| O|  |TAMS 0x0000000082e00000| PB 0x0000000082e00000| Untracked |  0
|  47|0x0000000082f00000, 0x0000000083000000, 0x0000000083000000|100%| O|  |TAMS 0x0000000082f00000| PB 0x0000000082f00000| Untracked |  0
|  48|0x0000000083000000, 0x0000000083000000, 0x0000000083100000|  0%| F|  |TAMS 0x0000000083000000| PB 0x0000000083000000| Untracked |  0
|  49|0x0000000083100000, 0x0000000083200000, 0x0000000083200000|100%| O|  |TAMS 0x0000000083100000| PB 0x0000000083100000| Untracked |  0
|  50|0x0000000083200000, 0x0000000083300000, 0x0000000083300000|100%| O|  |TAMS 0x0000000083200000| PB 0x0000000083200000| Untracked |  0
|  51|0x0000000083300000, 0x0000000083400000, 0x0000000083400000|100%| O|  |TAMS 0x0000000083300000| PB 0x0000000083300000| Untracked |  0
|  52|0x0000000083400000, 0x0000000083500000, 0x0000000083500000|100%| O|  |TAMS 0x0000000083400000| PB 0x0000000083400000| Untracked |  0
|  53|0x0000000083500000, 0x0000000083600000, 0x0000000083600000|100%|HS|  |TAMS 0x0000000083500000| PB 0x0000000083500000| Complete |  0
|  54|0x0000000083600000, 0x0000000083700000, 0x0000000083700000|100%|HS|  |TAMS 0x0000000083600000| PB 0x0000000083600000| Complete |  0
|  55|0x0000000083700000, 0x0000000083800000, 0x0000000083800000|100%|HC|  |TAMS 0x0000000083700000| PB 0x0000000083700000| Complete |  0
|  56|0x0000000083800000, 0x0000000083900000, 0x0000000083900000|100%|HS|  |TAMS 0x0000000083800000| PB 0x0000000083800000| Complete |  0
|  57|0x0000000083900000, 0x0000000083a00000, 0x0000000083a00000|100%|HC|  |TAMS 0x0000000083900000| PB 0x0000000083900000| Complete |  0
|  58|0x0000000083a00000, 0x0000000083b00000, 0x0000000083b00000|100%|HS|  |TAMS 0x0000000083a00000| PB 0x0000000083a00000| Complete |  0
|  59|0x0000000083b00000, 0x0000000083c00000, 0x0000000083c00000|100%|HS|  |TAMS 0x0000000083b00000| PB 0x0000000083b00000| Complete |  0
|  60|0x0000000083c00000, 0x0000000083d00000, 0x0000000083d00000|100%| O|  |TAMS 0x0000000083c00000| PB 0x0000000083c00000| Untracked |  0
|  61|0x0000000083d00000, 0x0000000083e00000, 0x0000000083e00000|100%|HS|  |TAMS 0x0000000083d00000| PB 0x0000000083d00000| Complete |  0
|  62|0x0000000083e00000, 0x0000000083f00000, 0x0000000083f00000|100%|HS|  |TAMS 0x0000000083e00000| PB 0x0000000083e00000| Complete |  0
|  63|0x0000000083f00000, 0x0000000084000000, 0x0000000084000000|100%| O|  |TAMS 0x0000000083f00000| PB 0x0000000083f00000| Untracked |  0
|  64|0x0000000084000000, 0x0000000084100000, 0x0000000084100000|100%| O|  |TAMS 0x0000000084000000| PB 0x0000000084000000| Untracked |  0
|  65|0x0000000084100000, 0x0000000084200000, 0x0000000084200000|100%| O|  |TAMS 0x0000000084100000| PB 0x0000000084100000| Untracked |  0
|  66|0x0000000084200000, 0x0000000084300000, 0x0000000084300000|100%| O|  |TAMS 0x0000000084200000| PB 0x0000000084200000| Untracked |  0
|  67|0x0000000084300000, 0x0000000084400000, 0x0000000084400000|100%| O|  |TAMS 0x0000000084300000| PB 0x0000000084300000| Untracked |  0
|  68|0x0000000084400000, 0x0000000084500000, 0x0000000084500000|100%| O|  |TAMS 0x0000000084400000| PB 0x0000000084400000| Untracked |  0
|  69|0x0000000084500000, 0x0000000084600000, 0x0000000084600000|100%| O|  |TAMS 0x0000000084500000| PB 0x0000000084500000| Untracked |  0
|  70|0x0000000084600000, 0x0000000084700000, 0x0000000084700000|100%| O|  |TAMS 0x0000000084600000| PB 0x0000000084600000| Untracked |  0
|  71|0x0000000084700000, 0x0000000084700000, 0x0000000084800000|  0%| F|  |TAMS 0x0000000084700000| PB 0x0000000084700000| Untracked |  0
|  72|0x0000000084800000, 0x0000000084900000, 0x0000000084900000|100%| O|  |TAMS 0x0000000084800000| PB 0x0000000084800000| Untracked |  0
|  73|0x0000000084900000, 0x0000000084a00000, 0x0000000084a00000|100%|HS|  |TAMS 0x0000000084900000| PB 0x0000000084900000| Complete |  0
|  74|0x0000000084a00000, 0x0000000084b00000, 0x0000000084b00000|100%| O|  |TAMS 0x0000000084a00000| PB 0x0000000084a00000| Untracked |  0
|  75|0x0000000084b00000, 0x0000000084c00000, 0x0000000084c00000|100%| O|  |TAMS 0x0000000084b00000| PB 0x0000000084b00000| Untracked |  0
|  76|0x0000000084c00000, 0x0000000084d00000, 0x0000000084d00000|100%| O|  |TAMS 0x0000000084c00000| PB 0x0000000084c00000| Untracked |  0
|  77|0x0000000084d00000, 0x0000000084e00000, 0x0000000084e00000|100%| O|  |TAMS 0x0000000084d00000| PB 0x0000000084d00000| Untracked |  0
|  78|0x0000000084e00000, 0x0000000084f00000, 0x0000000084f00000|100%| O|  |TAMS 0x0000000084e00000| PB 0x0000000084e00000| Untracked |  0
|  79|0x0000000084f00000, 0x0000000085000000, 0x0000000085000000|100%| O|  |TAMS 0x0000000084f00000| PB 0x0000000084f00000| Untracked |  0
|  80|0x0000000085000000, 0x0000000085100000, 0x0000000085100000|100%| O|  |TAMS 0x0000000085000000| PB 0x0000000085000000| Untracked |  0
|  81|0x0000000085100000, 0x0000000085200000, 0x0000000085200000|100%| O|  |TAMS 0x0000000085100000| PB 0x0000000085100000| Untracked |  0
|  82|0x0000000085200000, 0x0000000085300000, 0x0000000085300000|100%| O|  |TAMS 0x0000000085200000| PB 0x0000000085200000| Untracked |  0
|  83|0x0000000085300000, 0x0000000085300000, 0x0000000085400000|  0%| F|  |TAMS 0x0000000085300000| PB 0x0000000085300000| Untracked |  0
|  84|0x0000000085400000, 0x0000000085500000, 0x0000000085500000|100%| O|  |TAMS 0x0000000085400000| PB 0x0000000085400000| Untracked |  0
|  85|0x0000000085500000, 0x0000000085600000, 0x0000000085600000|100%| O|  |TAMS 0x0000000085500000| PB 0x0000000085500000| Untracked |  0
|  86|0x0000000085600000, 0x000000008565a9d0, 0x0000000085700000| 35%| O|  |TAMS 0x0000000085600000| PB 0x0000000085600000| Untracked |  0
|  87|0x0000000085700000, 0x0000000085700000, 0x0000000085800000|  0%| F|  |TAMS 0x0000000085700000| PB 0x0000000085700000| Untracked |  0
|  88|0x0000000085800000, 0x0000000085800000, 0x0000000085900000|  0%| F|  |TAMS 0x0000000085800000| PB 0x0000000085800000| Untracked |  0
|  89|0x0000000085900000, 0x0000000085900000, 0x0000000085a00000|  0%| F|  |TAMS 0x0000000085900000| PB 0x0000000085900000| Untracked |  0
|  90|0x0000000085a00000, 0x0000000085a00000, 0x0000000085b00000|  0%| F|  |TAMS 0x0000000085a00000| PB 0x0000000085a00000| Untracked |  0
|  91|0x0000000085b00000, 0x0000000085b2edb8, 0x0000000085c00000| 18%| S|CS|TAMS 0x0000000085b00000| PB 0x0000000085b00000| Complete |  0
|  92|0x0000000085c00000, 0x0000000085d00000, 0x0000000085d00000|100%| S|CS|TAMS 0x0000000085c00000| PB 0x0000000085c00000| Complete |  0
|  93|0x0000000085d00000, 0x0000000085e00000, 0x0000000085e00000|100%| S|CS|TAMS 0x0000000085d00000| PB 0x0000000085d00000| Complete |  0
|  94|0x0000000085e00000, 0x0000000085f00000, 0x0000000085f00000|100%| S|CS|TAMS 0x0000000085e00000| PB 0x0000000085e00000| Complete |  0
|  95|0x0000000085f00000, 0x0000000086000000, 0x0000000086000000|100%| S|CS|TAMS 0x0000000085f00000| PB 0x0000000085f00000| Complete |  0
|  96|0x0000000086000000, 0x0000000086100000, 0x0000000086100000|100%| S|CS|TAMS 0x0000000086000000| PB 0x0000000086000000| Complete |  0
|  97|0x0000000086100000, 0x0000000086100000, 0x0000000086200000|  0%| F|  |TAMS 0x0000000086100000| PB 0x0000000086100000| Untracked |  0
|  98|0x0000000086200000, 0x0000000086200000, 0x0000000086300000|  0%| F|  |TAMS 0x0000000086200000| PB 0x0000000086200000| Untracked |  0
|  99|0x0000000086300000, 0x0000000086300000, 0x0000000086400000|  0%| F|  |TAMS 0x0000000086300000| PB 0x0000000086300000| Untracked |  0
| 100|0x0000000086400000, 0x0000000086400000, 0x0000000086500000|  0%| F|  |TAMS 0x0000000086400000| PB 0x0000000086400000| Untracked |  0
| 101|0x0000000086500000, 0x0000000086500000, 0x0000000086600000|  0%| F|  |TAMS 0x0000000086500000| PB 0x0000000086500000| Untracked |  0
| 102|0x0000000086600000, 0x0000000086600000, 0x0000000086700000|  0%| F|  |TAMS 0x0000000086600000| PB 0x0000000086600000| Untracked |  0
| 103|0x0000000086700000, 0x0000000086700000, 0x0000000086800000|  0%| F|  |TAMS 0x0000000086700000| PB 0x0000000086700000| Untracked |  0
| 104|0x0000000086800000, 0x0000000086800000, 0x0000000086900000|  0%| F|  |TAMS 0x0000000086800000| PB 0x0000000086800000| Untracked |  0
| 105|0x0000000086900000, 0x0000000086900000, 0x0000000086a00000|  0%| F|  |TAMS 0x0000000086900000| PB 0x0000000086900000| Untracked |  0
| 106|0x0000000086a00000, 0x0000000086a00000, 0x0000000086b00000|  0%| F|  |TAMS 0x0000000086a00000| PB 0x0000000086a00000| Untracked |  0
| 107|0x0000000086b00000, 0x0000000086b00000, 0x0000000086c00000|  0%| F|  |TAMS 0x0000000086b00000| PB 0x0000000086b00000| Untracked |  0
| 108|0x0000000086c00000, 0x0000000086c00000, 0x0000000086d00000|  0%| F|  |TAMS 0x0000000086c00000| PB 0x0000000086c00000| Untracked |  0
| 109|0x0000000086d00000, 0x0000000086d00000, 0x0000000086e00000|  0%| F|  |TAMS 0x0000000086d00000| PB 0x0000000086d00000| Untracked |  0
| 110|0x0000000086e00000, 0x0000000086e00000, 0x0000000086f00000|  0%| F|  |TAMS 0x0000000086e00000| PB 0x0000000086e00000| Untracked |  0
| 111|0x0000000086f00000, 0x0000000086f00000, 0x0000000087000000|  0%| F|  |TAMS 0x0000000086f00000| PB 0x0000000086f00000| Untracked |  0
| 112|0x0000000087000000, 0x0000000087000000, 0x0000000087100000|  0%| F|  |TAMS 0x0000000087000000| PB 0x0000000087000000| Untracked |  0
| 113|0x0000000087100000, 0x0000000087100000, 0x0000000087200000|  0%| F|  |TAMS 0x0000000087100000| PB 0x0000000087100000| Untracked |  0
| 114|0x0000000087200000, 0x0000000087200000, 0x0000000087300000|  0%| F|  |TAMS 0x0000000087200000| PB 0x0000000087200000| Untracked |  0
| 115|0x0000000087300000, 0x0000000087300000, 0x0000000087400000|  0%| F|  |TAMS 0x0000000087300000| PB 0x0000000087300000| Untracked |  0
| 116|0x0000000087400000, 0x0000000087400000, 0x0000000087500000|  0%| F|  |TAMS 0x0000000087400000| PB 0x0000000087400000| Untracked |  0
| 117|0x0000000087500000, 0x0000000087500000, 0x0000000087600000|  0%| F|  |TAMS 0x0000000087500000| PB 0x0000000087500000| Untracked |  0
| 118|0x0000000087600000, 0x0000000087600000, 0x0000000087700000|  0%| F|  |TAMS 0x0000000087600000| PB 0x0000000087600000| Untracked |  0
| 119|0x0000000087700000, 0x0000000087700000, 0x0000000087800000|  0%| F|  |TAMS 0x0000000087700000| PB 0x0000000087700000| Untracked |  0
| 120|0x0000000087800000, 0x0000000087800000, 0x0000000087900000|  0%| F|  |TAMS 0x0000000087800000| PB 0x0000000087800000| Untracked |  0
| 121|0x0000000087900000, 0x0000000087900000, 0x0000000087a00000|  0%| F|  |TAMS 0x0000000087900000| PB 0x0000000087900000| Untracked |  0
| 122|0x0000000087a00000, 0x0000000087a00000, 0x0000000087b00000|  0%| F|  |TAMS 0x0000000087a00000| PB 0x0000000087a00000| Untracked |  0
| 123|0x0000000087b00000, 0x0000000087b00000, 0x0000000087c00000|  0%| F|  |TAMS 0x0000000087b00000| PB 0x0000000087b00000| Untracked |  0
| 124|0x0000000087c00000, 0x0000000087c00000, 0x0000000087d00000|  0%| F|  |TAMS 0x0000000087c00000| PB 0x0000000087c00000| Untracked |  0
| 125|0x0000000087d00000, 0x0000000087d00000, 0x0000000087e00000|  0%| F|  |TAMS 0x0000000087d00000| PB 0x0000000087d00000| Untracked |  0
| 126|0x0000000087e00000, 0x0000000087e00000, 0x0000000087f00000|  0%| F|  |TAMS 0x0000000087e00000| PB 0x0000000087e00000| Untracked |  0
| 127|0x0000000087f00000, 0x0000000088000000, 0x0000000088000000|100%| E|  |TAMS 0x0000000087f00000| PB 0x0000000087f00000| Complete |  0
| 128|0x0000000088000000, 0x0000000088100000, 0x0000000088100000|100%| E|CS|TAMS 0x0000000088000000| PB 0x0000000088000000| Complete |  0
| 129|0x0000000088100000, 0x0000000088200000, 0x0000000088200000|100%| E|CS|TAMS 0x0000000088100000| PB 0x0000000088100000| Complete |  0
| 130|0x0000000088200000, 0x0000000088300000, 0x0000000088300000|100%| E|CS|TAMS 0x0000000088200000| PB 0x0000000088200000| Complete |  0
| 131|0x0000000088300000, 0x0000000088400000, 0x0000000088400000|100%| E|CS|TAMS 0x0000000088300000| PB 0x0000000088300000| Complete |  0
| 132|0x0000000088400000, 0x0000000088500000, 0x0000000088500000|100%| E|CS|TAMS 0x0000000088400000| PB 0x0000000088400000| Complete |  0
| 133|0x0000000088500000, 0x0000000088600000, 0x0000000088600000|100%| E|CS|TAMS 0x0000000088500000| PB 0x0000000088500000| Complete |  0
| 134|0x0000000088600000, 0x0000000088700000, 0x0000000088700000|100%| E|CS|TAMS 0x0000000088600000| PB 0x0000000088600000| Complete |  0
| 135|0x0000000088700000, 0x0000000088800000, 0x0000000088800000|100%| E|CS|TAMS 0x0000000088700000| PB 0x0000000088700000| Complete |  0
| 136|0x0000000088800000, 0x0000000088900000, 0x0000000088900000|100%| E|CS|TAMS 0x0000000088800000| PB 0x0000000088800000| Complete |  0
| 137|0x0000000088900000, 0x0000000088a00000, 0x0000000088a00000|100%| E|CS|TAMS 0x0000000088900000| PB 0x0000000088900000| Complete |  0
| 138|0x0000000088a00000, 0x0000000088b00000, 0x0000000088b00000|100%| E|CS|TAMS 0x0000000088a00000| PB 0x0000000088a00000| Complete |  0
| 139|0x0000000088b00000, 0x0000000088c00000, 0x0000000088c00000|100%| E|CS|TAMS 0x0000000088b00000| PB 0x0000000088b00000| Complete |  0
| 140|0x0000000088c00000, 0x0000000088d00000, 0x0000000088d00000|100%| E|CS|TAMS 0x0000000088c00000| PB 0x0000000088c00000| Complete |  0
| 141|0x0000000088d00000, 0x0000000088e00000, 0x0000000088e00000|100%| E|CS|TAMS 0x0000000088d00000| PB 0x0000000088d00000| Complete |  0
| 142|0x0000000088e00000, 0x0000000088f00000, 0x0000000088f00000|100%| E|CS|TAMS 0x0000000088e00000| PB 0x0000000088e00000| Complete |  0
|2039|0x00000000ff700000, 0x00000000ff800000, 0x00000000ff800000|100%| O|  |TAMS 0x00000000ff700000| PB 0x00000000ff700000| Untracked |  0
|2040|0x00000000ff800000, 0x00000000ff900000, 0x00000000ff900000|100%| O|  |TAMS 0x00000000ff800000| PB 0x00000000ff800000| Untracked |  0
|2041|0x00000000ff900000, 0x00000000ffa00000, 0x00000000ffa00000|100%| O|  |TAMS 0x00000000ff900000| PB 0x00000000ff900000| Untracked |  0
|2042|0x00000000ffa00000, 0x00000000ffb00000, 0x00000000ffb00000|100%| E|CS|TAMS 0x00000000ffa00000| PB 0x00000000ffa00000| Complete |  0
|2043|0x00000000ffb00000, 0x00000000ffc00000, 0x00000000ffc00000|100%| E|CS|TAMS 0x00000000ffb00000| PB 0x00000000ffb00000| Complete |  0
|2044|0x00000000ffc00000, 0x00000000ffd00000, 0x00000000ffd00000|100%| O|  |TAMS 0x00000000ffc00000| PB 0x00000000ffc00000| Untracked |  0
|2045|0x00000000ffd00000, 0x00000000ffe00000, 0x00000000ffe00000|100%| E|CS|TAMS 0x00000000ffd00000| PB 0x00000000ffd00000| Complete |  0
|2046|0x00000000ffe00000, 0x00000000fff00000, 0x00000000fff00000|100%| O|  |TAMS 0x00000000ffe00000| PB 0x00000000ffe00000| Untracked |  0
|2047|0x00000000fff00000, 0x0000000100000000, 0x0000000100000000|100%| E|CS|TAMS 0x00000000fff00000| PB 0x00000000fff00000| Complete |  0

Card table byte_map: [0x00000206f4ad0000,0x00000206f4ed0000] _byte_map_base: 0x00000206f46d0000

Marking Bits: (CMBitMap*) 0x00000206dce86220
 Bits: [0x00000206f4ed0000, 0x00000206f6ed0000)

Polling page: 0x00000206dac50000

Metaspace:

Usage:
  Non-class:     76.53 MB used.
      Class:      9.58 MB used.
       Both:     86.10 MB used.

Virtual space:
  Non-class space:      128.00 MB reserved,      77.69 MB ( 61%) committed,  2 nodes.
      Class space:        1.00 GB reserved,      10.56 MB (  1%) committed,  1 nodes.
             Both:        1.12 GB reserved,      88.25 MB (  8%) committed. 

Chunk freelists:
   Non-Class:  2.31 MB
       Class:  5.34 MB
        Both:  7.65 MB

MaxMetaspaceSize: unlimited
CompressedClassSpaceSize: 1.00 GB
Initial GC threshold: 21.00 MB
Current GC threshold: 137.19 MB
CDS: on
 - commit_granule_bytes: 65536.
 - commit_granule_words: 8192.
 - virtual_space_node_default_size: 8388608.
 - enlarge_chunks_in_place: 1.
UseCompressedClassPointers 1, UseCompactObjectHeaders 0
Narrow klass pointer bits 32, Max shift 3
Narrow klass base: 0x0000020680000000, Narrow klass shift: 0
Encoding Range: [0x0000020680000000 - 0x0000020780000000), (4294967296 bytes)
Klass Range:    [0x0000020680000000 - 0x00000206c1000000), (1090519040 bytes)
Klass ID Range:  [8 - 1090519033) (1090519025)


Internal statistics:

num_allocs_failed_limit: 6.
num_arena_births: 3710.
num_arena_deaths: 0.
num_vsnodes_births: 3.
num_vsnodes_deaths: 0.
num_space_committed: 1412.
num_space_uncommitted: 0.
num_chunks_returned_to_freelist: 6.
num_chunks_taken_from_freelist: 7453.
num_chunk_merges: 6.
num_chunk_splits: 4999.
num_chunks_enlarged: 3240.
num_inconsistent_stats: 0.

CodeHeap 'non-profiled nmethods': size=120064Kb used=4653Kb max_used=4653Kb free=115410Kb
 bounds [0x00000206ed190000, 0x00000206ed620000, 0x00000206f46d0000]
CodeHeap 'profiled nmethods': size=120000Kb used=15314Kb max_used=15314Kb free=104685Kb
 bounds [0x00000206e56d0000, 0x00000206e65d0000, 0x00000206ecc00000]
CodeHeap 'non-nmethods': size=5696Kb used=2703Kb max_used=2804Kb free=2992Kb
 bounds [0x00000206ecc00000, 0x00000206ecee0000, 0x00000206ed190000]
CodeCache: size=245760Kb, used=22670Kb, max_used=22771Kb, free=223087Kb
 total_blobs=10879, nmethods=9882, adapters=899, full_count=0
Compilation: enabled, stopped_count=0, restarted_count=0

Compilation events (20 events):
Event: 115.895 Thread 0x00000206f94a6b40 nmethod 11667 0x00000206e65c0708 code [0x00000206e65c0840, 0x00000206e65c0ab8]
Event: 115.957 Thread 0x00000206f94a6b40 11668       3       org.gradle.api.internal.project.DefaultProject_Decorated::getCrossProjectModelAccess (32 bytes)
Event: 115.958 Thread 0x00000206f94a6b40 nmethod 11668 0x00000206e65c0b08 code [0x00000206e65c0c80, 0x00000206e65c12c0]
Event: 116.006 Thread 0x00000206f94909f0 11669       4       java.lang.StringLatin1::lastIndexOf (40 bytes)
Event: 116.009 Thread 0x00000206f94909f0 nmethod 11669 0x00000206ed61a688 code [0x00000206ed61a780, 0x00000206ed61a888]
Event: 116.019 Thread 0x00000206f94909f0 11670   !   4       java.net.URLClassLoader::findClass (77 bytes)
Event: 116.021 Thread 0x00000206f94a6b40 11671       1       com.android.build.api.artifact.impl.ArtifactContainer::getCurrent (5 bytes)
Event: 116.022 Thread 0x00000206f94a6b40 nmethod 11671 0x00000206ed61a988 code [0x00000206ed61aa80, 0x00000206ed61ab48]
Event: 116.134 Thread 0x00000206f94a6b40 11673       3       java.util.StringTokenizer::nextToken (92 bytes)
Event: 116.135 Thread 0x00000206f94a6b40 nmethod 11673 0x00000206e65c1388 code [0x00000206e65c14e0, 0x00000206e65c18d8]
Event: 116.158 Thread 0x00000206f94a6b40 11674       3       org.apache.commons.lang.text.StrBuilder::append (18 bytes)
Event: 116.159 Thread 0x00000206f94a6b40 nmethod 11674 0x00000206e65c1908 code [0x00000206e65c1a60, 0x00000206e65c1dc8]
Event: 116.162 Thread 0x00000206f94a6b40 11675       3       org.gradle.api.internal.file.DefaultFilePropertyFactory::newDirectoryProperty (20 bytes)
Event: 116.163 Thread 0x00000206f94a6b40 nmethod 11675 0x00000206e65c1e08 code [0x00000206e65c2000, 0x00000206e65c2e48]
Event: 116.163 Thread 0x00000206f94a6b40 11676       3       org.gradle.api.internal.file.DefaultFilePropertyFactory$DefaultDirectoryVar::<init> (18 bytes)
Event: 116.165 Thread 0x00000206f94a6b40 nmethod 11676 0x00000206e65c2f88 code [0x00000206e65c3180, 0x00000206e65c3ef8]
Event: 116.172 Thread 0x00000206f94a6b40 11678       3       org.gradle.api.internal.model.DefaultObjectFactory::directoryProperty (10 bytes)
Event: 116.173 Thread 0x00000206f94a6b40 nmethod 11678 0x00000206e65c4008 code [0x00000206e65c4120, 0x00000206e65c42b8]
Event: 116.173 Thread 0x00000206f94a6b40 11677       1       com.android.build.api.artifact.impl.ArtifactsImpl::getObjects (5 bytes)
Event: 116.173 Thread 0x00000206f94a6b40 nmethod 11677 0x00000206ed61ac88 code [0x00000206ed61ad80, 0x00000206ed61ae48]

GC Heap History (20 events):
Event: 81.823 GC heap before
{Heap before GC invocations=30 (full 0):
 garbage-first heap   total reserved 2097152K, committed 106496K, used 95308K [0x0000000080000000, 0x0000000100000000)
  region size 1024K, 24 young (24576K), 4 survivors (4096K)
 Metaspace       used 61136K, committed 62976K, reserved 1114112K
  class space    used 6905K, committed 7744K, reserved 1048576K
}
Event: 81.835 GC heap after
{Heap after GC invocations=31 (full 0):
 garbage-first heap   total reserved 2097152K, committed 128000K, used 78076K [0x0000000080000000, 0x0000000100000000)
  region size 1024K, 3 young (3072K), 3 survivors (3072K)
 Metaspace       used 61136K, committed 62976K, reserved 1114112K
  class space    used 6905K, committed 7744K, reserved 1048576K
}
Event: 83.559 GC heap before
{Heap before GC invocations=31 (full 0):
 garbage-first heap   total reserved 2097152K, committed 128000K, used 111868K [0x0000000080000000, 0x0000000100000000)
  region size 1024K, 36 young (36864K), 3 survivors (3072K)
 Metaspace       used 64303K, committed 66176K, reserved 1114112K
  class space    used 7192K, committed 8064K, reserved 1048576K
}
Event: 83.566 GC heap after
{Heap after GC invocations=32 (full 0):
 garbage-first heap   total reserved 2097152K, committed 128000K, used 79099K [0x0000000080000000, 0x0000000100000000)
  region size 1024K, 2 young (2048K), 2 survivors (2048K)
 Metaspace       used 64303K, committed 66176K, reserved 1114112K
  class space    used 7192K, committed 8064K, reserved 1048576K
}
Event: 85.259 GC heap before
{Heap before GC invocations=33 (full 0):
 garbage-first heap   total reserved 2097152K, committed 133120K, used 111867K [0x0000000080000000, 0x0000000100000000)
  region size 1024K, 35 young (35840K), 2 survivors (2048K)
 Metaspace       used 68065K, committed 70080K, reserved 1114112K
  class space    used 7640K, committed 8576K, reserved 1048576K
}
Event: 85.266 GC heap after
{Heap after GC invocations=34 (full 0):
 garbage-first heap   total reserved 2097152K, committed 133120K, used 79348K [0x0000000080000000, 0x0000000100000000)
  region size 1024K, 3 young (3072K), 3 survivors (3072K)
 Metaspace       used 68065K, committed 70080K, reserved 1114112K
  class space    used 7640K, committed 8576K, reserved 1048576K
}
Event: 87.363 GC heap before
{Heap before GC invocations=34 (full 0):
 garbage-first heap   total reserved 2097152K, committed 133120K, used 124404K [0x0000000080000000, 0x0000000100000000)
  region size 1024K, 42 young (43008K), 3 survivors (3072K)
 Metaspace       used 71127K, committed 73152K, reserved 1114112K
  class space    used 7878K, committed 8832K, reserved 1048576K
}
Event: 87.382 GC heap after
{Heap after GC invocations=35 (full 0):
 garbage-first heap   total reserved 2097152K, committed 134144K, used 83200K [0x0000000080000000, 0x0000000100000000)
  region size 1024K, 6 young (6144K), 6 survivors (6144K)
 Metaspace       used 71127K, committed 73152K, reserved 1114112K
  class space    used 7878K, committed 8832K, reserved 1048576K
}
Event: 94.096 GC heap before
{Heap before GC invocations=35 (full 0):
 garbage-first heap   total reserved 2097152K, committed 134144K, used 118016K [0x0000000080000000, 0x0000000100000000)
  region size 1024K, 41 young (41984K), 6 survivors (6144K)
 Metaspace       used 73551K, committed 75520K, reserved 1179648K
  class space    used 8149K, committed 9088K, reserved 1048576K
}
Event: 94.114 GC heap after
{Heap after GC invocations=36 (full 0):
 garbage-first heap   total reserved 2097152K, committed 134144K, used 85579K [0x0000000080000000, 0x0000000100000000)
  region size 1024K, 2 young (2048K), 2 survivors (2048K)
 Metaspace       used 73551K, committed 75520K, reserved 1179648K
  class space    used 8149K, committed 9088K, reserved 1048576K
}
Event: 107.139 GC heap before
{Heap before GC invocations=37 (full 0):
 garbage-first heap   total reserved 2097152K, committed 143360K, used 122443K [0x0000000080000000, 0x0000000100000000)
  region size 1024K, 38 young (38912K), 2 survivors (2048K)
 Metaspace       used 77481K, committed 79424K, reserved 1179648K
  class space    used 8553K, committed 9472K, reserved 1048576K
}
Event: 107.151 GC heap after
{Heap after GC invocations=38 (full 0):
 garbage-first heap   total reserved 2097152K, committed 143360K, used 87424K [0x0000000080000000, 0x0000000100000000)
  region size 1024K, 4 young (4096K), 4 survivors (4096K)
 Metaspace       used 77481K, committed 79424K, reserved 1179648K
  class space    used 8553K, committed 9472K, reserved 1048576K
}
Event: 109.406 GC heap before
{Heap before GC invocations=38 (full 0):
 garbage-first heap   total reserved 2097152K, committed 143360K, used 131456K [0x0000000080000000, 0x0000000100000000)
  region size 1024K, 47 young (48128K), 4 survivors (4096K)
 Metaspace       used 80357K, committed 82432K, reserved 1179648K
  class space    used 8881K, committed 9856K, reserved 1048576K
}
Event: 109.416 GC heap after
{Heap after GC invocations=39 (full 0):
 garbage-first heap   total reserved 2097152K, committed 143360K, used 88029K [0x0000000080000000, 0x0000000100000000)
  region size 1024K, 4 young (4096K), 4 survivors (4096K)
 Metaspace       used 80357K, committed 82432K, reserved 1179648K
  class space    used 8881K, committed 9856K, reserved 1048576K
}
Event: 110.625 GC heap before
{Heap before GC invocations=39 (full 0):
 garbage-first heap   total reserved 2097152K, committed 143360K, used 131037K [0x0000000080000000, 0x0000000100000000)
  region size 1024K, 46 young (47104K), 4 survivors (4096K)
 Metaspace       used 82206K, committed 84288K, reserved 1179648K
  class space    used 9110K, committed 10112K, reserved 1048576K
}
Event: 110.638 GC heap after
{Heap after GC invocations=40 (full 0):
 garbage-first heap   total reserved 2097152K, committed 143360K, used 92810K [0x0000000080000000, 0x0000000100000000)
  region size 1024K, 6 young (6144K), 6 survivors (6144K)
 Metaspace       used 82206K, committed 84288K, reserved 1179648K
  class space    used 9110K, committed 10112K, reserved 1048576K
}
Event: 112.126 GC heap before
{Heap before GC invocations=41 (full 0):
 garbage-first heap   total reserved 2097152K, committed 155648K, used 127626K [0x0000000080000000, 0x0000000100000000)
  region size 1024K, 40 young (40960K), 6 survivors (6144K)
 Metaspace       used 83307K, committed 85376K, reserved 1179648K
  class space    used 9232K, committed 10176K, reserved 1048576K
}
Event: 112.139 GC heap after
{Heap after GC invocations=42 (full 0):
 garbage-first heap   total reserved 2097152K, committed 155648K, used 95017K [0x0000000080000000, 0x0000000100000000)
  region size 1024K, 4 young (4096K), 4 survivors (4096K)
 Metaspace       used 83307K, committed 85376K, reserved 1179648K
  class space    used 9232K, committed 10176K, reserved 1048576K
}
Event: 114.473 GC heap before
{Heap before GC invocations=42 (full 0):
 garbage-first heap   total reserved 2097152K, committed 155648K, used 142121K [0x0000000080000000, 0x0000000100000000)
  region size 1024K, 49 young (50176K), 4 survivors (4096K)
 Metaspace       used 86517K, committed 88640K, reserved 1179648K
  class space    used 9620K, committed 10624K, reserved 1048576K
}
Event: 114.498 GC heap after
{Heap after GC invocations=43 (full 0):
 garbage-first heap   total reserved 2097152K, committed 155648K, used 95781K [0x0000000080000000, 0x0000000100000000)
  region size 1024K, 6 young (6144K), 6 survivors (6144K)
 Metaspace       used 86517K, committed 88640K, reserved 1179648K
  class space    used 9620K, committed 10624K, reserved 1048576K
}

Dll operation events (15 events):
Event: 0.049 Loaded shared library C:\Program Files\Java\jdk-24\bin\java.dll
Event: 0.172 Loaded shared library C:\Program Files\Java\jdk-24\bin\jsvml.dll
Event: 0.463 Loaded shared library C:\Program Files\Java\jdk-24\bin\zip.dll
Event: 0.473 Loaded shared library C:\Program Files\Java\jdk-24\bin\instrument.dll
Event: 0.486 Loaded shared library C:\Program Files\Java\jdk-24\bin\net.dll
Event: 0.492 Loaded shared library C:\Program Files\Java\jdk-24\bin\nio.dll
Event: 0.500 Loaded shared library C:\Program Files\Java\jdk-24\bin\zip.dll
Event: 2.134 Loaded shared library C:\Program Files\Java\jdk-24\bin\jimage.dll
Event: 3.007 Loaded shared library C:\Program Files\Java\jdk-24\bin\verify.dll
Event: 3.450 Loaded shared library C:\Users\musan\.gradle\native\1def1411415f61bf3af743bc5b6707747c0891f09f0c88961ee8f79bc544acac\windows-amd64\native-platform.dll
Event: 3.503 Loaded shared library C:\Users\musan\.gradle\native\0.2.7\x86_64-windows-gnu\gradle-fileevents.dll
Event: 9.305 Loaded shared library C:\Program Files\Java\jdk-24\bin\management.dll
Event: 9.327 Loaded shared library C:\Program Files\Java\jdk-24\bin\management_ext.dll
Event: 10.069 Loaded shared library C:\Program Files\Java\jdk-24\bin\extnet.dll
Event: 11.145 Loaded shared library C:\Program Files\Java\jdk-24\bin\sunmscapi.dll

Deoptimization events (20 events):
Event: 115.897 Thread 0x00000206c5539200 Uncommon trap: trap_request=0xffffffc6 fr.pc=0x00000206ed60ee14 relative=0x0000000000000234
Event: 115.897 Thread 0x00000206c5539200 Uncommon trap: reason=bimorphic_or_optimized_type_check action=maybe_recompile pc=0x00000206ed60ee14 method=java.util.regex.Pattern.lambda$union$0(Ljava/util/regex/Pattern$CharPredicate;Ljava/util/regex/Pattern$CharPredicate;I)Z @ 2 c2
Event: 115.897 Thread 0x00000206c5539200 DEOPT PACKING pc=0x00000206ed60ee14 sp=0x000000e5586f8ec0
Event: 115.897 Thread 0x00000206c5539200 DEOPT UNPACKING pc=0x00000206ecd16e82 sp=0x000000e5586f8df8 mode 2
Event: 115.898 Thread 0x00000206c5539200 Uncommon trap: trap_request=0xffffffc6 fr.pc=0x00000206ed60ee14 relative=0x0000000000000234
Event: 115.898 Thread 0x00000206c5539200 Uncommon trap: reason=bimorphic_or_optimized_type_check action=maybe_recompile pc=0x00000206ed60ee14 method=java.util.regex.Pattern.lambda$union$0(Ljava/util/regex/Pattern$CharPredicate;Ljava/util/regex/Pattern$CharPredicate;I)Z @ 2 c2
Event: 115.898 Thread 0x00000206c5539200 DEOPT PACKING pc=0x00000206ed60ee14 sp=0x000000e5586f8ec0
Event: 115.898 Thread 0x00000206c5539200 DEOPT UNPACKING pc=0x00000206ecd16e82 sp=0x000000e5586f8df8 mode 2
Event: 115.898 Thread 0x00000206c5539200 Uncommon trap: trap_request=0xffffffc6 fr.pc=0x00000206ed60ee14 relative=0x0000000000000234
Event: 115.898 Thread 0x00000206c5539200 Uncommon trap: reason=bimorphic_or_optimized_type_check action=maybe_recompile pc=0x00000206ed60ee14 method=java.util.regex.Pattern.lambda$union$0(Ljava/util/regex/Pattern$CharPredicate;Ljava/util/regex/Pattern$CharPredicate;I)Z @ 2 c2
Event: 115.898 Thread 0x00000206c5539200 DEOPT PACKING pc=0x00000206ed60ee14 sp=0x000000e5586f8c60
Event: 115.898 Thread 0x00000206c5539200 DEOPT UNPACKING pc=0x00000206ecd16e82 sp=0x000000e5586f8b98 mode 2
Event: 115.898 Thread 0x00000206c5539200 Uncommon trap: trap_request=0xffffffc6 fr.pc=0x00000206ed60ee14 relative=0x0000000000000234
Event: 115.898 Thread 0x00000206c5539200 Uncommon trap: reason=bimorphic_or_optimized_type_check action=maybe_recompile pc=0x00000206ed60ee14 method=java.util.regex.Pattern.lambda$union$0(Ljava/util/regex/Pattern$CharPredicate;Ljava/util/regex/Pattern$CharPredicate;I)Z @ 2 c2
Event: 115.898 Thread 0x00000206c5539200 DEOPT PACKING pc=0x00000206ed60ee14 sp=0x000000e5586f8c60
Event: 115.898 Thread 0x00000206c5539200 DEOPT UNPACKING pc=0x00000206ecd16e82 sp=0x000000e5586f8b98 mode 2
Event: 115.923 Thread 0x00000206c5539200 Uncommon trap: trap_request=0xffffff6e fr.pc=0x00000206ed1b0314 relative=0x0000000000000174
Event: 115.923 Thread 0x00000206c5539200 Uncommon trap: reason=loop_limit_check action=maybe_recompile pc=0x00000206ed1b0314 method=java.lang.StringLatin1.lastIndexOf([BII)I @ 19 c2
Event: 115.923 Thread 0x00000206c5539200 DEOPT PACKING pc=0x00000206ed1b0314 sp=0x000000e5586f8fd0
Event: 115.926 Thread 0x00000206c5539200 DEOPT UNPACKING pc=0x00000206ecd16e82 sp=0x000000e5586f8f50 mode 2

Classes loaded (20 events):
Event: 109.446 Loading class jdk/internal/io/JdkConsoleImpl
Event: 109.446 Loading class jdk/internal/io/JdkConsoleImpl done
Event: 109.447 Loading class jdk/internal/io/JdkConsoleImpl$2
Event: 109.447 Loading class jdk/internal/io/JdkConsoleImpl$2 done
Event: 109.448 Loading class jdk/internal/io/JdkConsoleImpl$LineReader
Event: 109.448 Loading class jdk/internal/io/JdkConsoleImpl$LineReader done
Event: 109.448 Loading class java/io/ProxyingConsole
Event: 109.449 Loading class java/io/ProxyingConsole done
Event: 109.449 Loading class java/io/Console$1
Event: 109.449 Loading class jdk/internal/access/JavaIOAccess
Event: 109.450 Loading class jdk/internal/access/JavaIOAccess done
Event: 109.450 Loading class java/io/Console$1 done
Event: 110.023 Loading class java/util/zip/ZipOutputStream
Event: 110.024 Loading class java/util/zip/ZipOutputStream done
Event: 113.884 Loading class sun/reflect/generics/repository/FieldRepository
Event: 113.885 Loading class sun/reflect/generics/repository/FieldRepository done
Event: 113.920 Loading class jdk/internal/vm/annotation/ForceInline
Event: 113.921 Loading class jdk/internal/vm/annotation/ForceInline done
Event: 114.095 Loading class java/util/regex/Pattern$Caret
Event: 114.096 Loading class java/util/regex/Pattern$Caret done

Classes unloaded (0 events):
No events

Classes redefined (0 events):
No events

Internal exceptions (20 events):
Event: 100.663 Thread 0x00000206c5539200 Exception <a 'java/lang/NoSuchMethodError'{0x00000000871e10e0}: static Lorg/jetbrains/kotlin/gradle/plugin/internal/DefaultConfigurationCacheStartParameterAccessorVariantFactory;.<clinit>()V> (0x00000000871e10e0) 
thrown [s\open\src\hotspot\share\prims\jni.cpp, line 1108]
Event: 101.577 Thread 0x00000206c5539200 Exception <a 'java/lang/IncompatibleClassChangeError'{0x0000000086f59e68}: Found class java.lang.Object, but interface was expected> (0x0000000086f59e68) 
thrown [s\open\src\hotspot\share\interpreter\linkResolver.cpp, line 872]
Event: 105.970 Thread 0x00000206c5539200 Exception <a 'java/lang/NoSuchMethodError'{0x00000000865da838}: static Ljava/lang/Object;.<clinit>()V> (0x00000000865da838) 
thrown [s\open\src\hotspot\share\prims\jni.cpp, line 1108]
Event: 106.049 Thread 0x00000206c5539200 Exception <a 'java/lang/NoSuchMethodError'{0x0000000086423f90}: static Lorg/jetbrains/kotlin/gradle/plugin/statistics/MetricContainer;.<clinit>()V> (0x0000000086423f90) 
thrown [s\open\src\hotspot\share\prims\jni.cpp, line 1108]
Event: 107.887 Thread 0x00000206c5539200 Exception <a 'java/lang/NoSuchMethodError'{0x0000000087eacad0}: 'java.lang.Object java.lang.invoke.DirectMethodHandle$Holder.newInvokeSpecial(java.lang.Object, java.lang.Object, java.lang.Object, java.lang.Object, java.lang.Object, java.lang.Object, java.lang.Object, java.lang.Object, java.lang.Object, java.lang.Object, java.lang.Object, java.lang.Object, java.lang.Object, java.lang.Object, java.lang.Object, java.lang.Object, java.lang.Object, java.lang.Object, java.lang.Object, java.lang.Object, java.lang
Event: 109.339 Thread 0x00000206c5539200 Exception <a 'java/lang/ClassNotFoundException'{0x000000008579cc88}: org/jetbrains/kotlin/gradle/targets/js/npm/DefaultNpmDependencyExtensionBeanInfo> (0x000000008579cc88) 
thrown [s\open\src\hotspot\share\classfile\systemDictionary.cpp, line 327]
Event: 109.340 Thread 0x00000206c5539200 Exception <a 'java/lang/ClassNotFoundException'{0x00000000857a8c48}: org/jetbrains/kotlin/gradle/targets/js/npm/DefaultNpmDependencyExtensionCustomizer> (0x00000000857a8c48) 
thrown [s\open\src\hotspot\share\classfile\systemDictionary.cpp, line 327]
Event: 109.354 Thread 0x00000206c5539200 Exception <a 'java/lang/ClassNotFoundException'{0x0000000085632ac8}: org/jetbrains/kotlin/gradle/targets/js/npm/NpmDependencyExtensionKt$defaultNpmDependencyDelegate$1BeanInfo> (0x0000000085632ac8) 
thrown [s\open\src\hotspot\share\classfile\systemDictionary.cpp, line 327]
Event: 109.355 Thread 0x00000206c5539200 Exception <a 'java/lang/ClassNotFoundException'{0x0000000085640048}: org/jetbrains/kotlin/gradle/targets/js/npm/NpmDependencyExtensionDelegateBeanInfo> (0x0000000085640048) 
thrown [s\open\src\hotspot\share\classfile\systemDictionary.cpp, line 327]
Event: 109.356 Thread 0x00000206c5539200 Exception <a 'java/lang/ClassNotFoundException'{0x000000008564d868}: org/jetbrains/kotlin/gradle/targets/js/npm/NpmDependencyExtensionDelegateCustomizer> (0x000000008564d868) 
thrown [s\open\src\hotspot\share\classfile\systemDictionary.cpp, line 327]
Event: 109.359 Thread 0x00000206c5539200 Exception <a 'java/lang/ClassNotFoundException'{0x000000008567a928}: org/jetbrains/kotlin/gradle/targets/js/npm/NpmDependencyExtensionKt$defaultNpmDependencyDelegate$1Customizer> (0x000000008567a928) 
thrown [s\open\src\hotspot\share\classfile\systemDictionary.cpp, line 327]
Event: 109.368 Thread 0x00000206c5539200 Exception <a 'java/lang/ClassNotFoundException'{0x00000000856b69f0}: org/jetbrains/kotlin/gradle/targets/js/npm/DefaultDevNpmDependencyExtensionBeanInfo> (0x00000000856b69f0) 
thrown [s\open\src\hotspot\share\classfile\systemDictionary.cpp, line 327]
Event: 109.369 Thread 0x00000206c5539200 Exception <a 'java/lang/ClassNotFoundException'{0x00000000856c2a18}: org/jetbrains/kotlin/gradle/targets/js/npm/DefaultDevNpmDependencyExtensionCustomizer> (0x00000000856c2a18) 
thrown [s\open\src\hotspot\share\classfile\systemDictionary.cpp, line 327]
Event: 109.377 Thread 0x00000206c5539200 Exception <a 'java/lang/ClassNotFoundException'{0x0000000085506e10}: org/jetbrains/kotlin/gradle/targets/js/npm/DefaultPeerNpmDependencyExtensionBeanInfo> (0x0000000085506e10) 
thrown [s\open\src\hotspot\share\classfile\systemDictionary.cpp, line 327]
Event: 109.379 Thread 0x00000206c5539200 Exception <a 'java/lang/ClassNotFoundException'{0x0000000085512e48}: org/jetbrains/kotlin/gradle/targets/js/npm/DefaultPeerNpmDependencyExtensionCustomizer> (0x0000000085512e48) 
thrown [s\open\src\hotspot\share\classfile\systemDictionary.cpp, line 327]
Event: 109.387 Thread 0x00000206c5539200 Exception <a 'java/lang/ClassNotFoundException'{0x000000008555fe50}: org/jetbrains/kotlin/gradle/targets/js/npm/DefaultPeerNpmDependencyExtension$delegate$1BeanInfo> (0x000000008555fe50) 
thrown [s\open\src\hotspot\share\classfile\systemDictionary.cpp, line 327]
Event: 109.388 Thread 0x00000206c5539200 Exception <a 'java/lang/ClassNotFoundException'{0x000000008556c270}: org/jetbrains/kotlin/gradle/targets/js/npm/DefaultPeerNpmDependencyExtension$delegate$1Customizer> (0x000000008556c270) 
thrown [s\open\src\hotspot\share\classfile\systemDictionary.cpp, line 327]
Event: 110.329 Thread 0x00000206c5539200 Implicit null exception at 0x00000206ed37797c to 0x00000206ed378918
Event: 110.330 Thread 0x00000206c5539200 Implicit null exception at 0x00000206ed5241e8 to 0x00000206ed5244b8
Event: 112.759 Thread 0x00000206c5539200 Exception <a 'java/lang/NoSuchMethodError'{0x00000000888a2808}: 'java.lang.Object java.lang.invoke.DirectMethodHandle$Holder.newInvokeSpecial(java.lang.Object, java.lang.Object, java.lang.Object, java.lang.Object, java.lang.Object, java.lang.Object, java.lang.Object, java.lang.Object, java.lang.Object, java.lang.Object, java.lang.Object, java.lang.Object, java.lang.Object, java.lang.Object)'> (0x00000000888a2808) 
thrown [s\open\src\hotspot\share\interpreter\linkResolver.cpp, line 805]

VM Operations (20 events):
Event: 107.139 Executing VM operation: G1CollectForAllocation (G1 Evacuation Pause)
Event: 107.151 Executing VM operation: G1CollectForAllocation (G1 Evacuation Pause) done
Event: 108.242 Executing VM operation: HandshakeAllThreads (Deoptimize)
Event: 108.242 Executing VM operation: HandshakeAllThreads (Deoptimize) done
Event: 109.406 Executing VM operation: G1CollectForAllocation (G1 Evacuation Pause)
Event: 109.416 Executing VM operation: G1CollectForAllocation (G1 Evacuation Pause) done
Event: 110.625 Executing VM operation: G1CollectForAllocation (G1 Evacuation Pause)
Event: 110.638 Executing VM operation: G1CollectForAllocation (G1 Evacuation Pause) done
Event: 110.827 Executing VM operation: G1PauseRemark
Event: 110.837 Executing VM operation: G1PauseRemark done
Event: 110.898 Executing VM operation: G1PauseCleanup
Event: 110.899 Executing VM operation: G1PauseCleanup done
Event: 112.126 Executing VM operation: G1CollectForAllocation (G1 Evacuation Pause)
Event: 112.139 Executing VM operation: G1CollectForAllocation (G1 Evacuation Pause) done
Event: 112.211 Executing VM operation: HandshakeAllThreads (Deoptimize)
Event: 112.212 Executing VM operation: HandshakeAllThreads (Deoptimize) done
Event: 112.358 Executing VM operation: HandshakeAllThreads (Deoptimize)
Event: 112.358 Executing VM operation: HandshakeAllThreads (Deoptimize) done
Event: 114.473 Executing VM operation: G1CollectForAllocation (G1 Evacuation Pause)
Event: 114.498 Executing VM operation: G1CollectForAllocation (G1 Evacuation Pause) done

Memory protections (0 events):
No events

Nmethod flushes (20 events):
Event: 110.835 Thread 0x00000206f946e620 flushing  nmethod 0x00000206e5c58408
Event: 110.835 Thread 0x00000206f946e620 flushing  nmethod 0x00000206e5d3f588
Event: 110.835 Thread 0x00000206f946e620 flushing  nmethod 0x00000206e5d41808
Event: 110.835 Thread 0x00000206f946e620 flushing  nmethod 0x00000206e5d42088
Event: 110.835 Thread 0x00000206f946e620 flushing  nmethod 0x00000206e5d61908
Event: 110.835 Thread 0x00000206f946e620 flushing  nmethod 0x00000206e5d88388
Event: 110.835 Thread 0x00000206f946e620 flushing  nmethod 0x00000206e5e7d908
Event: 110.835 Thread 0x00000206f946e620 flushing  nmethod 0x00000206e5eb1688
Event: 110.835 Thread 0x00000206f946e620 flushing  nmethod 0x00000206e5f12b88
Event: 110.835 Thread 0x00000206f946e620 flushing  nmethod 0x00000206e5fc5008
Event: 110.835 Thread 0x00000206f946e620 flushing  nmethod 0x00000206e639c408
Event: 110.835 Thread 0x00000206f946e620 flushing  nmethod 0x00000206e639cc88
Event: 110.835 Thread 0x00000206f946e620 flushing  nmethod 0x00000206e63a2388
Event: 110.835 Thread 0x00000206f946e620 flushing  nmethod 0x00000206e63a2f08
Event: 110.835 Thread 0x00000206f946e620 flushing  nmethod 0x00000206e63a3208
Event: 110.835 Thread 0x00000206f946e620 flushing  nmethod 0x00000206e63a3788
Event: 110.835 Thread 0x00000206f946e620 flushing  nmethod 0x00000206e63a3b08
Event: 110.835 Thread 0x00000206f946e620 flushing  nmethod 0x00000206e63b7d08
Event: 110.835 Thread 0x00000206f946e620 flushing  nmethod 0x00000206e63b8e88
Event: 110.835 Thread 0x00000206f946e620 flushing  nmethod 0x00000206e63bd088

Events (20 events):
Event: 74.017 Thread 0x00000206c5539200 Thread added: 0x00000206c6bb4c80
Event: 76.114 Thread 0x00000206f94909f0 Thread added: 0x00000206c7745030
Event: 76.195 Thread 0x00000206c5539200 Thread added: 0x00000206c6bb27f0
Event: 76.195 Thread 0x00000206c5539200 Thread added: 0x00000206c6bb5b20
Event: 76.196 Thread 0x00000206c5539200 Thread added: 0x00000206c6bb3de0
Event: 76.429 Thread 0x00000206c7745030 Thread exited: 0x00000206c7745030
Event: 79.340 Thread 0x00000206c6dc7500 Thread added: 0x00000206c6bb6270
Event: 83.076 Thread 0x00000206c5539200 Thread added: 0x00000206c5538ab0
Event: 85.078 Thread 0x00000206c5539200 Thread added: 0x00000206c6bb53d0
Event: 85.163 Thread 0x00000206f94a6b40 Thread added: 0x00000206c8c1d010
Event: 85.375 Thread 0x00000206c8c1d010 Thread exited: 0x00000206c8c1d010
Event: 85.691 Thread 0x00000206f94a6b40 Thread added: 0x00000206c8c1d010
Event: 86.506 Thread 0x00000206c8c1d010 Thread exited: 0x00000206c8c1d010
Event: 94.416 Thread 0x00000206f94a6b40 Thread added: 0x00000206c581d740
Event: 96.017 Thread 0x00000206c581d740 Thread exited: 0x00000206c581d740
Event: 103.791 Thread 0x00000206f94a6b40 Thread added: 0x00000206c8dd5ed0
Event: 104.052 Thread 0x00000206c8dd5ed0 Thread exited: 0x00000206c8dd5ed0
Event: 106.441 Thread 0x00000206c5539200 Thread added: 0x00000206c6bb7110
Event: 114.154 Thread 0x00000206f94909f0 Thread added: 0x00000206c8b68410
Event: 114.286 Thread 0x00000206c8b68410 Thread exited: 0x00000206c8b68410


Dynamic libraries:
0x00007ff699cd0000 - 0x00007ff699ce0000 	C:\Program Files\Java\jdk-24\bin\java.exe
0x00007ffeba2a0000 - 0x00007ffeba509000 	C:\WINDOWS\SYSTEM32\ntdll.dll
0x00007ffeb9360000 - 0x00007ffeb9429000 	C:\WINDOWS\System32\KERNEL32.DLL
0x00007ffeb77f0000 - 0x00007ffeb7be3000 	C:\WINDOWS\System32\KERNELBASE.dll
0x00007ffeb7bf0000 - 0x00007ffeb7d3b000 	C:\WINDOWS\System32\ucrtbase.dll
0x00007ffe7aa30000 - 0x00007ffe7aa46000 	C:\Program Files\Java\jdk-24\bin\jli.dll
0x00007ffeb9740000 - 0x00007ffeb9904000 	C:\WINDOWS\System32\USER32.dll
0x00007ffeb7720000 - 0x00007ffeb7747000 	C:\WINDOWS\System32\win32u.dll
0x00007ffe785e0000 - 0x00007ffe785fb000 	C:\Program Files\Java\jdk-24\bin\VCRUNTIME140.dll
0x00007ffeb8420000 - 0x00007ffeb844b000 	C:\WINDOWS\System32\GDI32.dll
0x00007ffe9bec0000 - 0x00007ffe9c153000 	C:\WINDOWS\WinSxS\amd64_microsoft.windows.common-controls_6595b64144ccf1df_6.0.26100.5074_none_3e0d6f78e32fd63f\COMCTL32.dll
0x00007ffeb7e90000 - 0x00007ffeb7fbd000 	C:\WINDOWS\System32\gdi32full.dll
0x00007ffeb8070000 - 0x00007ffeb8119000 	C:\WINDOWS\System32\msvcrt.dll
0x00007ffeb7fc0000 - 0x00007ffeb8063000 	C:\WINDOWS\System32\msvcp_win.dll
0x00007ffeba220000 - 0x00007ffeba24f000 	C:\WINDOWS\System32\IMM32.DLL
0x00007ffe93840000 - 0x00007ffe9384c000 	C:\Program Files\Java\jdk-24\bin\vcruntime140_1.dll
0x00007ffe475a0000 - 0x00007ffe4762e000 	C:\Program Files\Java\jdk-24\bin\msvcp140.dll
0x00007ffe1e580000 - 0x00007ffe1f322000 	C:\Program Files\Java\jdk-24\bin\server\jvm.dll
0x00007ffeba050000 - 0x00007ffeba104000 	C:\WINDOWS\System32\ADVAPI32.dll
0x00007ffeb8370000 - 0x00007ffeb8416000 	C:\WINDOWS\System32\sechost.dll
0x00007ffeb9a10000 - 0x00007ffeb9b28000 	C:\WINDOWS\System32\RPCRT4.dll
0x00007ffeb92e0000 - 0x00007ffeb9354000 	C:\WINDOWS\System32\WS2_32.dll
0x00007ffeb72b0000 - 0x00007ffeb730e000 	C:\WINDOWS\SYSTEM32\POWRPROF.dll
0x00007ffeb0320000 - 0x00007ffeb0355000 	C:\WINDOWS\SYSTEM32\WINMM.dll
0x00007ffeb0360000 - 0x00007ffeb036b000 	C:\WINDOWS\SYSTEM32\VERSION.dll
0x00007ffeb7290000 - 0x00007ffeb72a4000 	C:\WINDOWS\SYSTEM32\UMPDC.dll
0x00007ffeb6210000 - 0x00007ffeb622b000 	C:\WINDOWS\SYSTEM32\kernel.appcore.dll
0x00007ffe8f680000 - 0x00007ffe8f68a000 	C:\Program Files\Java\jdk-24\bin\jimage.dll
0x00007ffeb4d00000 - 0x00007ffeb4f42000 	C:\WINDOWS\SYSTEM32\DBGHELP.DLL
0x00007ffeb86a0000 - 0x00007ffeb8a1b000 	C:\WINDOWS\System32\combase.dll
0x00007ffeb8450000 - 0x00007ffeb8527000 	C:\WINDOWS\System32\OLEAUT32.dll
0x00007ffea33d0000 - 0x00007ffea340d000 	C:\WINDOWS\SYSTEM32\dbgcore.DLL
0x00007ffeb7750000 - 0x00007ffeb77e9000 	C:\WINDOWS\System32\bcryptPrimitives.dll
0x00007ffe9a150000 - 0x00007ffe9a15f000 	C:\Program Files\Java\jdk-24\bin\instrument.dll
0x00007ffe829f0000 - 0x00007ffe82a0e000 	C:\Program Files\Java\jdk-24\bin\java.dll
0x00007ffeb9430000 - 0x00007ffeb95c8000 	C:\WINDOWS\System32\ole32.dll
0x00007ffeb8b80000 - 0x00007ffeb92cd000 	C:\WINDOWS\System32\SHELL32.dll
0x00007ffeb75b0000 - 0x00007ffeb771c000 	C:\WINDOWS\System32\wintypes.dll
0x00007ffeb4f50000 - 0x00007ffeb57a9000 	C:\WINDOWS\SYSTEM32\windows.storage.dll
0x00007ffeb85a0000 - 0x00007ffeb8690000 	C:\WINDOWS\System32\SHCORE.dll
0x00007ffeb8530000 - 0x00007ffeb8592000 	C:\WINDOWS\System32\shlwapi.dll
0x00007ffeb7350000 - 0x00007ffeb7379000 	C:\WINDOWS\SYSTEM32\profapi.dll
0x00007ffe341c0000 - 0x00007ffe34297000 	C:\Program Files\Java\jdk-24\bin\jsvml.dll
0x00007ffe76dc0000 - 0x00007ffe76dd7000 	C:\Program Files\Java\jdk-24\bin\zip.dll
0x00007ffe891d0000 - 0x00007ffe891e0000 	C:\Program Files\Java\jdk-24\bin\net.dll
0x00007ffeb6790000 - 0x00007ffeb67fb000 	C:\WINDOWS\system32\mswsock.dll
0x00007ffe77100000 - 0x00007ffe77116000 	C:\Program Files\Java\jdk-24\bin\nio.dll
0x00007ffe95ff0000 - 0x00007ffe96000000 	C:\Program Files\Java\jdk-24\bin\verify.dll
0x00007ffe8f7a0000 - 0x00007ffe8f7c7000 	C:\Users\musan\.gradle\native\1def1411415f61bf3af743bc5b6707747c0891f09f0c88961ee8f79bc544acac\windows-amd64\native-platform.dll
0x00007ffe893d0000 - 0x00007ffe89448000 	C:\Users\musan\.gradle\native\0.2.7\x86_64-windows-gnu\gradle-fileevents.dll
0x00007ffe86830000 - 0x00007ffe8683a000 	C:\Program Files\Java\jdk-24\bin\management.dll
0x00007ffe86270000 - 0x00007ffe8627b000 	C:\Program Files\Java\jdk-24\bin\management_ext.dll
0x00007ffeb92d0000 - 0x00007ffeb92d8000 	C:\WINDOWS\System32\PSAPI.DLL
0x00007ffeb5be0000 - 0x00007ffeb5c14000 	C:\WINDOWS\SYSTEM32\IPHLPAPI.DLL
0x00007ffeb95d0000 - 0x00007ffeb95da000 	C:\WINDOWS\System32\NSI.dll
0x00007ffe85290000 - 0x00007ffe85299000 	C:\Program Files\Java\jdk-24\bin\extnet.dll
0x00007ffeb6a30000 - 0x00007ffeb6a4b000 	C:\WINDOWS\SYSTEM32\CRYPTSP.dll
0x00007ffeb6170000 - 0x00007ffeb61ab000 	C:\WINDOWS\system32\rsaenh.dll
0x00007ffeb6830000 - 0x00007ffeb685b000 	C:\WINDOWS\SYSTEM32\USERENV.dll
0x00007ffeb7320000 - 0x00007ffeb7346000 	C:\WINDOWS\SYSTEM32\bcrypt.dll
0x00007ffeb6a50000 - 0x00007ffeb6a5c000 	C:\WINDOWS\SYSTEM32\CRYPTBASE.dll
0x00007ffe85450000 - 0x00007ffe8545e000 	C:\Program Files\Java\jdk-24\bin\sunmscapi.dll
0x00007ffeb7430000 - 0x00007ffeb75a7000 	C:\WINDOWS\System32\CRYPT32.dll
0x00007ffeb6c50000 - 0x00007ffeb6c80000 	C:\WINDOWS\SYSTEM32\ncrypt.dll
0x00007ffeb6c00000 - 0x00007ffeb6c3f000 	C:\WINDOWS\SYSTEM32\NTASN1.dll
0x00007ffe8cee0000 - 0x00007ffe8cee8000 	C:\WINDOWS\system32\wshunix.dll

JVMTI agents:
C:\Users\musan\.gradle\wrapper\dists\gradle-9.0-milestone-1-bin\3vdepk4s12bybhohyuvjcm1bd\gradle-9.0-milestone-1\lib\agents\gradle-instrumentation-agent-9.0.jar path:C:\Program Files\Java\jdk-24\bin\instrument.dll, loaded, initialized, instrumentlib options:none

dbghelp: loaded successfully - version: 4.0.5 - missing functions: none
symbol engine: initialized successfully - sym options: 0x614 - pdb path: .;C:\Program Files\Java\jdk-24\bin;C:\WINDOWS\SYSTEM32;C:\WINDOWS\WinSxS\amd64_microsoft.windows.common-controls_6595b64144ccf1df_6.0.26100.5074_none_3e0d6f78e32fd63f;C:\Program Files\Java\jdk-24\bin\server;C:\Users\musan\.gradle\native\1def1411415f61bf3af743bc5b6707747c0891f09f0c88961ee8f79bc544acac\windows-amd64;C:\Users\musan\.gradle\native\0.2.7\x86_64-windows-gnu

VM Arguments:
jvm_args: --add-opens=java.base/java.lang=ALL-UNNAMED --add-opens=java.base/java.lang.invoke=ALL-UNNAMED --add-opens=java.base/java.util=ALL-UNNAMED --add-opens=java.prefs/java.util.prefs=ALL-UNNAMED --add-exports=jdk.compiler/com.sun.tools.javac.api=ALL-UNNAMED --add-exports=jdk.compiler/com.sun.tools.javac.util=ALL-UNNAMED --add-opens=java.base/java.util=ALL-UNNAMED --add-opens=java.prefs/java.util.prefs=ALL-UNNAMED --add-opens=java.base/java.nio.charset=ALL-UNNAMED --add-opens=java.base/java.net=ALL-UNNAMED --add-opens=java.base/java.util.concurrent.atomic=ALL-UNNAMED --add-opens=java.xml/javax.xml.namespace=ALL-UNNAMED --enable-native-access=ALL-UNNAMED -Xmx2048m -Dfile.encoding=UTF-8 -Duser.country=US -Duser.language=en -Duser.variant -javaagent:C:\Users\musan\.gradle\wrapper\dists\gradle-9.0-milestone-1-bin\3vdepk4s12bybhohyuvjcm1bd\gradle-9.0-milestone-1\lib\agents\gradle-instrumentation-agent-9.0.jar 
java_command: org.gradle.launcher.daemon.bootstrap.GradleDaemon 9.0-milestone-1
java_class_path (initial): C:\Users\musan\.gradle\wrapper\dists\gradle-9.0-milestone-1-bin\3vdepk4s12bybhohyuvjcm1bd\gradle-9.0-milestone-1\lib\gradle-daemon-main-9.0.jar
Launcher Type: SUN_STANDARD

[Global flags]
     intx CICompilerCount                          = 3                                         {product} {ergonomic}
     uint ConcGCThreads                            = 1                                         {product} {ergonomic}
     uint G1ConcRefinementThreads                  = 4                                         {product} {ergonomic}
   size_t G1HeapRegionSize                         = 1048576                                   {product} {ergonomic}
   size_t InitialHeapSize                          = 100663296                                 {product} {ergonomic}
   size_t MarkStackSize                            = 4194304                                   {product} {ergonomic}
   size_t MarkStackSizeMax                         = 536870912                                 {product} {ergonomic}
   size_t MaxHeapSize                              = 2147483648                                {product} {command line}
   size_t MaxNewSize                               = 1287651328                                {product} {ergonomic}
   size_t MinHeapDeltaBytes                        = 1048576                                   {product} {ergonomic}
   size_t MinHeapSize                              = 8388608                                   {product} {ergonomic}
    uintx NonNMethodCodeHeapSize                   = 5832704                                {pd product} {ergonomic}
    uintx NonProfiledCodeHeapSize                  = 122945536                              {pd product} {ergonomic}
    uintx ProfiledCodeHeapSize                     = 122880000                              {pd product} {ergonomic}
    uintx ReservedCodeCacheSize                    = 251658240                              {pd product} {ergonomic}
     bool SegmentedCodeCache                       = true                                      {product} {ergonomic}
   size_t SoftMaxHeapSize                          = 2147483648                             {manageable} {ergonomic}
     bool UseCompressedOops                        = true                           {product lp64_product} {ergonomic}
     bool UseG1GC                                  = true                                      {product} {ergonomic}
     bool UseLargePagesIndividualAllocation        = false                                  {pd product} {ergonomic}

Logging:
Log output configuration:
 #0: stdout all=warning uptime,level,tags foldmultilines=false
 #1: stderr all=off uptime,level,tags foldmultilines=false

Environment Variables:
PATH=c:\Users\musan\AppData\Local\Programs\cursor\resources\app\bin;C:\Program Files\Common Files\Oracle\Java\javapath;C:\WINDOWS\system32;C:\WINDOWS;C:\WINDOWS\System32\Wbem;C:\WINDOWS\System32\WindowsPowerShell\v1.0\;C:\WINDOWS\System32\OpenSSH\;C:\Program Files\Microsoft SQL Server\150\Tools\Binn\;C:\Program Files\Microsoft SQL Server\Client SDK\ODBC\170\Tools\Binn\;C:\Program Files\dotnet\;C:\Program Files (x86)\Windows Kits\10\Windows Performance Toolkit\;C:\Users\musan\AppData\Local\Microsoft\WindowsApps;C:\Users\musan\.dotnet\tools;C:\Users\musan\AppData\Local\Programs\cursor\resources\app\bin;c:\Users\musan\AppData\Local\Programs\cursor\resources\app\bin;C:\Program Files (x86)\Microsoft SQL Server\160\Tools\Binn\;C:\Program Files\Microsoft SQL Server\160\Tools\Binn\;C:\Program Files\Microsoft SQL Server\160\DTS\Binn\;C:\Program Files\Git\cmd;C:\Program Files\Git LFS;C:\Program Files\PowerShell\7\;C:\Program Files\nodejs\;C:\OpenSSL-Win64\bin;C:\Users\musan\AppData\Local\Microsoft\WindowsApps;C:\Users\musan\AppData\Local\Programs\Microsoft VS Code\bin;C:\Users\musan\.dotnet\tools;C:\Users\musan\AppData\Local\Programs\cursor\resources\app\bin;C:\Users\musan\AppData\Roaming\npm
USERNAME=musan
OS=Windows_NT
PROCESSOR_IDENTIFIER=AMD64 Family 23 Model 24 Stepping 1, AuthenticAMD
TMP=C:\Users\musan\AppData\Local\Temp
TEMP=C:\Users\musan\AppData\Local\Temp




Periodic native trim disabled

---------------  S Y S T E M  ---------------

OS:
 Windows 11 , 64 bit Build 26100 (10.0.26100.5074)
OS uptime: 16 days 15:51 hours
Hyper-V role detected

CPU: total 4 (initial active 4) (4 cores per cpu, 2 threads per core) family 23 model 24 stepping 1 microcode 0x8108109, cx8, cmov, fxsr, ht, mmx, 3dnowpref, sse, sse2, sse3, ssse3, sse4a, sse4.1, sse4.2, popcnt, lzcnt, tsc, tscinvbit, avx, avx2, aes, clmul, bmi1, bmi2, adx, sha, fma, vzeroupper, clflush, clflushopt, hv, rdtscp, f16c
Processor Information for the first 4 processors :
  Max Mhz: 2400, Current Mhz: 2400, Mhz Limit: 2400

Memory: 4k page, system-wide physical 6020M (449M free)
TotalPageFile size 24452M (AvailPageFile size 8M)
current process WorkingSet (physical memory assigned to process): 307M, peak: 309M
current process commit charge ("private bytes"): 414M, peak: 420M

vm_info: Java HotSpot(TM) 64-Bit Server VM (24.0.1+9-30) for windows-amd64 JRE (24.0.1+9-30), built on 2025-03-05T07:23:45Z with MS VC++ 17.6 (VS2022)

END.
