#
# There is insufficient memory for the Java Runtime Environment to continue.
# Native memory allocation (malloc) failed to allocate 16732368 bytes. Error detail: Chunk::new
# Possible reasons:
#   The system is out of physical RAM or swap space
#   This process is running with CompressedOops enabled, and the Java Heap may be blocking the growth of the native heap
# Possible solutions:
#   Reduce memory load on the system
#   Increase physical memory or swap space
#   Check if swap backing store is full
#   Decrease Java heap size (-Xmx/-Xms)
#   Decrease number of Java threads
#   Decrease Java thread stack sizes (-Xss)
#   Set larger code cache with -XX:ReservedCodeCacheSize=
#   JVM is running with Unscaled Compressed Oops mode in which the Java heap is
#     placed in the first 4GB address space. The Java Heap base address is the
#     maximum limit for the native heap growth. Please use -XX:HeapBaseMinAddress
#     to set the Java Heap base and to place the Java Heap above 4GB virtual address.
# This output file may be truncated or incomplete.
#
#  Out of Memory Error (arena.cpp:162), pid=23848, tid=24268
#
# JRE version: Java(TM) SE Runtime Environment (24.0.1+9) (build 24.0.1+9-30)
# Java VM: Java HotSpot(TM) 64-Bit Server VM (24.0.1+9-30, mixed mode, sharing, tiered, compressed oops, compressed class ptrs, g1 gc, windows-amd64)
# No core dump will be written. Minidumps are not enabled by default on client versions of Windows
#

---------------  S U M M A R Y ------------

Command Line: --add-opens=java.base/java.lang=ALL-UNNAMED --add-opens=java.base/java.lang.invoke=ALL-UNNAMED --add-opens=java.base/java.util=ALL-UNNAMED --add-opens=java.prefs/java.util.prefs=ALL-UNNAMED --add-exports=jdk.compiler/com.sun.tools.javac.api=ALL-UNNAMED --add-exports=jdk.compiler/com.sun.tools.javac.util=ALL-UNNAMED --add-opens=java.base/java.util=ALL-UNNAMED --add-opens=java.prefs/java.util.prefs=ALL-UNNAMED --add-opens=java.base/java.nio.charset=ALL-UNNAMED --add-opens=java.base/java.net=ALL-UNNAMED --add-opens=java.base/java.util.concurrent.atomic=ALL-UNNAMED --add-opens=java.xml/javax.xml.namespace=ALL-UNNAMED --enable-native-access=ALL-UNNAMED -Xmx2048m -Dfile.encoding=UTF-8 -Duser.country=US -Duser.language=en -Duser.variant -javaagent:C:\Users\musan\.gradle\wrapper\dists\gradle-9.0-milestone-1-bin\3vdepk4s12bybhohyuvjcm1bd\gradle-9.0-milestone-1\lib\agents\gradle-instrumentation-agent-9.0.jar org.gradle.launcher.daemon.bootstrap.GradleDaemon 9.0-milestone-1

Host: AMD Athlon Gold 3150U with Radeon Graphics     , 4 cores, 5G,  Windows 11 , 64 bit Build 26100 (10.0.26100.5074)
Time: Tue Oct  7 08:13:39 2025 South Africa Standard Time elapsed time: 113.553443 seconds (0d 0h 1m 53s)

---------------  T H R E A D  ---------------

Current thread (0x000001c6fefbe670):  JavaThread "C2 CompilerThread0" daemon [_thread_in_native, id=24268, stack(0x000000a063900000,0x000000a063a00000) (1024K)]


Current CompileTask:
C2:113553 15525       4       com.android.utils.XmlUtils::append (597 bytes)

Stack: [0x000000a063900000,0x000000a063a00000]
Native frames: (J=compiled Java code, j=interpreted, Vv=VM code, C=native code)
V  [jvm.dll+0x730739]  (no source info available)
V  [jvm.dll+0x8d9b23]  (no source info available)
V  [jvm.dll+0x8dc00d]  (no source info available)
V  [jvm.dll+0x8dc683]  (no source info available)
V  [jvm.dll+0x2aa086]  (no source info available)
V  [jvm.dll+0xcedef]  (no source info available)
V  [jvm.dll+0xcf04f]  (no source info available)
V  [jvm.dll+0x154d83]  (no source info available)
V  [jvm.dll+0x735f5f]  (no source info available)
V  [jvm.dll+0x26fa1c]  (no source info available)
V  [jvm.dll+0x26ea3f]  (no source info available)
V  [jvm.dll+0x1e9d60]  (no source info available)
V  [jvm.dll+0x27e1fb]  (no source info available)
V  [jvm.dll+0x27c49a]  (no source info available)
V  [jvm.dll+0x42f456]  (no source info available)
V  [jvm.dll+0x87d76b]  (no source info available)
V  [jvm.dll+0x72ee55]  (no source info available)
C  [ucrtbase.dll+0x37b0]  (no source info available)
C  [KERNEL32.DLL+0x2e8d7]  (no source info available)
C  [ntdll.dll+0x8d9c]  (no source info available)

Lock stack of current Java thread (top to bottom):


---------------  P R O C E S S  ---------------

Threads class SMR info:
_java_thread_list=0x000001c6ca148320, length=59, elements={
0x000001c6e2525760, 0x000001c6fefb0130, 0x000001c6fefb0d00, 0x000001c6fefb41d0,
0x000001c6fefb6f90, 0x000001c6fefb8ad0, 0x000001c6fefba6b0, 0x000001c6fefbe670,
0x000001c6fefe2a10, 0x000001c6c71b5230, 0x000001c6c7252920, 0x000001c6c8abddd0,
0x000001c6c8c43050, 0x000001c6c8b43550, 0x000001c6c8c02480, 0x000001c6c8bf9e50,
0x000001c6c8bfec50, 0x000001c6c8bffaf0, 0x000001c6c8bff3a0, 0x000001c6c8c00240,
0x000001c6c8c75120, 0x000001c6c8c76710, 0x000001c6c8c749d0, 0x000001c6c8c733e0,
0x000001c6c8c75fc0, 0x000001c6c8c76e60, 0x000001c6c8c73b30, 0x000001c6c8c775b0,
0x000001c6c8c74280, 0x000001c6c8c792f0, 0x000001c6c8c7a8e0, 0x000001c6c8c7a190,
0x000001c6c8c78450, 0x000001c6c8ba07a0, 0x000001c6c8ba0ef0, 0x000001c6c8ba1d90,
0x000001c6c8ba3380, 0x000001c6c8ba0050, 0x000001c6c8ba4220, 0x000001c6c8ba4970,
0x000001c6c8ba3ad0, 0x000001c6c8ba24e0, 0x000001c6c8ba5f60, 0x000001c6ccbb8a70,
0x000001c6ccbb6d30, 0x000001c6ccbb5740, 0x000001c6ccbb91c0, 0x000001c6ccbb65e0,
0x000001c6ccbbaf00, 0x000001c6ccbbb650, 0x000001c6c91873d0, 0x000001c6c91847f0,
0x000001c6c9185de0, 0x000001c6c9186530, 0x000001c6c9186c80, 0x000001c6c9188270,
0x000001c6c9184f40, 0x000001c6c918ae50, 0x000001c6cabc1640
}

Java Threads: ( => current thread )
  0x000001c6e2525760 JavaThread "main"                              [_thread_blocked, id=19256, stack(0x000000a062b00000,0x000000a062c00000) (1024K)]
  0x000001c6fefb0130 JavaThread "Reference Handler"          daemon [_thread_blocked, id=9768, stack(0x000000a063300000,0x000000a063400000) (1024K)]
  0x000001c6fefb0d00 JavaThread "Finalizer"                  daemon [_thread_blocked, id=26832, stack(0x000000a063400000,0x000000a063500000) (1024K)]
  0x000001c6fefb41d0 JavaThread "Signal Dispatcher"          daemon [_thread_blocked, id=26744, stack(0x000000a063500000,0x000000a063600000) (1024K)]
  0x000001c6fefb6f90 JavaThread "Attach Listener"            daemon [_thread_blocked, id=4256, stack(0x000000a063600000,0x000000a063700000) (1024K)]
  0x000001c6fefb8ad0 JavaThread "Service Thread"             daemon [_thread_blocked, id=15552, stack(0x000000a063700000,0x000000a063800000) (1024K)]
  0x000001c6fefba6b0 JavaThread "Monitor Deflation Thread"   daemon [_thread_blocked, id=12248, stack(0x000000a063800000,0x000000a063900000) (1024K)]
=>0x000001c6fefbe670 JavaThread "C2 CompilerThread0"         daemon [_thread_in_native, id=24268, stack(0x000000a063900000,0x000000a063a00000) (1024K)]
  0x000001c6fefe2a10 JavaThread "C1 CompilerThread0"         daemon [_thread_blocked, id=13836, stack(0x000000a063a00000,0x000000a063b00000) (1024K)]
  0x000001c6c71b5230 JavaThread "Common-Cleaner"             daemon [_thread_blocked, id=6048, stack(0x000000a063b00000,0x000000a063c00000) (1024K)]
  0x000001c6c7252920 JavaThread "Notification Thread"        daemon [_thread_blocked, id=21308, stack(0x000000a063c00000,0x000000a063d00000) (1024K)]
  0x000001c6c8abddd0 JavaThread "Daemon health stats"               [_thread_blocked, id=21916, stack(0x000000a064000000,0x000000a064100000) (1024K)]
  0x000001c6c8c43050 JavaThread "Incoming local TCP Connector on port 59618"        [_thread_in_native, id=26108, stack(0x000000a064100000,0x000000a064200000) (1024K)]
  0x000001c6c8b43550 JavaThread "Daemon periodic checks"            [_thread_blocked, id=22792, stack(0x000000a064200000,0x000000a064300000) (1024K)]
  0x000001c6c8c02480 JavaThread "Daemon"                            [_thread_blocked, id=13792, stack(0x000000a064300000,0x000000a064400000) (1024K)]
  0x000001c6c8bf9e50 JavaThread "Handler for socket connection from /127.0.0.1:59618 to /127.0.0.1:59619"        [_thread_in_native, id=15656, stack(0x000000a064400000,0x000000a064500000) (1024K)]
  0x000001c6c8bfec50 JavaThread "Cancel handler"                    [_thread_blocked, id=23268, stack(0x000000a064500000,0x000000a064600000) (1024K)]
  0x000001c6c8bffaf0 JavaThread "Daemon worker"                     [_thread_blocked, id=23012, stack(0x000000a064600000,0x000000a064700000) (1024K)]
  0x000001c6c8bff3a0 JavaThread "Asynchronous log dispatcher for DefaultDaemonConnection: socket connection from /127.0.0.1:59618 to /127.0.0.1:59619"        [_thread_blocked, id=16780, stack(0x000000a064700000,0x000000a064800000) (1024K)]
  0x000001c6c8c00240 JavaThread "Stdin handler"                     [_thread_blocked, id=10680, stack(0x000000a064800000,0x000000a064900000) (1024K)]
  0x000001c6c8c75120 JavaThread "Daemon client event forwarder"        [_thread_blocked, id=12716, stack(0x000000a064900000,0x000000a064a00000) (1024K)]
  0x000001c6c8c76710 JavaThread "Cache worker for journal cache (C:\Users\musan\.gradle\caches\journal-1)"        [_thread_blocked, id=14108, stack(0x000000a064a00000,0x000000a064b00000) (1024K)]
  0x000001c6c8c749d0 JavaThread "File lock request listener"        [_thread_in_native, id=4964, stack(0x000000a064b00000,0x000000a064c00000) (1024K)]
  0x000001c6c8c733e0 JavaThread "Cache worker for file hash cache (C:\Users\musan\.gradle\caches\9.0-milestone-1\fileHashes)"        [_thread_blocked, id=18580, stack(0x000000a064c00000,0x000000a064d00000) (1024K)]
  0x000001c6c8c75fc0 JavaThread "Cache worker for file hash cache (C:\Users\musan\OneDrive\Stride\.gradle\9.0-milestone-1\fileHashes)"        [_thread_blocked, id=15332, stack(0x000000a064d00000,0x000000a064e00000) (1024K)]
  0x000001c6c8c76e60 JavaThread "Cache worker for Build Output Cleanup Cache (C:\Users\musan\OneDrive\Stride\.gradle\buildOutputCleanup)"        [_thread_blocked, id=2016, stack(0x000000a064e00000,0x000000a064f00000) (1024K)]
  0x000001c6c8c73b30 JavaThread "File watcher server"        daemon [_thread_in_native, id=11592, stack(0x000000a064f00000,0x000000a065000000) (1024K)]
  0x000001c6c8c775b0 JavaThread "File watcher consumer"      daemon [_thread_blocked, id=25452, stack(0x000000a065000000,0x000000a065100000) (1024K)]
  0x000001c6c8c74280 JavaThread "Cache worker for checksums cache (C:\Users\musan\OneDrive\Stride\.gradle\9.0-milestone-1\checksums)"        [_thread_blocked, id=8740, stack(0x000000a065100000,0x000000a065200000) (1024K)]
  0x000001c6c8c792f0 JavaThread "Cache worker for file content cache (C:\Users\musan\.gradle\caches\9.0-milestone-1\fileContent)"        [_thread_blocked, id=24376, stack(0x000000a065200000,0x000000a065300000) (1024K)]
  0x000001c6c8c7a8e0 JavaThread "Cache worker for cache directory md-supplier (C:\Users\musan\.gradle\caches\9.0-milestone-1\md-supplier)"        [_thread_blocked, id=21140, stack(0x000000a065300000,0x000000a065400000) (1024K)]
  0x000001c6c8c7a190 JavaThread "Cache worker for cache directory md-rule (C:\Users\musan\.gradle\caches\9.0-milestone-1\md-rule)"        [_thread_blocked, id=24672, stack(0x000000a065400000,0x000000a065500000) (1024K)]
  0x000001c6c8c78450 JavaThread "Unconstrained build operations"        [_thread_blocked, id=9964, stack(0x000000a065500000,0x000000a065600000) (1024K)]
  0x000001c6c8ba07a0 JavaThread "Unconstrained build operations Thread 2"        [_thread_blocked, id=13268, stack(0x000000a065600000,0x000000a065700000) (1024K)]
  0x000001c6c8ba0ef0 JavaThread "Unconstrained build operations Thread 3"        [_thread_blocked, id=17336, stack(0x000000a065700000,0x000000a065800000) (1024K)]
  0x000001c6c8ba1d90 JavaThread "Unconstrained build operations Thread 4"        [_thread_blocked, id=21984, stack(0x000000a065800000,0x000000a065900000) (1024K)]
  0x000001c6c8ba3380 JavaThread "Unconstrained build operations Thread 5"        [_thread_blocked, id=26584, stack(0x000000a065900000,0x000000a065a00000) (1024K)]
  0x000001c6c8ba0050 JavaThread "Unconstrained build operations Thread 6"        [_thread_blocked, id=23360, stack(0x000000a065a00000,0x000000a065b00000) (1024K)]
  0x000001c6c8ba4220 JavaThread "Unconstrained build operations Thread 7"        [_thread_blocked, id=5472, stack(0x000000a065c00000,0x000000a065d00000) (1024K)]
  0x000001c6c8ba4970 JavaThread "Unconstrained build operations Thread 8"        [_thread_blocked, id=14660, stack(0x000000a065d00000,0x000000a065e00000) (1024K)]
  0x000001c6c8ba3ad0 JavaThread "Unconstrained build operations Thread 9"        [_thread_blocked, id=6676, stack(0x000000a065e00000,0x000000a065f00000) (1024K)]
  0x000001c6c8ba24e0 JavaThread "Memory manager"                    [_thread_blocked, id=16708, stack(0x000000a065b00000,0x000000a065c00000) (1024K)]
  0x000001c6c8ba5f60 JavaThread "build event listener"              [_thread_blocked, id=10408, stack(0x000000a065f00000,0x000000a066000000) (1024K)]
  0x000001c6ccbb8a70 JavaThread "included builds"                   [_thread_in_vm, id=2008, stack(0x000000a066000000,0x000000a066100000) (1024K)]
  0x000001c6ccbb6d30 JavaThread "Execution worker"                  [_thread_blocked, id=24408, stack(0x000000a066100000,0x000000a066200000) (1024K)]
  0x000001c6ccbb5740 JavaThread "Execution worker Thread 2"         [_thread_blocked, id=12632, stack(0x000000a066200000,0x000000a066300000) (1024K)]
  0x000001c6ccbb91c0 JavaThread "Execution worker Thread 3"         [_thread_blocked, id=23900, stack(0x000000a066300000,0x000000a066400000) (1024K)]
  0x000001c6ccbb65e0 JavaThread "Cache worker for execution history cache (C:\Users\musan\OneDrive\Stride\.gradle\9.0-milestone-1\executionHistory)"        [_thread_blocked, id=26000, stack(0x000000a066400000,0x000000a066500000) (1024K)]
  0x000001c6ccbbaf00 JavaThread "Unconstrained build operations Thread 10"        [_thread_blocked, id=26128, stack(0x000000a066500000,0x000000a066600000) (1024K)]
  0x000001c6ccbbb650 JavaThread "Unconstrained build operations Thread 11"        [_thread_blocked, id=12024, stack(0x000000a066600000,0x000000a066700000) (1024K)]
  0x000001c6c91873d0 JavaThread "Unconstrained build operations Thread 12"        [_thread_blocked, id=4224, stack(0x000000a066700000,0x000000a066800000) (1024K)]
  0x000001c6c91847f0 JavaThread "Unconstrained build operations Thread 13"        [_thread_blocked, id=26844, stack(0x000000a062800000,0x000000a062900000) (1024K)]
  0x000001c6c9185de0 JavaThread "Unconstrained build operations Thread 14"        [_thread_blocked, id=10532, stack(0x000000a062900000,0x000000a062a00000) (1024K)]
  0x000001c6c9186530 JavaThread "Unconstrained build operations Thread 15"        [_thread_blocked, id=26352, stack(0x000000a062a00000,0x000000a062b00000) (1024K)]
  0x000001c6c9186c80 JavaThread "WorkerExecutor Queue"              [_thread_blocked, id=500, stack(0x000000a066800000,0x000000a066900000) (1024K)]
  0x000001c6c9188270 JavaThread "Unconstrained build operations Thread 16"        [_thread_blocked, id=27256, stack(0x000000a066a00000,0x000000a066b00000) (1024K)]
  0x000001c6c9184f40 JavaThread "Unconstrained build operations Thread 17"        [_thread_blocked, id=20448, stack(0x000000a066b00000,0x000000a066c00000) (1024K)]
  0x000001c6c918ae50 JavaThread "Unconstrained build operations Thread 18"        [_thread_blocked, id=22820, stack(0x000000a066c00000,0x000000a066d00000) (1024K)]
  0x000001c6cabc1640 JavaThread "C2 CompilerThread1"         daemon [_thread_blocked, id=6424, stack(0x000000a066900000,0x000000a066a00000) (1024K)]
Total: 59

Other Threads:
  0x000001c6fefa0b90 VMThread "VM Thread"                           [id=5596, stack(0x000000a063200000,0x000000a063300000) (1024K)]
  0x000001c6fef928b0 WatcherThread "VM Periodic Task Thread"        [id=17592, stack(0x000000a063100000,0x000000a063200000) (1024K)]
  0x000001c6e4998a20 WorkerThread "GC Thread#0"                     [id=21316, stack(0x000000a062c00000,0x000000a062d00000) (1024K)]
  0x000001c6c7ce3c10 WorkerThread "GC Thread#1"                     [id=4856, stack(0x000000a063d00000,0x000000a063e00000) (1024K)]
  0x000001c6c8aaa0d0 WorkerThread "GC Thread#2"                     [id=22904, stack(0x000000a063e00000,0x000000a063f00000) (1024K)]
  0x000001c6c8aaa480 WorkerThread "GC Thread#3"                     [id=13452, stack(0x000000a063f00000,0x000000a064000000) (1024K)]
  0x000001c6e49ad980 ConcurrentGCThread "G1 Main Marker"            [id=13324, stack(0x000000a062d00000,0x000000a062e00000) (1024K)]
  0x000001c6e49af290 WorkerThread "G1 Conc#0"                       [id=11480, stack(0x000000a062e00000,0x000000a062f00000) (1024K)]
  0x000001c6e49ee6b0 ConcurrentGCThread "G1 Refine#0"               [id=5064, stack(0x000000a062f00000,0x000000a063000000) (1024K)]
  0x000001c6fee59270 ConcurrentGCThread "G1 Service"                [id=20388, stack(0x000000a063000000,0x000000a063100000) (1024K)]
Total: 10

Threads with active compile tasks:
C2 CompilerThread0  113822 15525       4       com.android.utils.XmlUtils::append (597 bytes)
Total: 1

VM state: not at safepoint (normal execution)

VM Mutex/Monitor currently owned by a thread: None

Heap address: 0x0000000080000000, size: 2048 MB, Compressed Oops mode: 32-bit

CDS archive(s) mapped at: [0x000001c682000000-0x000001c682d40000-0x000001c682d40000), size 13893632, SharedBaseAddress: 0x000001c682000000, ArchiveRelocationMode: 1.
Compressed class space mapped at: 0x000001c683000000-0x000001c6c3000000, reserved size: 1073741824
UseCompressedClassPointers 1, UseCompactObjectHeaders 0
Narrow klass pointer bits 32, Max shift 3
Narrow klass base: 0x000001c682000000, Narrow klass shift: 0
Encoding Range: [0x000001c682000000 - 0x000001c782000000), (4294967296 bytes)
Klass Range:    [0x000001c682000000 - 0x000001c6c3000000), (1090519040 bytes)
Klass ID Range:  [8 - 1090519033) (1090519025)

GC Precious Log:
 CardTable entry size: 512
 Card Set container configuration: InlinePtr #cards 5 size 8 Array Of Cards #cards 10 size 36 Howl #buckets 4 coarsen threshold 1843 Howl Bitmap #cards 512 size 80 coarsen threshold 460 Card regions per heap region 1 cards per card region 2048
 CPUs: 4 total, 4 available
 Memory: 6020M
 Large Page Support: Disabled
 NUMA Support: Disabled
 Compressed Oops: Enabled (32-bit)
 Heap Region Size: 1M
 Heap Min Capacity: 8M
 Heap Initial Capacity: 96M
 Heap Max Capacity: 2G
 Pre-touch: Disabled
 Parallel Workers: 4
 Concurrent Workers: 1
 Concurrent Refinement Workers: 4
 Periodic GC: Disabled

Heap:
 garbage-first heap   total reserved 2097152K, committed 295936K, used 181027K [0x0000000080000000, 0x0000000100000000)
  region size 1024K, 5 young (5120K), 2 survivors (2048K)
 Metaspace       used 103806K, committed 105984K, reserved 1179648K
  class space    used 11649K, committed 12672K, reserved 1048576K

Heap Regions: E=young(eden), S=young(survivor), O=old, HS=humongous(starts), HC=humongous(continues), CS=collection set, F=free, TAMS=top-at-mark-start, PB=parsable bottom
|   0|0x0000000080000000, 0x0000000080100000, 0x0000000080100000|100%| O|  |TAMS 0x0000000080000000| PB 0x0000000080000000| Untracked |  0
|   1|0x0000000080100000, 0x0000000080200000, 0x0000000080200000|100%|HS|  |TAMS 0x0000000080100000| PB 0x0000000080100000| Complete |  0
|   2|0x0000000080200000, 0x0000000080300000, 0x0000000080300000|100%|HC|  |TAMS 0x0000000080200000| PB 0x0000000080200000| Complete |  0
|   3|0x0000000080300000, 0x0000000080400000, 0x0000000080400000|100%|HC|  |TAMS 0x0000000080300000| PB 0x0000000080300000| Complete |  0
|   4|0x0000000080400000, 0x0000000080500000, 0x0000000080500000|100%| O|  |TAMS 0x0000000080400000| PB 0x0000000080400000| Untracked |  0
|   5|0x0000000080500000, 0x0000000080600000, 0x0000000080600000|100%| O|  |TAMS 0x0000000080500000| PB 0x0000000080500000| Untracked |  0
|   6|0x0000000080600000, 0x0000000080700000, 0x0000000080700000|100%| O|  |TAMS 0x0000000080600000| PB 0x0000000080600000| Untracked |  0
|   7|0x0000000080700000, 0x0000000080800000, 0x0000000080800000|100%|HS|  |TAMS 0x0000000080700000| PB 0x0000000080700000| Complete |  0
|   8|0x0000000080800000, 0x0000000080900000, 0x0000000080900000|100%| O|  |TAMS 0x0000000080800000| PB 0x0000000080800000| Untracked |  0
|   9|0x0000000080900000, 0x0000000080a00000, 0x0000000080a00000|100%| O|  |TAMS 0x0000000080900000| PB 0x0000000080900000| Untracked |  0
|  10|0x0000000080a00000, 0x0000000080b00000, 0x0000000080b00000|100%| O|  |TAMS 0x0000000080a00000| PB 0x0000000080a00000| Untracked |  0
|  11|0x0000000080b00000, 0x0000000080c00000, 0x0000000080c00000|100%| O|  |TAMS 0x0000000080b00000| PB 0x0000000080b00000| Untracked |  0
|  12|0x0000000080c00000, 0x0000000080d00000, 0x0000000080d00000|100%| O|  |TAMS 0x0000000080c00000| PB 0x0000000080c00000| Untracked |  0
|  13|0x0000000080d00000, 0x0000000080e00000, 0x0000000080e00000|100%| O|  |TAMS 0x0000000080d00000| PB 0x0000000080d00000| Untracked |  0
|  14|0x0000000080e00000, 0x0000000080f00000, 0x0000000080f00000|100%| O|  |TAMS 0x0000000080e00000| PB 0x0000000080e00000| Untracked |  0
|  15|0x0000000080f00000, 0x0000000081000000, 0x0000000081000000|100%| O|  |TAMS 0x0000000080f00000| PB 0x0000000080f00000| Untracked |  0
|  16|0x0000000081000000, 0x0000000081100000, 0x0000000081100000|100%| O|  |TAMS 0x0000000081000000| PB 0x0000000081000000| Untracked |  0
|  17|0x0000000081100000, 0x0000000081200000, 0x0000000081200000|100%| O|  |TAMS 0x0000000081100000| PB 0x0000000081100000| Untracked |  0
|  18|0x0000000081200000, 0x0000000081300000, 0x0000000081300000|100%| O|  |TAMS 0x0000000081200000| PB 0x0000000081200000| Untracked |  0
|  19|0x0000000081300000, 0x00000000813fc240, 0x0000000081400000| 98%| O|  |TAMS 0x0000000081300000| PB 0x0000000081300000| Untracked |  0
|  20|0x0000000081400000, 0x0000000081500000, 0x0000000081500000|100%| O|  |TAMS 0x0000000081400000| PB 0x0000000081400000| Untracked |  0
|  21|0x0000000081500000, 0x0000000081600000, 0x0000000081600000|100%| O|  |TAMS 0x0000000081500000| PB 0x0000000081500000| Untracked |  0
|  22|0x0000000081600000, 0x0000000081700000, 0x0000000081700000|100%| O|  |TAMS 0x0000000081600000| PB 0x0000000081600000| Untracked |  0
|  23|0x0000000081700000, 0x0000000081800000, 0x0000000081800000|100%| O|  |TAMS 0x0000000081700000| PB 0x0000000081700000| Untracked |  0
|  24|0x0000000081800000, 0x0000000081900000, 0x0000000081900000|100%| O|  |TAMS 0x0000000081800000| PB 0x0000000081800000| Untracked |  0
|  25|0x0000000081900000, 0x0000000081a00000, 0x0000000081a00000|100%| O|  |TAMS 0x0000000081900000| PB 0x0000000081900000| Untracked |  0
|  26|0x0000000081a00000, 0x0000000081b00000, 0x0000000081b00000|100%| O|  |TAMS 0x0000000081a00000| PB 0x0000000081a00000| Untracked |  0
|  27|0x0000000081b00000, 0x0000000081c00000, 0x0000000081c00000|100%| O|  |TAMS 0x0000000081b00000| PB 0x0000000081b00000| Untracked |  0
|  28|0x0000000081c00000, 0x0000000081d00000, 0x0000000081d00000|100%| O|  |TAMS 0x0000000081c00000| PB 0x0000000081c00000| Untracked |  0
|  29|0x0000000081d00000, 0x0000000081e00000, 0x0000000081e00000|100%| O|  |TAMS 0x0000000081d00000| PB 0x0000000081d00000| Untracked |  0
|  30|0x0000000081e00000, 0x0000000081f00000, 0x0000000081f00000|100%| O|  |TAMS 0x0000000081e00000| PB 0x0000000081e00000| Untracked |  0
|  31|0x0000000081f00000, 0x0000000082000000, 0x0000000082000000|100%| O|  |TAMS 0x0000000081f00000| PB 0x0000000081f00000| Untracked |  0
|  32|0x0000000082000000, 0x0000000082100000, 0x0000000082100000|100%| O|  |TAMS 0x0000000082000000| PB 0x0000000082000000| Untracked |  0
|  33|0x0000000082100000, 0x0000000082200000, 0x0000000082200000|100%| O|  |TAMS 0x0000000082100000| PB 0x0000000082100000| Untracked |  0
|  34|0x0000000082200000, 0x0000000082300000, 0x0000000082300000|100%| O|  |TAMS 0x0000000082200000| PB 0x0000000082200000| Untracked |  0
|  35|0x0000000082300000, 0x0000000082400000, 0x0000000082400000|100%| O|  |TAMS 0x0000000082300000| PB 0x0000000082300000| Untracked |  0
|  36|0x0000000082400000, 0x0000000082500000, 0x0000000082500000|100%| O|  |TAMS 0x0000000082400000| PB 0x0000000082400000| Untracked |  0
|  37|0x0000000082500000, 0x0000000082600000, 0x0000000082600000|100%| O|  |TAMS 0x0000000082500000| PB 0x0000000082500000| Untracked |  0
|  38|0x0000000082600000, 0x0000000082700000, 0x0000000082700000|100%| O|  |TAMS 0x0000000082600000| PB 0x0000000082600000| Untracked |  0
|  39|0x0000000082700000, 0x0000000082800000, 0x0000000082800000|100%| O|  |TAMS 0x0000000082700000| PB 0x0000000082700000| Untracked |  0
|  40|0x0000000082800000, 0x0000000082900000, 0x0000000082900000|100%| O|  |TAMS 0x0000000082800000| PB 0x0000000082800000| Untracked |  0
|  41|0x0000000082900000, 0x0000000082a00000, 0x0000000082a00000|100%| O|  |TAMS 0x0000000082900000| PB 0x0000000082900000| Untracked |  0
|  42|0x0000000082a00000, 0x0000000082b00000, 0x0000000082b00000|100%| O|  |TAMS 0x0000000082a00000| PB 0x0000000082a00000| Untracked |  0
|  43|0x0000000082b00000, 0x0000000082c00000, 0x0000000082c00000|100%| O|  |TAMS 0x0000000082b00000| PB 0x0000000082b00000| Untracked |  0
|  44|0x0000000082c00000, 0x0000000082d00000, 0x0000000082d00000|100%| O|  |TAMS 0x0000000082c00000| PB 0x0000000082c00000| Untracked |  0
|  45|0x0000000082d00000, 0x0000000082e00000, 0x0000000082e00000|100%| O|  |TAMS 0x0000000082d00000| PB 0x0000000082d00000| Untracked |  0
|  46|0x0000000082e00000, 0x0000000082f00000, 0x0000000082f00000|100%| O|  |TAMS 0x0000000082e00000| PB 0x0000000082e00000| Untracked |  0
|  47|0x0000000082f00000, 0x0000000083000000, 0x0000000083000000|100%| O|  |TAMS 0x0000000082f00000| PB 0x0000000082f00000| Untracked |  0
|  48|0x0000000083000000, 0x0000000083100000, 0x0000000083100000|100%|HS|  |TAMS 0x0000000083000000| PB 0x0000000083000000| Complete |  0
|  49|0x0000000083100000, 0x0000000083200000, 0x0000000083200000|100%|HS|  |TAMS 0x0000000083100000| PB 0x0000000083100000| Complete |  0
|  50|0x0000000083200000, 0x0000000083300000, 0x0000000083300000|100%|HS|  |TAMS 0x0000000083200000| PB 0x0000000083200000| Complete |  0
|  51|0x0000000083300000, 0x0000000083400000, 0x0000000083400000|100%|HC|  |TAMS 0x0000000083300000| PB 0x0000000083300000| Complete |  0
|  52|0x0000000083400000, 0x0000000083500000, 0x0000000083500000|100%|HS|  |TAMS 0x0000000083400000| PB 0x0000000083400000| Complete |  0
|  53|0x0000000083500000, 0x0000000083600000, 0x0000000083600000|100%|HC|  |TAMS 0x0000000083500000| PB 0x0000000083500000| Complete |  0
|  54|0x0000000083600000, 0x0000000083700000, 0x0000000083700000|100%|HS|  |TAMS 0x0000000083600000| PB 0x0000000083600000| Complete |  0
|  55|0x0000000083700000, 0x0000000083800000, 0x0000000083800000|100%|HS|  |TAMS 0x0000000083700000| PB 0x0000000083700000| Complete |  0
|  56|0x0000000083800000, 0x0000000083900000, 0x0000000083900000|100%| O|  |TAMS 0x0000000083800000| PB 0x0000000083800000| Untracked |  0
|  57|0x0000000083900000, 0x0000000083a00000, 0x0000000083a00000|100%|HS|  |TAMS 0x0000000083900000| PB 0x0000000083900000| Complete |  0
|  58|0x0000000083a00000, 0x0000000083b00000, 0x0000000083b00000|100%|HS|  |TAMS 0x0000000083a00000| PB 0x0000000083a00000| Complete |  0
|  59|0x0000000083b00000, 0x0000000083c00000, 0x0000000083c00000|100%| O|  |TAMS 0x0000000083b00000| PB 0x0000000083b00000| Untracked |  0
|  60|0x0000000083c00000, 0x0000000083d00000, 0x0000000083d00000|100%| O|  |TAMS 0x0000000083c00000| PB 0x0000000083c00000| Untracked |  0
|  61|0x0000000083d00000, 0x0000000083e00000, 0x0000000083e00000|100%| O|  |TAMS 0x0000000083d00000| PB 0x0000000083d00000| Untracked |  0
|  62|0x0000000083e00000, 0x0000000083f00000, 0x0000000083f00000|100%| O|  |TAMS 0x0000000083e00000| PB 0x0000000083e00000| Untracked |  0
|  63|0x0000000083f00000, 0x0000000084000000, 0x0000000084000000|100%| O|  |TAMS 0x0000000083f00000| PB 0x0000000083f00000| Untracked |  0
|  64|0x0000000084000000, 0x0000000084100000, 0x0000000084100000|100%| O|  |TAMS 0x0000000084000000| PB 0x0000000084000000| Untracked |  0
|  65|0x0000000084100000, 0x0000000084200000, 0x0000000084200000|100%| O|  |TAMS 0x0000000084100000| PB 0x0000000084100000| Untracked |  0
|  66|0x0000000084200000, 0x0000000084300000, 0x0000000084300000|100%| O|  |TAMS 0x0000000084200000| PB 0x0000000084200000| Untracked |  0
|  67|0x0000000084300000, 0x0000000084400000, 0x0000000084400000|100%|HS|  |TAMS 0x0000000084300000| PB 0x0000000084300000| Complete |  0
|  68|0x0000000084400000, 0x0000000084500000, 0x0000000084500000|100%| O|  |TAMS 0x0000000084400000| PB 0x0000000084400000| Untracked |  0
|  69|0x0000000084500000, 0x0000000084600000, 0x0000000084600000|100%| O|  |TAMS 0x0000000084500000| PB 0x0000000084500000| Untracked |  0
|  70|0x0000000084600000, 0x0000000084700000, 0x0000000084700000|100%| O|  |TAMS 0x0000000084600000| PB 0x0000000084600000| Untracked |  0
|  71|0x0000000084700000, 0x0000000084800000, 0x0000000084800000|100%| O|  |TAMS 0x0000000084700000| PB 0x0000000084700000| Untracked |  0
|  72|0x0000000084800000, 0x0000000084900000, 0x0000000084900000|100%| O|  |TAMS 0x0000000084800000| PB 0x0000000084800000| Untracked |  0
|  73|0x0000000084900000, 0x0000000084a00000, 0x0000000084a00000|100%| O|  |TAMS 0x0000000084900000| PB 0x0000000084900000| Untracked |  0
|  74|0x0000000084a00000, 0x0000000084b00000, 0x0000000084b00000|100%| O|  |TAMS 0x0000000084a00000| PB 0x0000000084a00000| Untracked |  0
|  75|0x0000000084b00000, 0x0000000084c00000, 0x0000000084c00000|100%| O|  |TAMS 0x0000000084b00000| PB 0x0000000084b00000| Untracked |  0
|  76|0x0000000084c00000, 0x0000000084d00000, 0x0000000084d00000|100%| O|  |TAMS 0x0000000084c00000| PB 0x0000000084c00000| Untracked |  0
|  77|0x0000000084d00000, 0x0000000084e00000, 0x0000000084e00000|100%| O|  |TAMS 0x0000000084d00000| PB 0x0000000084d00000| Untracked |  0
|  78|0x0000000084e00000, 0x0000000084f00000, 0x0000000084f00000|100%| O|  |TAMS 0x0000000084e00000| PB 0x0000000084e00000| Untracked |  0
|  79|0x0000000084f00000, 0x0000000085000000, 0x0000000085000000|100%| O|  |TAMS 0x0000000084f00000| PB 0x0000000084f00000| Untracked |  0
|  80|0x0000000085000000, 0x0000000085100000, 0x0000000085100000|100%| O|Cm|TAMS 0x0000000085000000| PB 0x0000000085000000| Complete |  0
|  81|0x0000000085100000, 0x0000000085200000, 0x0000000085200000|100%| O|  |TAMS 0x0000000085100000| PB 0x0000000085100000| Untracked |  0
|  82|0x0000000085200000, 0x0000000085300000, 0x0000000085300000|100%| O|  |TAMS 0x0000000085200000| PB 0x0000000085200000| Untracked |  0
|  83|0x0000000085300000, 0x0000000085400000, 0x0000000085400000|100%| O|  |TAMS 0x0000000085300000| PB 0x0000000085300000| Untracked |  0
|  84|0x0000000085400000, 0x0000000085500000, 0x0000000085500000|100%| O|  |TAMS 0x0000000085400000| PB 0x0000000085400000| Untracked |  0
|  85|0x0000000085500000, 0x0000000085600000, 0x0000000085600000|100%| O|  |TAMS 0x0000000085500000| PB 0x0000000085500000| Untracked |  0
|  86|0x0000000085600000, 0x0000000085700000, 0x0000000085700000|100%| O|  |TAMS 0x0000000085600000| PB 0x0000000085600000| Untracked |  0
|  87|0x0000000085700000, 0x0000000085800000, 0x0000000085800000|100%| O|  |TAMS 0x0000000085700000| PB 0x0000000085700000| Untracked |  0
|  88|0x0000000085800000, 0x0000000085900000, 0x0000000085900000|100%| O|  |TAMS 0x0000000085800000| PB 0x0000000085800000| Untracked |  0
|  89|0x0000000085900000, 0x0000000085a00000, 0x0000000085a00000|100%| O|  |TAMS 0x0000000085900000| PB 0x0000000085900000| Untracked |  0
|  90|0x0000000085a00000, 0x0000000085b00000, 0x0000000085b00000|100%| O|  |TAMS 0x0000000085a00000| PB 0x0000000085a00000| Untracked |  0
|  91|0x0000000085b00000, 0x0000000085c00000, 0x0000000085c00000|100%| O|  |TAMS 0x0000000085b00000| PB 0x0000000085b00000| Untracked |  0
|  92|0x0000000085c00000, 0x0000000085d00000, 0x0000000085d00000|100%| O|  |TAMS 0x0000000085c00000| PB 0x0000000085c00000| Untracked |  0
|  93|0x0000000085d00000, 0x0000000085e00000, 0x0000000085e00000|100%| O|  |TAMS 0x0000000085d00000| PB 0x0000000085d00000| Untracked |  0
|  94|0x0000000085e00000, 0x0000000085f00000, 0x0000000085f00000|100%| O|  |TAMS 0x0000000085e00000| PB 0x0000000085e00000| Untracked |  0
|  95|0x0000000085f00000, 0x0000000086000000, 0x0000000086000000|100%| O|  |TAMS 0x0000000085f00000| PB 0x0000000085f00000| Untracked |  0
|  96|0x0000000086000000, 0x0000000086100000, 0x0000000086100000|100%| O|  |TAMS 0x0000000086000000| PB 0x0000000086000000| Untracked |  0
|  97|0x0000000086100000, 0x0000000086200000, 0x0000000086200000|100%| O|  |TAMS 0x0000000086100000| PB 0x0000000086100000| Untracked |  0
|  98|0x0000000086200000, 0x0000000086300000, 0x0000000086300000|100%| O|  |TAMS 0x0000000086200000| PB 0x0000000086200000| Untracked |  0
|  99|0x0000000086300000, 0x0000000086400000, 0x0000000086400000|100%| O|  |TAMS 0x0000000086300000| PB 0x0000000086300000| Untracked |  0
| 100|0x0000000086400000, 0x0000000086500000, 0x0000000086500000|100%| O|  |TAMS 0x0000000086400000| PB 0x0000000086400000| Untracked |  0
| 101|0x0000000086500000, 0x0000000086600000, 0x0000000086600000|100%| O|  |TAMS 0x0000000086500000| PB 0x0000000086500000| Untracked |  0
| 102|0x0000000086600000, 0x0000000086700000, 0x0000000086700000|100%| O|  |TAMS 0x0000000086600000| PB 0x0000000086600000| Untracked |  0
| 103|0x0000000086700000, 0x0000000086800000, 0x0000000086800000|100%| O|  |TAMS 0x0000000086700000| PB 0x0000000086700000| Untracked |  0
| 104|0x0000000086800000, 0x0000000086900000, 0x0000000086900000|100%| O|  |TAMS 0x0000000086800000| PB 0x0000000086800000| Untracked |  0
| 105|0x0000000086900000, 0x0000000086a00000, 0x0000000086a00000|100%| O|  |TAMS 0x0000000086900000| PB 0x0000000086900000| Untracked |  0
| 106|0x0000000086a00000, 0x0000000086b00000, 0x0000000086b00000|100%| O|  |TAMS 0x0000000086a00000| PB 0x0000000086a00000| Untracked |  0
| 107|0x0000000086b00000, 0x0000000086c00000, 0x0000000086c00000|100%| O|  |TAMS 0x0000000086b00000| PB 0x0000000086b00000| Untracked |  0
| 108|0x0000000086c00000, 0x0000000086d00000, 0x0000000086d00000|100%| O|  |TAMS 0x0000000086c00000| PB 0x0000000086c00000| Untracked |  0
| 109|0x0000000086d00000, 0x0000000086e00000, 0x0000000086e00000|100%| O|  |TAMS 0x0000000086d00000| PB 0x0000000086d00000| Untracked |  0
| 110|0x0000000086e00000, 0x0000000086f00000, 0x0000000086f00000|100%| O|  |TAMS 0x0000000086e00000| PB 0x0000000086e00000| Untracked |  0
| 111|0x0000000086f00000, 0x0000000087000000, 0x0000000087000000|100%| O|Cm|TAMS 0x0000000086f00000| PB 0x0000000086f00000| Complete |  0
| 112|0x0000000087000000, 0x0000000087100000, 0x0000000087100000|100%| O|  |TAMS 0x0000000087000000| PB 0x0000000087000000| Untracked |  0
| 113|0x0000000087100000, 0x0000000087200000, 0x0000000087200000|100%| O|  |TAMS 0x0000000087100000| PB 0x0000000087100000| Untracked |  0
| 114|0x0000000087200000, 0x0000000087300000, 0x0000000087300000|100%| O|  |TAMS 0x0000000087200000| PB 0x0000000087200000| Untracked |  0
| 115|0x0000000087300000, 0x0000000087400000, 0x0000000087400000|100%| O|  |TAMS 0x0000000087300000| PB 0x0000000087300000| Untracked |  0
| 116|0x0000000087400000, 0x0000000087500000, 0x0000000087500000|100%| O|  |TAMS 0x0000000087400000| PB 0x0000000087400000| Untracked |  0
| 117|0x0000000087500000, 0x0000000087600000, 0x0000000087600000|100%| O|  |TAMS 0x0000000087500000| PB 0x0000000087500000| Untracked |  0
| 118|0x0000000087600000, 0x0000000087700000, 0x0000000087700000|100%| O|  |TAMS 0x0000000087600000| PB 0x0000000087600000| Untracked |  0
| 119|0x0000000087700000, 0x0000000087800000, 0x0000000087800000|100%| O|  |TAMS 0x0000000087700000| PB 0x0000000087700000| Untracked |  0
| 120|0x0000000087800000, 0x0000000087900000, 0x0000000087900000|100%| O|  |TAMS 0x0000000087800000| PB 0x0000000087800000| Untracked |  0
| 121|0x0000000087900000, 0x0000000087a00000, 0x0000000087a00000|100%| O|  |TAMS 0x0000000087900000| PB 0x0000000087900000| Untracked |  0
| 122|0x0000000087a00000, 0x0000000087b00000, 0x0000000087b00000|100%| O|  |TAMS 0x0000000087a00000| PB 0x0000000087a00000| Untracked |  0
| 123|0x0000000087b00000, 0x0000000087c00000, 0x0000000087c00000|100%| O|  |TAMS 0x0000000087b00000| PB 0x0000000087b00000| Untracked |  0
| 124|0x0000000087c00000, 0x0000000087d00000, 0x0000000087d00000|100%| O|  |TAMS 0x0000000087c00000| PB 0x0000000087c00000| Untracked |  0
| 125|0x0000000087d00000, 0x0000000087e00000, 0x0000000087e00000|100%| O|  |TAMS 0x0000000087d00000| PB 0x0000000087d00000| Untracked |  0
| 126|0x0000000087e00000, 0x0000000087f00000, 0x0000000087f00000|100%| O|  |TAMS 0x0000000087e00000| PB 0x0000000087e00000| Untracked |  0
| 127|0x0000000087f00000, 0x0000000088000000, 0x0000000088000000|100%| O|Cm|TAMS 0x0000000087f00000| PB 0x0000000087f00000| Complete |  0
| 128|0x0000000088000000, 0x0000000088000000, 0x0000000088100000|  0%| F|  |TAMS 0x0000000088000000| PB 0x0000000088000000| Untracked |  0
| 129|0x0000000088100000, 0x0000000088200000, 0x0000000088200000|100%| O|  |TAMS 0x0000000088100000| PB 0x0000000088100000| Untracked |  0
| 130|0x0000000088200000, 0x0000000088300000, 0x0000000088300000|100%| O|  |TAMS 0x0000000088200000| PB 0x0000000088200000| Untracked |  0
| 131|0x0000000088300000, 0x0000000088400000, 0x0000000088400000|100%|HS|  |TAMS 0x0000000088300000| PB 0x0000000088300000| Complete |  0
| 132|0x0000000088400000, 0x0000000088400000, 0x0000000088500000|  0%| F|  |TAMS 0x0000000088400000| PB 0x0000000088400000| Untracked |  0
| 133|0x0000000088500000, 0x0000000088600000, 0x0000000088600000|100%|HS|  |TAMS 0x0000000088500000| PB 0x0000000088500000| Complete |  0
| 134|0x0000000088600000, 0x0000000088700000, 0x0000000088700000|100%|HC|  |TAMS 0x0000000088600000| PB 0x0000000088600000| Complete |  0
| 135|0x0000000088700000, 0x0000000088800000, 0x0000000088800000|100%| O|  |TAMS 0x0000000088700000| PB 0x0000000088700000| Untracked |  0
| 136|0x0000000088800000, 0x0000000088900000, 0x0000000088900000|100%| O|  |TAMS 0x0000000088800000| PB 0x0000000088800000| Untracked |  0
| 137|0x0000000088900000, 0x0000000088a00000, 0x0000000088a00000|100%| O|  |TAMS 0x0000000088900000| PB 0x0000000088900000| Untracked |  0
| 138|0x0000000088a00000, 0x0000000088b00000, 0x0000000088b00000|100%| O|  |TAMS 0x0000000088a00000| PB 0x0000000088a00000| Untracked |  0
| 139|0x0000000088b00000, 0x0000000088c00000, 0x0000000088c00000|100%| O|  |TAMS 0x0000000088b00000| PB 0x0000000088b00000| Untracked |  0
| 140|0x0000000088c00000, 0x0000000088d00000, 0x0000000088d00000|100%| O|  |TAMS 0x0000000088c00000| PB 0x0000000088c00000| Untracked |  0
| 141|0x0000000088d00000, 0x0000000088e00000, 0x0000000088e00000|100%| O|  |TAMS 0x0000000088d00000| PB 0x0000000088d00000| Untracked |  0
| 142|0x0000000088e00000, 0x0000000088f00000, 0x0000000088f00000|100%| O|  |TAMS 0x0000000088e00000| PB 0x0000000088e00000| Untracked |  0
| 143|0x0000000088f00000, 0x0000000089000000, 0x0000000089000000|100%| O|  |TAMS 0x0000000088f00000| PB 0x0000000088f00000| Untracked |  0
| 144|0x0000000089000000, 0x0000000089100000, 0x0000000089100000|100%| O|  |TAMS 0x0000000089000000| PB 0x0000000089000000| Untracked |  0
| 145|0x0000000089100000, 0x0000000089200000, 0x0000000089200000|100%| O|  |TAMS 0x0000000089100000| PB 0x0000000089100000| Untracked |  0
| 146|0x0000000089200000, 0x0000000089300000, 0x0000000089300000|100%| O|  |TAMS 0x0000000089200000| PB 0x0000000089200000| Untracked |  0
| 147|0x0000000089300000, 0x0000000089400000, 0x0000000089400000|100%| O|  |TAMS 0x0000000089300000| PB 0x0000000089300000| Untracked |  0
| 148|0x0000000089400000, 0x0000000089500000, 0x0000000089500000|100%| O|  |TAMS 0x0000000089400000| PB 0x0000000089400000| Untracked |  0
| 149|0x0000000089500000, 0x0000000089600000, 0x0000000089600000|100%| O|  |TAMS 0x0000000089500000| PB 0x0000000089500000| Untracked |  0
| 150|0x0000000089600000, 0x0000000089700000, 0x0000000089700000|100%| O|  |TAMS 0x0000000089600000| PB 0x0000000089600000| Untracked |  0
| 151|0x0000000089700000, 0x0000000089800000, 0x0000000089800000|100%| O|  |TAMS 0x0000000089700000| PB 0x0000000089700000| Untracked |  0
| 152|0x0000000089800000, 0x0000000089900000, 0x0000000089900000|100%| O|  |TAMS 0x0000000089800000| PB 0x0000000089800000| Untracked |  0
| 153|0x0000000089900000, 0x0000000089a00000, 0x0000000089a00000|100%| O|  |TAMS 0x0000000089900000| PB 0x0000000089900000| Untracked |  0
| 154|0x0000000089a00000, 0x0000000089b00000, 0x0000000089b00000|100%| O|  |TAMS 0x0000000089a00000| PB 0x0000000089a00000| Untracked |  0
| 155|0x0000000089b00000, 0x0000000089c00000, 0x0000000089c00000|100%| O|  |TAMS 0x0000000089b00000| PB 0x0000000089b00000| Untracked |  0
| 156|0x0000000089c00000, 0x0000000089d00000, 0x0000000089d00000|100%| O|Cm|TAMS 0x0000000089c00000| PB 0x0000000089c00000| Complete |  0
| 157|0x0000000089d00000, 0x0000000089e00000, 0x0000000089e00000|100%| O|  |TAMS 0x0000000089d00000| PB 0x0000000089d00000| Untracked |  0
| 158|0x0000000089e00000, 0x0000000089f00000, 0x0000000089f00000|100%|HS|  |TAMS 0x0000000089e00000| PB 0x0000000089e00000| Complete |  0
| 159|0x0000000089f00000, 0x000000008a000000, 0x000000008a000000|100%|HC|  |TAMS 0x0000000089f00000| PB 0x0000000089f00000| Complete |  0
| 160|0x000000008a000000, 0x000000008a100000, 0x000000008a100000|100%|HS|  |TAMS 0x000000008a000000| PB 0x000000008a000000| Complete |  0
| 161|0x000000008a100000, 0x000000008a200000, 0x000000008a200000|100%|HC|  |TAMS 0x000000008a100000| PB 0x000000008a100000| Complete |  0
| 162|0x000000008a200000, 0x000000008a300000, 0x000000008a300000|100%|HC|  |TAMS 0x000000008a200000| PB 0x000000008a200000| Complete |  0
| 163|0x000000008a300000, 0x000000008a400000, 0x000000008a400000|100%|HS|  |TAMS 0x000000008a300000| PB 0x000000008a300000| Complete |  0
| 164|0x000000008a400000, 0x000000008a500000, 0x000000008a500000|100%|HC|  |TAMS 0x000000008a400000| PB 0x000000008a400000| Complete |  0
| 165|0x000000008a500000, 0x000000008a500000, 0x000000008a600000|  0%| F|  |TAMS 0x000000008a500000| PB 0x000000008a500000| Untracked |  0
| 166|0x000000008a600000, 0x000000008a600000, 0x000000008a700000|  0%| F|  |TAMS 0x000000008a600000| PB 0x000000008a600000| Untracked |  0
| 167|0x000000008a700000, 0x000000008a700000, 0x000000008a800000|  0%| F|  |TAMS 0x000000008a700000| PB 0x000000008a700000| Untracked |  0
| 168|0x000000008a800000, 0x000000008a800000, 0x000000008a900000|  0%| F|  |TAMS 0x000000008a800000| PB 0x000000008a800000| Untracked |  0
| 169|0x000000008a900000, 0x000000008a900000, 0x000000008aa00000|  0%| F|  |TAMS 0x000000008a900000| PB 0x000000008a900000| Untracked |  0
| 170|0x000000008aa00000, 0x000000008aa00000, 0x000000008ab00000|  0%| F|  |TAMS 0x000000008aa00000| PB 0x000000008aa00000| Untracked |  0
| 171|0x000000008ab00000, 0x000000008ab00000, 0x000000008ac00000|  0%| F|  |TAMS 0x000000008ab00000| PB 0x000000008ab00000| Untracked |  0
| 172|0x000000008ac00000, 0x000000008ac00000, 0x000000008ad00000|  0%| F|  |TAMS 0x000000008ac00000| PB 0x000000008ac00000| Untracked |  0
| 173|0x000000008ad00000, 0x000000008ad00000, 0x000000008ae00000|  0%| F|  |TAMS 0x000000008ad00000| PB 0x000000008ad00000| Untracked |  0
| 174|0x000000008ae00000, 0x000000008ae00000, 0x000000008af00000|  0%| F|  |TAMS 0x000000008ae00000| PB 0x000000008ae00000| Untracked |  0
| 175|0x000000008af00000, 0x000000008af00000, 0x000000008b000000|  0%| F|  |TAMS 0x000000008af00000| PB 0x000000008af00000| Untracked |  0
| 176|0x000000008b000000, 0x000000008b000000, 0x000000008b100000|  0%| F|  |TAMS 0x000000008b000000| PB 0x000000008b000000| Untracked |  0
| 177|0x000000008b100000, 0x000000008b100000, 0x000000008b200000|  0%| F|  |TAMS 0x000000008b100000| PB 0x000000008b100000| Untracked |  0
| 178|0x000000008b200000, 0x000000008b200000, 0x000000008b300000|  0%| F|  |TAMS 0x000000008b200000| PB 0x000000008b200000| Untracked |  0
| 179|0x000000008b300000, 0x000000008b300000, 0x000000008b400000|  0%| F|  |TAMS 0x000000008b300000| PB 0x000000008b300000| Untracked |  0
| 180|0x000000008b400000, 0x000000008b400000, 0x000000008b500000|  0%| F|  |TAMS 0x000000008b400000| PB 0x000000008b400000| Untracked |  0
| 181|0x000000008b500000, 0x000000008b500000, 0x000000008b600000|  0%| F|  |TAMS 0x000000008b500000| PB 0x000000008b500000| Untracked |  0
| 182|0x000000008b600000, 0x000000008b600000, 0x000000008b700000|  0%| F|  |TAMS 0x000000008b600000| PB 0x000000008b600000| Untracked |  0
| 183|0x000000008b700000, 0x000000008b700000, 0x000000008b800000|  0%| F|  |TAMS 0x000000008b700000| PB 0x000000008b700000| Untracked |  0
| 184|0x000000008b800000, 0x000000008b800000, 0x000000008b900000|  0%| F|  |TAMS 0x000000008b800000| PB 0x000000008b800000| Untracked |  0
| 185|0x000000008b900000, 0x000000008b900000, 0x000000008ba00000|  0%| F|  |TAMS 0x000000008b900000| PB 0x000000008b900000| Untracked |  0
| 186|0x000000008ba00000, 0x000000008ba00000, 0x000000008bb00000|  0%| F|  |TAMS 0x000000008ba00000| PB 0x000000008ba00000| Untracked |  0
| 187|0x000000008bb00000, 0x000000008bb00000, 0x000000008bc00000|  0%| F|  |TAMS 0x000000008bb00000| PB 0x000000008bb00000| Untracked |  0
| 188|0x000000008bc00000, 0x000000008bc00000, 0x000000008bd00000|  0%| F|  |TAMS 0x000000008bc00000| PB 0x000000008bc00000| Untracked |  0
| 189|0x000000008bd00000, 0x000000008bd00000, 0x000000008be00000|  0%| F|  |TAMS 0x000000008bd00000| PB 0x000000008bd00000| Untracked |  0
| 190|0x000000008be00000, 0x000000008be00000, 0x000000008bf00000|  0%| F|  |TAMS 0x000000008be00000| PB 0x000000008be00000| Untracked |  0
| 191|0x000000008bf00000, 0x000000008bf00000, 0x000000008c000000|  0%| F|  |TAMS 0x000000008bf00000| PB 0x000000008bf00000| Untracked |  0
| 192|0x000000008c000000, 0x000000008c000000, 0x000000008c100000|  0%| F|  |TAMS 0x000000008c000000| PB 0x000000008c000000| Untracked |  0
| 193|0x000000008c100000, 0x000000008c100000, 0x000000008c200000|  0%| F|  |TAMS 0x000000008c100000| PB 0x000000008c100000| Untracked |  0
| 194|0x000000008c200000, 0x000000008c200000, 0x000000008c300000|  0%| F|  |TAMS 0x000000008c200000| PB 0x000000008c200000| Untracked |  0
| 195|0x000000008c300000, 0x000000008c300000, 0x000000008c400000|  0%| F|  |TAMS 0x000000008c300000| PB 0x000000008c300000| Untracked |  0
| 196|0x000000008c400000, 0x000000008c400000, 0x000000008c500000|  0%| F|  |TAMS 0x000000008c400000| PB 0x000000008c400000| Untracked |  0
| 197|0x000000008c500000, 0x000000008c500000, 0x000000008c600000|  0%| F|  |TAMS 0x000000008c500000| PB 0x000000008c500000| Untracked |  0
| 198|0x000000008c600000, 0x000000008c600000, 0x000000008c700000|  0%| F|  |TAMS 0x000000008c600000| PB 0x000000008c600000| Untracked |  0
| 199|0x000000008c700000, 0x000000008c700000, 0x000000008c800000|  0%| F|  |TAMS 0x000000008c700000| PB 0x000000008c700000| Untracked |  0
| 200|0x000000008c800000, 0x000000008c800000, 0x000000008c900000|  0%| F|  |TAMS 0x000000008c800000| PB 0x000000008c800000| Untracked |  0
| 201|0x000000008c900000, 0x000000008c900000, 0x000000008ca00000|  0%| F|  |TAMS 0x000000008c900000| PB 0x000000008c900000| Untracked |  0
| 202|0x000000008ca00000, 0x000000008ca00000, 0x000000008cb00000|  0%| F|  |TAMS 0x000000008ca00000| PB 0x000000008ca00000| Untracked |  0
| 203|0x000000008cb00000, 0x000000008cb00000, 0x000000008cc00000|  0%| F|  |TAMS 0x000000008cb00000| PB 0x000000008cb00000| Untracked |  0
| 204|0x000000008cc00000, 0x000000008cc00000, 0x000000008cd00000|  0%| F|  |TAMS 0x000000008cc00000| PB 0x000000008cc00000| Untracked |  0
| 205|0x000000008cd00000, 0x000000008cd00000, 0x000000008ce00000|  0%| F|  |TAMS 0x000000008cd00000| PB 0x000000008cd00000| Untracked |  0
| 206|0x000000008ce00000, 0x000000008ce00000, 0x000000008cf00000|  0%| F|  |TAMS 0x000000008ce00000| PB 0x000000008ce00000| Untracked |  0
| 207|0x000000008cf00000, 0x000000008cf00000, 0x000000008d000000|  0%| F|  |TAMS 0x000000008cf00000| PB 0x000000008cf00000| Untracked |  0
| 208|0x000000008d000000, 0x000000008d0ccbb0, 0x000000008d100000| 79%| S|CS|TAMS 0x000000008d000000| PB 0x000000008d000000| Complete |  0
| 209|0x000000008d100000, 0x000000008d200000, 0x000000008d200000|100%| S|CS|TAMS 0x000000008d100000| PB 0x000000008d100000| Complete |  0
| 210|0x000000008d200000, 0x000000008d200000, 0x000000008d300000|  0%| F|  |TAMS 0x000000008d200000| PB 0x000000008d200000| Untracked |  0
| 211|0x000000008d300000, 0x000000008d300000, 0x000000008d400000|  0%| F|  |TAMS 0x000000008d300000| PB 0x000000008d300000| Untracked |  0
| 212|0x000000008d400000, 0x000000008d400000, 0x000000008d500000|  0%| F|  |TAMS 0x000000008d400000| PB 0x000000008d400000| Untracked |  0
| 213|0x000000008d500000, 0x000000008d500000, 0x000000008d600000|  0%| F|  |TAMS 0x000000008d500000| PB 0x000000008d500000| Untracked |  0
| 214|0x000000008d600000, 0x000000008d600000, 0x000000008d700000|  0%| F|  |TAMS 0x000000008d600000| PB 0x000000008d600000| Untracked |  0
| 215|0x000000008d700000, 0x000000008d700000, 0x000000008d800000|  0%| F|  |TAMS 0x000000008d700000| PB 0x000000008d700000| Untracked |  0
| 216|0x000000008d800000, 0x000000008d800000, 0x000000008d900000|  0%| F|  |TAMS 0x000000008d800000| PB 0x000000008d800000| Untracked |  0
| 217|0x000000008d900000, 0x000000008d900000, 0x000000008da00000|  0%| F|  |TAMS 0x000000008d900000| PB 0x000000008d900000| Untracked |  0
| 218|0x000000008da00000, 0x000000008da00000, 0x000000008db00000|  0%| F|  |TAMS 0x000000008da00000| PB 0x000000008da00000| Untracked |  0
| 219|0x000000008db00000, 0x000000008db00000, 0x000000008dc00000|  0%| F|  |TAMS 0x000000008db00000| PB 0x000000008db00000| Untracked |  0
| 220|0x000000008dc00000, 0x000000008dc00000, 0x000000008dd00000|  0%| F|  |TAMS 0x000000008dc00000| PB 0x000000008dc00000| Untracked |  0
| 221|0x000000008dd00000, 0x000000008dd00000, 0x000000008de00000|  0%| F|  |TAMS 0x000000008dd00000| PB 0x000000008dd00000| Untracked |  0
| 222|0x000000008de00000, 0x000000008de00000, 0x000000008df00000|  0%| F|  |TAMS 0x000000008de00000| PB 0x000000008de00000| Untracked |  0
| 223|0x000000008df00000, 0x000000008df00000, 0x000000008e000000|  0%| F|  |TAMS 0x000000008df00000| PB 0x000000008df00000| Untracked |  0
| 224|0x000000008e000000, 0x000000008e000000, 0x000000008e100000|  0%| F|  |TAMS 0x000000008e000000| PB 0x000000008e000000| Untracked |  0
| 225|0x000000008e100000, 0x000000008e100000, 0x000000008e200000|  0%| F|  |TAMS 0x000000008e100000| PB 0x000000008e100000| Untracked |  0
| 226|0x000000008e200000, 0x000000008e200000, 0x000000008e300000|  0%| F|  |TAMS 0x000000008e200000| PB 0x000000008e200000| Untracked |  0
| 227|0x000000008e300000, 0x000000008e300000, 0x000000008e400000|  0%| F|  |TAMS 0x000000008e300000| PB 0x000000008e300000| Untracked |  0
| 228|0x000000008e400000, 0x000000008e400000, 0x000000008e500000|  0%| F|  |TAMS 0x000000008e400000| PB 0x000000008e400000| Untracked |  0
| 229|0x000000008e500000, 0x000000008e500000, 0x000000008e600000|  0%| F|  |TAMS 0x000000008e500000| PB 0x000000008e500000| Untracked |  0
| 230|0x000000008e600000, 0x000000008e600000, 0x000000008e700000|  0%| F|  |TAMS 0x000000008e600000| PB 0x000000008e600000| Untracked |  0
| 231|0x000000008e700000, 0x000000008e700000, 0x000000008e800000|  0%| F|  |TAMS 0x000000008e700000| PB 0x000000008e700000| Untracked |  0
| 232|0x000000008e800000, 0x000000008e800000, 0x000000008e900000|  0%| F|  |TAMS 0x000000008e800000| PB 0x000000008e800000| Untracked |  0
| 233|0x000000008e900000, 0x000000008e900000, 0x000000008ea00000|  0%| F|  |TAMS 0x000000008e900000| PB 0x000000008e900000| Untracked |  0
| 234|0x000000008ea00000, 0x000000008ea00000, 0x000000008eb00000|  0%| F|  |TAMS 0x000000008ea00000| PB 0x000000008ea00000| Untracked |  0
| 235|0x000000008eb00000, 0x000000008eb00000, 0x000000008ec00000|  0%| F|  |TAMS 0x000000008eb00000| PB 0x000000008eb00000| Untracked |  0
| 236|0x000000008ec00000, 0x000000008ec00000, 0x000000008ed00000|  0%| F|  |TAMS 0x000000008ec00000| PB 0x000000008ec00000| Untracked |  0
| 237|0x000000008ed00000, 0x000000008ed00000, 0x000000008ee00000|  0%| F|  |TAMS 0x000000008ed00000| PB 0x000000008ed00000| Untracked |  0
| 238|0x000000008ee00000, 0x000000008ee00000, 0x000000008ef00000|  0%| F|  |TAMS 0x000000008ee00000| PB 0x000000008ee00000| Untracked |  0
| 239|0x000000008ef00000, 0x000000008ef00000, 0x000000008f000000|  0%| F|  |TAMS 0x000000008ef00000| PB 0x000000008ef00000| Untracked |  0
| 240|0x000000008f000000, 0x000000008f000000, 0x000000008f100000|  0%| F|  |TAMS 0x000000008f000000| PB 0x000000008f000000| Untracked |  0
| 241|0x000000008f100000, 0x000000008f100000, 0x000000008f200000|  0%| F|  |TAMS 0x000000008f100000| PB 0x000000008f100000| Untracked |  0
| 242|0x000000008f200000, 0x000000008f200000, 0x000000008f300000|  0%| F|  |TAMS 0x000000008f200000| PB 0x000000008f200000| Untracked |  0
| 243|0x000000008f300000, 0x000000008f300000, 0x000000008f400000|  0%| F|  |TAMS 0x000000008f300000| PB 0x000000008f300000| Untracked |  0
| 244|0x000000008f400000, 0x000000008f400000, 0x000000008f500000|  0%| F|  |TAMS 0x000000008f400000| PB 0x000000008f400000| Untracked |  0
| 245|0x000000008f500000, 0x000000008f500000, 0x000000008f600000|  0%| F|  |TAMS 0x000000008f500000| PB 0x000000008f500000| Untracked |  0
| 246|0x000000008f600000, 0x000000008f600000, 0x000000008f700000|  0%| F|  |TAMS 0x000000008f600000| PB 0x000000008f600000| Untracked |  0
| 247|0x000000008f700000, 0x000000008f700000, 0x000000008f800000|  0%| F|  |TAMS 0x000000008f700000| PB 0x000000008f700000| Untracked |  0
| 248|0x000000008f800000, 0x000000008f800000, 0x000000008f900000|  0%| F|  |TAMS 0x000000008f800000| PB 0x000000008f800000| Untracked |  0
| 249|0x000000008f900000, 0x000000008f900000, 0x000000008fa00000|  0%| F|  |TAMS 0x000000008f900000| PB 0x000000008f900000| Untracked |  0
| 250|0x000000008fa00000, 0x000000008fa00000, 0x000000008fb00000|  0%| F|  |TAMS 0x000000008fa00000| PB 0x000000008fa00000| Untracked |  0
| 251|0x000000008fb00000, 0x000000008fb00000, 0x000000008fc00000|  0%| F|  |TAMS 0x000000008fb00000| PB 0x000000008fb00000| Untracked |  0
| 252|0x000000008fc00000, 0x000000008fc00000, 0x000000008fd00000|  0%| F|  |TAMS 0x000000008fc00000| PB 0x000000008fc00000| Untracked |  0
| 253|0x000000008fd00000, 0x000000008fd00000, 0x000000008fe00000|  0%| F|  |TAMS 0x000000008fd00000| PB 0x000000008fd00000| Untracked |  0
| 254|0x000000008fe00000, 0x000000008fe00000, 0x000000008ff00000|  0%| F|  |TAMS 0x000000008fe00000| PB 0x000000008fe00000| Untracked |  0
| 255|0x000000008ff00000, 0x000000008ff00000, 0x0000000090000000|  0%| F|  |TAMS 0x000000008ff00000| PB 0x000000008ff00000| Untracked |  0
| 256|0x0000000090000000, 0x0000000090000000, 0x0000000090100000|  0%| F|  |TAMS 0x0000000090000000| PB 0x0000000090000000| Untracked |  0
| 257|0x0000000090100000, 0x0000000090100000, 0x0000000090200000|  0%| F|  |TAMS 0x0000000090100000| PB 0x0000000090100000| Untracked |  0
| 258|0x0000000090200000, 0x0000000090200000, 0x0000000090300000|  0%| F|  |TAMS 0x0000000090200000| PB 0x0000000090200000| Untracked |  0
| 259|0x0000000090300000, 0x0000000090300000, 0x0000000090400000|  0%| F|  |TAMS 0x0000000090300000| PB 0x0000000090300000| Untracked |  0
| 260|0x0000000090400000, 0x0000000090400000, 0x0000000090500000|  0%| F|  |TAMS 0x0000000090400000| PB 0x0000000090400000| Untracked |  0
| 261|0x0000000090500000, 0x0000000090500000, 0x0000000090600000|  0%| F|  |TAMS 0x0000000090500000| PB 0x0000000090500000| Untracked |  0
| 262|0x0000000090600000, 0x0000000090600000, 0x0000000090700000|  0%| F|  |TAMS 0x0000000090600000| PB 0x0000000090600000| Untracked |  0
| 263|0x0000000090700000, 0x0000000090700000, 0x0000000090800000|  0%| F|  |TAMS 0x0000000090700000| PB 0x0000000090700000| Untracked |  0
| 264|0x0000000090800000, 0x0000000090800000, 0x0000000090900000|  0%| F|  |TAMS 0x0000000090800000| PB 0x0000000090800000| Untracked |  0
| 265|0x0000000090900000, 0x0000000090900000, 0x0000000090a00000|  0%| F|  |TAMS 0x0000000090900000| PB 0x0000000090900000| Untracked |  0
| 266|0x0000000090a00000, 0x0000000090a00000, 0x0000000090b00000|  0%| F|  |TAMS 0x0000000090a00000| PB 0x0000000090a00000| Untracked |  0
| 267|0x0000000090b00000, 0x0000000090b00000, 0x0000000090c00000|  0%| F|  |TAMS 0x0000000090b00000| PB 0x0000000090b00000| Untracked |  0
| 268|0x0000000090c00000, 0x0000000090c00000, 0x0000000090d00000|  0%| F|  |TAMS 0x0000000090c00000| PB 0x0000000090c00000| Untracked |  0
| 269|0x0000000090d00000, 0x0000000090d00000, 0x0000000090e00000|  0%| F|  |TAMS 0x0000000090d00000| PB 0x0000000090d00000| Untracked |  0
| 270|0x0000000090e00000, 0x0000000090e00000, 0x0000000090f00000|  0%| F|  |TAMS 0x0000000090e00000| PB 0x0000000090e00000| Untracked |  0
| 271|0x0000000090f00000, 0x0000000090f00000, 0x0000000091000000|  0%| F|  |TAMS 0x0000000090f00000| PB 0x0000000090f00000| Untracked |  0
| 272|0x0000000091000000, 0x0000000091000000, 0x0000000091100000|  0%| F|  |TAMS 0x0000000091000000| PB 0x0000000091000000| Untracked |  0
| 273|0x0000000091100000, 0x0000000091100000, 0x0000000091200000|  0%| F|  |TAMS 0x0000000091100000| PB 0x0000000091100000| Untracked |  0
| 274|0x0000000091200000, 0x0000000091200000, 0x0000000091300000|  0%| F|  |TAMS 0x0000000091200000| PB 0x0000000091200000| Untracked |  0
|2034|0x00000000ff200000, 0x00000000ff300000, 0x00000000ff300000|100%| O|Cm|TAMS 0x00000000ff200000| PB 0x00000000ff200000| Complete |  0
|2035|0x00000000ff300000, 0x00000000ff400000, 0x00000000ff400000|100%| O|  |TAMS 0x00000000ff300000| PB 0x00000000ff300000| Untracked |  0
|2036|0x00000000ff400000, 0x00000000ff500000, 0x00000000ff500000|100%| O|  |TAMS 0x00000000ff400000| PB 0x00000000ff400000| Untracked |  0
|2037|0x00000000ff500000, 0x00000000ff600000, 0x00000000ff600000|100%| O|  |TAMS 0x00000000ff500000| PB 0x00000000ff500000| Untracked |  0
|2038|0x00000000ff600000, 0x00000000ff700000, 0x00000000ff700000|100%| O|  |TAMS 0x00000000ff600000| PB 0x00000000ff600000| Untracked |  0
|2039|0x00000000ff700000, 0x00000000ff800000, 0x00000000ff800000|100%| O|  |TAMS 0x00000000ff700000| PB 0x00000000ff700000| Untracked |  0
|2040|0x00000000ff800000, 0x00000000ff900000, 0x00000000ff900000|100%| O|  |TAMS 0x00000000ff800000| PB 0x00000000ff800000| Untracked |  0
|2041|0x00000000ff900000, 0x00000000ffa00000, 0x00000000ffa00000|100%| O|  |TAMS 0x00000000ff900000| PB 0x00000000ff900000| Untracked |  0
|2042|0x00000000ffa00000, 0x00000000ffb00000, 0x00000000ffb00000|100%| O|  |TAMS 0x00000000ffa00000| PB 0x00000000ffa00000| Untracked |  0
|2043|0x00000000ffb00000, 0x00000000ffb00000, 0x00000000ffc00000|  0%| F|  |TAMS 0x00000000ffb00000| PB 0x00000000ffb00000| Untracked |  0
|2044|0x00000000ffc00000, 0x00000000ffc89d98, 0x00000000ffd00000| 53%| E|  |TAMS 0x00000000ffc00000| PB 0x00000000ffc00000| Complete |  0
|2045|0x00000000ffd00000, 0x00000000ffe00000, 0x00000000ffe00000|100%| E|CS|TAMS 0x00000000ffd00000| PB 0x00000000ffd00000| Complete |  0
|2046|0x00000000ffe00000, 0x00000000fff00000, 0x00000000fff00000|100%| O|  |TAMS 0x00000000ffe00000| PB 0x00000000ffe00000| Untracked |  0
|2047|0x00000000fff00000, 0x0000000100000000, 0x0000000100000000|100%| E|CS|TAMS 0x00000000fff00000| PB 0x00000000fff00000| Complete |  0

Card table byte_map: [0x000001c6fc5d0000,0x000001c6fc9d0000] _byte_map_base: 0x000001c6fc1d0000

Marking Bits: (CMBitMap*) 0x000001c6e4999040
 Bits: [0x000001c6fc9d0000, 0x000001c6fe9d0000)

Polling page: 0x000001c6e24b0000

Metaspace:

Usage:
  Non-class:     90.00 MB used.
      Class:     11.38 MB used.
       Both:    101.38 MB used.

Virtual space:
  Non-class space:      128.00 MB reserved,      91.12 MB ( 71%) committed,  2 nodes.
      Class space:        1.00 GB reserved,      12.38 MB (  1%) committed,  1 nodes.
             Both:        1.12 GB reserved,     103.50 MB (  9%) committed. 

Chunk freelists:
   Non-Class:  4.38 MB
       Class:  3.56 MB
        Both:  7.94 MB

MaxMetaspaceSize: unlimited
CompressedClassSpaceSize: 1.00 GB
Initial GC threshold: 21.00 MB
Current GC threshold: 172.50 MB
CDS: on
 - commit_granule_bytes: 65536.
 - commit_granule_words: 8192.
 - virtual_space_node_default_size: 8388608.
 - enlarge_chunks_in_place: 1.
UseCompressedClassPointers 1, UseCompactObjectHeaders 0
Narrow klass pointer bits 32, Max shift 3
Narrow klass base: 0x000001c682000000, Narrow klass shift: 0
Encoding Range: [0x000001c682000000 - 0x000001c782000000), (4294967296 bytes)
Klass Range:    [0x000001c682000000 - 0x000001c6c3000000), (1090519040 bytes)
Klass ID Range:  [8 - 1090519033) (1090519025)


Internal statistics:

num_allocs_failed_limit: 6.
num_arena_births: 3934.
num_arena_deaths: 0.
num_vsnodes_births: 3.
num_vsnodes_deaths: 0.
num_space_committed: 1655.
num_space_uncommitted: 0.
num_chunks_returned_to_freelist: 6.
num_chunks_taken_from_freelist: 8266.
num_chunk_merges: 0.
num_chunk_splits: 5589.
num_chunks_enlarged: 3766.
num_inconsistent_stats: 0.

CodeHeap 'non-profiled nmethods': size=120064Kb used=6806Kb max_used=7123Kb free=113257Kb
 bounds [0x000001c6f4c90000, 0x000001c6f5390000, 0x000001c6fc1d0000]
CodeHeap 'profiled nmethods': size=120000Kb used=20005Kb max_used=21061Kb free=99994Kb
 bounds [0x000001c6ed1d0000, 0x000001c6ee670000, 0x000001c6f4700000]
CodeHeap 'non-nmethods': size=5696Kb used=1995Kb max_used=2133Kb free=3700Kb
 bounds [0x000001c6f4700000, 0x000001c6f4970000, 0x000001c6f4c90000]
CodeCache: size=245760Kb, used=28806Kb, max_used=30317Kb, free=216951Kb
 total_blobs=13635, nmethods=12759, adapters=780, full_count=0
Compilation: enabled, stopped_count=0, restarted_count=0

Compilation events (20 events):
Event: 110.620 Thread 0x000001c6fefbe670 15516       4       java.lang.AbstractStringBuilder::inflate (42 bytes)
Event: 110.628 Thread 0x000001c6fefbe670 nmethod 15516 0x000001c6f5379988 code [0x000001c6f5379aa0, 0x000001c6f5379ec0]
Event: 111.067 Thread 0x000001c6cabc2560 nmethod 15507 0x000001c6f5379f08 code [0x000001c6f537a740, 0x000001c6f5382490]
Event: 111.249 Thread 0x000001c6cabc2560 15519       4       com.android.ide.common.blame.SourcePosition::<init> (38 bytes)
Event: 111.250 Thread 0x000001c6cabc2560 nmethod 15519 0x000001c6f5382808 code [0x000001c6f5382900, 0x000001c6f5382990]
Event: 111.272 Thread 0x000001c6cabc2560 15520       4       com.android.utils.XmlUtils::getSourceFilePosition (33 bytes)
Event: 111.273 Thread 0x000001c6fefbe670 15521       4       com.android.ide.common.blame.SourceFilePosition::equals (55 bytes)
Event: 111.288 Thread 0x000001c6fefbe670 nmethod 15521 0x000001c6f5382b08 code [0x000001c6f5382c60, 0x000001c6f53832a8]
Event: 111.322 Thread 0x000001c6cabc2560 nmethod 15520 0x000001c6f5383308 code [0x000001c6f53834e0, 0x000001c6f5384038]
Event: 111.333 Thread 0x000001c6fefbe670 15522       4       com.android.utils.PositionXmlParser::getPositionHelper (1180 bytes)
Event: 111.378 Thread 0x000001c6fefbe670 nmethod 15522 0x000001c6f5384188 code [0x000001c6f5384340, 0x000001c6f5384a40]
Event: 111.381 Thread 0x000001c6fefe2a10 15523       3       java.util.HashMap$ValueSpliterator::<init> (12 bytes)
Event: 111.382 Thread 0x000001c6fefe2a10 nmethod 15523 0x000001c6ee661188 code [0x000001c6ee6612a0, 0x000001c6ee6614c8]
Event: 112.374 Thread 0x000001c6cabc2560 15524       4       com.android.utils.XmlUtils$PositionAwareStringBuilder::getOffset (8 bytes)
Event: 112.375 Thread 0x000001c6cabc2560 nmethod 15524 0x000001c6f5384b88 code [0x000001c6f5384c80, 0x000001c6f5384d10]
Event: 112.521 Thread 0x000001c6fefbe670 15525       4       com.android.utils.XmlUtils::append (597 bytes)
Event: 112.707 Thread 0x000001c6fefe2a10 15528       2       com.android.utils.PositionXmlParser::getPositionHelper (1180 bytes)
Event: 112.722 Thread 0x000001c6fefe2a10 nmethod 15528 0x000001c6ed4b3508 code [0x000001c6ed4b3a40, 0x000001c6ed4b6778]
Event: 112.731 Thread 0x000001c6fefe2a10 15529       2       com.android.utils.XmlUtils::getSourceFilePosition (33 bytes)
Event: 112.731 Thread 0x000001c6fefe2a10 nmethod 15529 0x000001c6ed240b08 code [0x000001c6ed240c60, 0x000001c6ed240ff8]

GC Heap History (20 events):
Event: 52.986 GC heap before
{Heap before GC invocations=44 (full 0):
 garbage-first heap   total reserved 2097152K, committed 177152K, used 157660K [0x0000000080000000, 0x0000000100000000)
  region size 1024K, 64 young (65536K), 8 survivors (8192K)
 Metaspace       used 99242K, committed 101376K, reserved 1179648K
  class space    used 11289K, committed 12288K, reserved 1048576K
}
Event: 53.021 GC heap after
{Heap after GC invocations=45 (full 0):
 garbage-first heap   total reserved 2097152K, committed 177152K, used 106072K [0x0000000080000000, 0x0000000100000000)
  region size 1024K, 8 young (8192K), 8 survivors (8192K)
 Metaspace       used 99242K, committed 101376K, reserved 1179648K
  class space    used 11289K, committed 12288K, reserved 1048576K
}
Event: 57.099 GC heap before
{Heap before GC invocations=46 (full 0):
 garbage-first heap   total reserved 2097152K, committed 178176K, used 158296K [0x0000000080000000, 0x0000000100000000)
  region size 1024K, 59 young (60416K), 8 survivors (8192K)
 Metaspace       used 99582K, committed 101760K, reserved 1179648K
  class space    used 11308K, committed 12288K, reserved 1048576K
}
Event: 57.126 GC heap after
{Heap after GC invocations=47 (full 0):
 garbage-first heap   total reserved 2097152K, committed 178176K, used 114672K [0x0000000080000000, 0x0000000100000000)
  region size 1024K, 8 young (8192K), 8 survivors (8192K)
 Metaspace       used 99582K, committed 101760K, reserved 1179648K
  class space    used 11308K, committed 12288K, reserved 1048576K
}
Event: 58.399 GC heap before
{Heap before GC invocations=47 (full 0):
 garbage-first heap   total reserved 2097152K, committed 178176K, used 159728K [0x0000000080000000, 0x0000000100000000)
  region size 1024K, 52 young (53248K), 8 survivors (8192K)
 Metaspace       used 99587K, committed 101760K, reserved 1179648K
  class space    used 11308K, committed 12288K, reserved 1048576K
}
Event: 58.421 GC heap after
{Heap after GC invocations=48 (full 0):
 garbage-first heap   total reserved 2097152K, committed 178176K, used 114341K [0x0000000080000000, 0x0000000100000000)
  region size 1024K, 4 young (4096K), 4 survivors (4096K)
 Metaspace       used 99587K, committed 101760K, reserved 1179648K
  class space    used 11308K, committed 12288K, reserved 1048576K
}
Event: 59.913 GC heap before
{Heap before GC invocations=48 (full 0):
 garbage-first heap   total reserved 2097152K, committed 178176K, used 162469K [0x0000000080000000, 0x0000000100000000)
  region size 1024K, 52 young (53248K), 4 survivors (4096K)
 Metaspace       used 99615K, committed 101760K, reserved 1179648K
  class space    used 11310K, committed 12288K, reserved 1048576K
}
Event: 59.921 GC heap after
{Heap after GC invocations=49 (full 0):
 garbage-first heap   total reserved 2097152K, committed 178176K, used 115246K [0x0000000080000000, 0x0000000100000000)
  region size 1024K, 5 young (5120K), 5 survivors (5120K)
 Metaspace       used 99615K, committed 101760K, reserved 1179648K
  class space    used 11310K, committed 12288K, reserved 1048576K
}
Event: 61.482 GC heap before
{Heap before GC invocations=50 (full 0):
 garbage-first heap   total reserved 2097152K, committed 193536K, used 166446K [0x0000000080000000, 0x0000000100000000)
  region size 1024K, 51 young (52224K), 5 survivors (5120K)
 Metaspace       used 101125K, committed 103360K, reserved 1179648K
  class space    used 11443K, committed 12544K, reserved 1048576K
}
Event: 61.494 GC heap after
{Heap after GC invocations=51 (full 0):
 garbage-first heap   total reserved 2097152K, committed 193536K, used 117409K [0x0000000080000000, 0x0000000100000000)
  region size 1024K, 6 young (6144K), 6 survivors (6144K)
 Metaspace       used 101125K, committed 103360K, reserved 1179648K
  class space    used 11443K, committed 12544K, reserved 1048576K
}
Event: 64.305 GC heap before
{Heap before GC invocations=51 (full 0):
 garbage-first heap   total reserved 2097152K, committed 193536K, used 175777K [0x0000000080000000, 0x0000000100000000)
  region size 1024K, 63 young (64512K), 6 survivors (6144K)
 Metaspace       used 103024K, committed 105216K, reserved 1179648K
  class space    used 11608K, committed 12672K, reserved 1048576K
}
Event: 64.326 GC heap after
{Heap after GC invocations=52 (full 0):
 garbage-first heap   total reserved 2097152K, committed 193536K, used 121438K [0x0000000080000000, 0x0000000100000000)
  region size 1024K, 8 young (8192K), 8 survivors (8192K)
 Metaspace       used 103024K, committed 105216K, reserved 1179648K
  class space    used 11608K, committed 12672K, reserved 1048576K
}
Event: 74.503 GC heap before
{Heap before GC invocations=52 (full 0):
 garbage-first heap   total reserved 2097152K, committed 193536K, used 173662K [0x0000000080000000, 0x0000000100000000)
  region size 1024K, 60 young (61440K), 8 survivors (8192K)
 Metaspace       used 103327K, committed 105600K, reserved 1179648K
  class space    used 11610K, committed 12672K, reserved 1048576K
}
Event: 74.534 GC heap after
{Heap after GC invocations=53 (full 0):
 garbage-first heap   total reserved 2097152K, committed 199680K, used 138224K [0x0000000080000000, 0x0000000100000000)
  region size 1024K, 8 young (8192K), 8 survivors (8192K)
 Metaspace       used 103327K, committed 105600K, reserved 1179648K
  class space    used 11610K, committed 12672K, reserved 1048576K
}
Event: 77.773 GC heap before
{Heap before GC invocations=54 (full 0):
 garbage-first heap   total reserved 2097152K, committed 230400K, used 186352K [0x0000000080000000, 0x0000000100000000)
  region size 1024K, 46 young (47104K), 8 survivors (8192K)
 Metaspace       used 103332K, committed 105600K, reserved 1179648K
  class space    used 11610K, committed 12672K, reserved 1048576K
}
Event: 77.823 GC heap after
{Heap after GC invocations=55 (full 0):
 garbage-first heap   total reserved 2097152K, committed 230400K, used 162288K [0x0000000080000000, 0x0000000100000000)
  region size 1024K, 6 young (6144K), 6 survivors (6144K)
 Metaspace       used 103332K, committed 105600K, reserved 1179648K
  class space    used 11610K, committed 12672K, reserved 1048576K
}
Event: 106.618 GC heap before
{Heap before GC invocations=55 (full 0):
 garbage-first heap   total reserved 2097152K, committed 230400K, used 197104K [0x0000000080000000, 0x0000000100000000)
  region size 1024K, 40 young (40960K), 6 survivors (6144K)
 Metaspace       used 103625K, committed 105856K, reserved 1179648K
  class space    used 11635K, committed 12672K, reserved 1048576K
}
Event: 106.769 GC heap after
{Heap after GC invocations=56 (full 0):
 garbage-first heap   total reserved 2097152K, committed 230400K, used 168944K [0x0000000080000000, 0x0000000100000000)
  region size 1024K, 5 young (5120K), 5 survivors (5120K)
 Metaspace       used 103625K, committed 105856K, reserved 1179648K
  class space    used 11635K, committed 12672K, reserved 1048576K
}
Event: 110.089 GC heap before
{Heap before GC invocations=56 (full 0):
 garbage-first heap   total reserved 2097152K, committed 230400K, used 173040K [0x0000000080000000, 0x0000000100000000)
  region size 1024K, 10 young (10240K), 5 survivors (5120K)
 Metaspace       used 103777K, committed 105984K, reserved 1179648K
  class space    used 11647K, committed 12672K, reserved 1048576K
}
Event: 110.234 GC heap after
{Heap after GC invocations=57 (full 0):
 garbage-first heap   total reserved 2097152K, committed 230400K, used 171811K [0x0000000080000000, 0x0000000100000000)
  region size 1024K, 2 young (2048K), 2 survivors (2048K)
 Metaspace       used 103777K, committed 105984K, reserved 1179648K
  class space    used 11647K, committed 12672K, reserved 1048576K
}

Dll operation events (15 events):
Event: 0.032 Loaded shared library C:\Program Files\Java\jdk-24\bin\java.dll
Event: 0.092 Loaded shared library C:\Program Files\Java\jdk-24\bin\jsvml.dll
Event: 0.184 Loaded shared library C:\Program Files\Java\jdk-24\bin\zip.dll
Event: 0.195 Loaded shared library C:\Program Files\Java\jdk-24\bin\instrument.dll
Event: 0.203 Loaded shared library C:\Program Files\Java\jdk-24\bin\net.dll
Event: 0.210 Loaded shared library C:\Program Files\Java\jdk-24\bin\nio.dll
Event: 0.217 Loaded shared library C:\Program Files\Java\jdk-24\bin\zip.dll
Event: 0.906 Loaded shared library C:\Program Files\Java\jdk-24\bin\jimage.dll
Event: 1.621 Loaded shared library C:\Program Files\Java\jdk-24\bin\verify.dll
Event: 1.873 Loaded shared library C:\Users\musan\.gradle\native\1def1411415f61bf3af743bc5b6707747c0891f09f0c88961ee8f79bc544acac\windows-amd64\native-platform.dll
Event: 1.903 Loaded shared library C:\Users\musan\.gradle\native\0.2.7\x86_64-windows-gnu\gradle-fileevents.dll
Event: 4.302 Loaded shared library C:\Program Files\Java\jdk-24\bin\management.dll
Event: 4.305 Loaded shared library C:\Program Files\Java\jdk-24\bin\management_ext.dll
Event: 4.543 Loaded shared library C:\Program Files\Java\jdk-24\bin\extnet.dll
Event: 5.100 Loaded shared library C:\Program Files\Java\jdk-24\bin\sunmscapi.dll

Deoptimization events (20 events):
Event: 112.707 Thread 0x000001c6ccbb8a70 Uncommon trap: trap_request=0xffffffde fr.pc=0x000001c6f5372590 relative=0x00000000000005d0
Event: 112.707 Thread 0x000001c6ccbb8a70 Uncommon trap: reason=class_check action=maybe_recompile pc=0x000001c6f5372590 method=com.sun.org.apache.xerces.internal.dom.NodeImpl.getUserData(Ljava/lang/String;)Ljava/lang/Object; @ 1 c2
Event: 112.707 Thread 0x000001c6ccbb8a70 DEOPT PACKING pc=0x000001c6f5372590 sp=0x000000a0660f9b90
Event: 112.707 Thread 0x000001c6ccbb8a70 DEOPT UNPACKING pc=0x000001c6f4818202 sp=0x000000a0660f9b40 mode 2
Event: 112.707 Thread 0x000001c6ccbb8a70 Uncommon trap: trap_request=0xffffffde fr.pc=0x000001c6f5383c98 relative=0x00000000000007b8
Event: 112.707 Thread 0x000001c6ccbb8a70 Uncommon trap: reason=class_check action=maybe_recompile pc=0x000001c6f5383c98 method=com.android.utils.XmlUtils.getSourceFilePosition(Lorg/w3c/dom/Node;)Lcom/android/ide/common/blame/SourceFilePosition; @ 3 c2
Event: 112.707 Thread 0x000001c6ccbb8a70 DEOPT PACKING pc=0x000001c6f5383c98 sp=0x000000a0660f9d60
Event: 112.707 Thread 0x000001c6ccbb8a70 DEOPT UNPACKING pc=0x000001c6f4818202 sp=0x000000a0660f9d20 mode 2
Event: 112.707 Thread 0x000001c6ccbb8a70 Uncommon trap: trap_request=0xffffffde fr.pc=0x000001c6f5384920 relative=0x00000000000005e0
Event: 112.707 Thread 0x000001c6ccbb8a70 Uncommon trap: reason=class_check action=maybe_recompile pc=0x000001c6f5384920 method=com.android.utils.PositionXmlParser.getPositionHelper(Lorg/w3c/dom/Node;II)Lcom/android/utils/PositionXmlParser$Position; @ 1 c2
Event: 112.707 Thread 0x000001c6ccbb8a70 DEOPT PACKING pc=0x000001c6f5384920 sp=0x000000a0660f9cb0
Event: 112.707 Thread 0x000001c6ccbb8a70 DEOPT UNPACKING pc=0x000001c6f4818202 sp=0x000000a0660f9ba8 mode 2
Event: 112.707 Thread 0x000001c6ccbb8a70 Uncommon trap: trap_request=0xffffffde fr.pc=0x000001c6f5383c98 relative=0x00000000000007b8
Event: 112.707 Thread 0x000001c6ccbb8a70 Uncommon trap: reason=class_check action=maybe_recompile pc=0x000001c6f5383c98 method=com.android.utils.XmlUtils.getSourceFilePosition(Lorg/w3c/dom/Node;)Lcom/android/ide/common/blame/SourceFilePosition; @ 3 c2
Event: 112.707 Thread 0x000001c6ccbb8a70 DEOPT PACKING pc=0x000001c6f5383c98 sp=0x000000a0660f9d60
Event: 112.707 Thread 0x000001c6ccbb8a70 DEOPT UNPACKING pc=0x000001c6f4818202 sp=0x000000a0660f9d20 mode 2
Event: 112.707 Thread 0x000001c6ccbb8a70 Uncommon trap: trap_request=0xffffffde fr.pc=0x000001c6f5384920 relative=0x00000000000005e0
Event: 112.707 Thread 0x000001c6ccbb8a70 Uncommon trap: reason=class_check action=maybe_recompile pc=0x000001c6f5384920 method=com.android.utils.PositionXmlParser.getPositionHelper(Lorg/w3c/dom/Node;II)Lcom/android/utils/PositionXmlParser$Position; @ 1 c2
Event: 112.707 Thread 0x000001c6ccbb8a70 DEOPT PACKING pc=0x000001c6f5384920 sp=0x000000a0660f9cb0
Event: 112.707 Thread 0x000001c6ccbb8a70 DEOPT UNPACKING pc=0x000001c6f4818202 sp=0x000000a0660f9ba8 mode 2

Classes loaded (20 events):
Event: 82.349 Loading class java/util/stream/Node$Builder$OfInt done
Event: 82.349 Loading class java/util/stream/Nodes$IntArrayNode
Event: 82.351 Loading class java/util/stream/Nodes$IntArrayNode done
Event: 82.351 Loading class java/util/stream/Nodes$IntFixedNodeBuilder done
Event: 95.554 Loading class java/io/FileReader
Event: 95.557 Loading class java/io/FileReader done
Event: 95.636 Loading class java/util/concurrent/ConcurrentLinkedDeque
Event: 95.725 Loading class java/util/concurrent/ConcurrentLinkedDeque done
Event: 95.728 Loading class java/util/concurrent/ConcurrentLinkedDeque$Node
Event: 95.736 Loading class java/util/concurrent/ConcurrentLinkedDeque$Node done
Event: 108.241 Loading class com/sun/org/apache/xerces/internal/dom/DOMImplementationImpl
Event: 108.266 Loading class org/w3c/dom/DOMImplementation
Event: 108.283 Loading class org/w3c/dom/DOMImplementation done
Event: 108.284 Loading class com/sun/org/apache/xerces/internal/dom/CoreDOMImplementationImpl
Event: 108.483 Loading class org/w3c/dom/ls/DOMImplementationLS
Event: 108.540 Loading class org/w3c/dom/ls/DOMImplementationLS done
Event: 108.540 Loading class com/sun/org/apache/xerces/internal/dom/CoreDOMImplementationImpl done
Event: 108.540 Loading class com/sun/org/apache/xerces/internal/dom/DOMImplementationImpl done
Event: 108.541 Loading class com/sun/org/apache/xerces/internal/dom/DeferredDOMImplementationImpl
Event: 108.570 Loading class com/sun/org/apache/xerces/internal/dom/DeferredDOMImplementationImpl done

Classes unloaded (0 events):
No events

Classes redefined (0 events):
No events

Internal exceptions (20 events):
Event: 41.561 Thread 0x000001c6ccbb8a70 Exception <a 'java/lang/NoSuchMethodError'{0x00000000896570c8}: 'java.lang.Object java.lang.invoke.DirectMethodHandle$Holder.newInvokeSpecial(java.lang.Object, java.lang.Object, int, java.lang.Object, java.lang.Object)'> (0x00000000896570c8) 
thrown [s\open\src\hotspot\share\interpreter\linkResolver.cpp, line 805]
Event: 41.671 Thread 0x000001c6ccbb8a70 Exception <a 'java/lang/NoSuchMethodError'{0x0000000089296b30}: 'java.lang.Object java.lang.invoke.DirectMethodHandle$Holder.invokeVirtual(java.lang.Object, java.lang.Object, java.lang.Object, java.lang.Object, java.lang.Object, java.lang.Object, java.lang.Object, java.lang.Object, java.lang.Object, java.lang.Object, java.lang.Object, java.lang.Object, java.lang.Object, java.lang.Object, java.lang.Object, java.lang.Object, java.lang.Object, java.lang.Object, java.lang.Object)'> (0x0000000089296b30) 
thrown
Event: 51.718 Thread 0x000001c6ccbb8a70 Exception <a 'java/lang/NoSuchMethodError'{0x00000000885fbd18}: 'void java.lang.invoke.DirectMethodHandle$Holder.invokeSpecial(java.lang.Object, java.lang.Object, java.lang.Object, java.lang.Object, int, java.lang.Object, java.lang.Object)'> (0x00000000885fbd18) 
thrown [s\open\src\hotspot\share\interpreter\linkResolver.cpp, line 805]
Event: 51.787 Thread 0x000001c6ccbb8a70 Exception <a 'sun/nio/fs/WindowsException'{0x00000000884c61f0}> (0x00000000884c61f0) 
thrown [s\open\src\hotspot\share\prims\jni.cpp, line 518]
Event: 51.846 Thread 0x000001c6ccbb8a70 Exception <a 'java/lang/IncompatibleClassChangeError'{0x000000008821bef8}: Found class java.lang.Object, but interface was expected> (0x000000008821bef8) 
thrown [s\open\src\hotspot\share\interpreter\linkResolver.cpp, line 872]
Event: 51.993 Thread 0x000001c6ccbb8a70 Exception <a 'java/lang/NoSuchMethodError'{0x00000000880a8dd8}: 'int java.lang.invoke.DirectMethodHandle$Holder.invokeSpecial(java.lang.Object, java.lang.Object, int)'> (0x00000000880a8dd8) 
thrown [s\open\src\hotspot\share\interpreter\linkResolver.cpp, line 805]
Event: 56.069 Thread 0x000001c6ccbb8a70 Implicit null exception at 0x000001c6f50f0259 to 0x000001c6f50f038c
Event: 56.570 Thread 0x000001c6ccbbb650 Implicit null exception at 0x000001c6f51e705e to 0x000001c6f51e76c0
Event: 60.978 Thread 0x000001c6ccbb8a70 Exception <a 'java/lang/NoSuchMethodError'{0x0000000089ae2f78}: 'int java.lang.invoke.DirectMethodHandle$Holder.invokeStaticInit(java.lang.Object, java.lang.Object, java.lang.Object, java.lang.Object, java.lang.Object)'> (0x0000000089ae2f78) 
thrown [s\open\src\hotspot\share\interpreter\linkResolver.cpp, line 805]
Event: 61.617 Thread 0x000001c6ccbb5740 Exception <a 'sun/nio/fs/WindowsException'{0x000000008b2fc328}> (0x000000008b2fc328) 
thrown [s\open\src\hotspot\share\prims\jni.cpp, line 518]
Event: 61.618 Thread 0x000001c6ccbb5740 Exception <a 'sun/nio/fs/WindowsException'{0x000000008b2ff648}> (0x000000008b2ff648) 
thrown [s\open\src\hotspot\share\prims\jni.cpp, line 518]
Event: 61.618 Thread 0x000001c6ccbb5740 Exception <a 'sun/nio/fs/WindowsException'{0x000000008b2ff800}> (0x000000008b2ff800) 
thrown [s\open\src\hotspot\share\prims\jni.cpp, line 518]
Event: 61.620 Thread 0x000001c6ccbb5740 Exception <a 'sun/nio/fs/WindowsException'{0x000000008b1107e0}> (0x000000008b1107e0) 
thrown [s\open\src\hotspot\share\prims\jni.cpp, line 518]
Event: 61.624 Thread 0x000001c6ccbb5740 Exception <a 'java/io/IOException'{0x000000008b112360}> (0x000000008b112360) 
thrown [s\open\src\hotspot\share\prims\jni.cpp, line 518]
Event: 61.628 Thread 0x000001c6ccbb5740 Exception <a 'java/io/IOException'{0x000000008b114090}> (0x000000008b114090) 
thrown [s\open\src\hotspot\share\prims\jni.cpp, line 518]
Event: 61.632 Thread 0x000001c6ccbb5740 Exception <a 'java/io/IOException'{0x000000008b115c50}> (0x000000008b115c50) 
thrown [s\open\src\hotspot\share\prims\jni.cpp, line 518]
Event: 61.633 Thread 0x000001c6ccbb5740 Exception <a 'java/io/IOException'{0x000000008b116ab8}> (0x000000008b116ab8) 
thrown [s\open\src\hotspot\share\prims\jni.cpp, line 518]
Event: 93.418 Thread 0x000001c6ccbb8a70 Exception <a 'java/lang/NoSuchMethodError'{0x000000008c6f1898}: 'java.lang.Object java.lang.invoke.DirectMethodHandle$Holder.invokeSpecial(java.lang.Object, java.lang.Object, java.lang.Object, java.lang.Object, java.lang.Object, java.lang.Object, int)'> (0x000000008c6f1898) 
thrown [s\open\src\hotspot\share\interpreter\linkResolver.cpp, line 805]
Event: 93.565 Thread 0x000001c6ccbb8a70 Exception <a 'java/lang/NoSuchMethodError'{0x000000008c6fa968}: 'java.lang.Object java.lang.invoke.DelegatingMethodHandle$Holder.reinvoke_L(java.lang.Object, java.lang.Object, java.lang.Object, java.lang.Object, java.lang.Object, int)'> (0x000000008c6fa968) 
thrown [s\open\src\hotspot\share\interpreter\linkResolver.cpp, line 805]
Event: 109.648 Thread 0x000001c6ccbb8a70 Implicit null exception at 0x000001c6f52f6d8c to 0x000001c6f52f7384

VM Operations (20 events):
Event: 75.112 Executing VM operation: G1PauseCleanup
Event: 75.112 Executing VM operation: G1PauseCleanup done
Event: 77.773 Executing VM operation: G1CollectForAllocation (G1 Evacuation Pause)
Event: 77.823 Executing VM operation: G1CollectForAllocation (G1 Evacuation Pause) done
Event: 95.568 Executing VM operation: HandshakeAllThreads (Deoptimize)
Event: 95.569 Executing VM operation: HandshakeAllThreads (Deoptimize) done
Event: 97.673 Executing VM operation: HandshakeAllThreads (Deoptimize)
Event: 97.673 Executing VM operation: HandshakeAllThreads (Deoptimize) done
Event: 105.402 Executing VM operation: HandshakeAllThreads (Deoptimize)
Event: 105.402 Executing VM operation: HandshakeAllThreads (Deoptimize) done
Event: 106.618 Executing VM operation: G1CollectForAllocation (G1 Evacuation Pause)
Event: 106.770 Executing VM operation: G1CollectForAllocation (G1 Evacuation Pause) done
Event: 108.223 Executing VM operation: HandshakeAllThreads (Deoptimize)
Event: 108.224 Executing VM operation: HandshakeAllThreads (Deoptimize) done
Event: 110.089 Executing VM operation: G1TryInitiateConcMark (G1 Humongous Allocation)
Event: 110.241 Executing VM operation: G1TryInitiateConcMark (G1 Humongous Allocation) done
Event: 112.596 Executing VM operation: G1PauseRemark
Event: 112.703 Executing VM operation: G1PauseRemark done
Event: 112.902 Executing VM operation: G1PauseCleanup
Event: 113.148 Executing VM operation: G1PauseCleanup done

Memory protections (0 events):
No events

Nmethod flushes (20 events):
Event: 112.694 Thread 0x000001c6fefa0b90 flushing  nmethod 0x000001c6edfff788
Event: 112.694 Thread 0x000001c6fefa0b90 flushing  nmethod 0x000001c6ee069608
Event: 112.694 Thread 0x000001c6fefa0b90 flushing  nmethod 0x000001c6ee06a588
Event: 112.695 Thread 0x000001c6fefa0b90 flushing  nmethod 0x000001c6ee0ed508
Event: 112.695 Thread 0x000001c6fefa0b90 flushing  nmethod 0x000001c6ee28bd08
Event: 112.695 Thread 0x000001c6fefa0b90 flushing  nmethod 0x000001c6ee30b188
Event: 112.696 Thread 0x000001c6fefa0b90 flushing  nmethod 0x000001c6ee311388
Event: 112.696 Thread 0x000001c6fefa0b90 flushing  nmethod 0x000001c6ee445508
Event: 112.696 Thread 0x000001c6fefa0b90 flushing  nmethod 0x000001c6ee445d08
Event: 112.696 Thread 0x000001c6fefa0b90 flushing  nmethod 0x000001c6ee446208
Event: 112.696 Thread 0x000001c6fefa0b90 flushing  nmethod 0x000001c6ee44b208
Event: 112.696 Thread 0x000001c6fefa0b90 flushing  nmethod 0x000001c6ee44bd08
Event: 112.696 Thread 0x000001c6fefa0b90 flushing  nmethod 0x000001c6ee44db88
Event: 112.696 Thread 0x000001c6fefa0b90 flushing  nmethod 0x000001c6ee44de88
Event: 112.696 Thread 0x000001c6fefa0b90 flushing  nmethod 0x000001c6ee44e308
Event: 112.696 Thread 0x000001c6fefa0b90 flushing  nmethod 0x000001c6ee44ef08
Event: 112.696 Thread 0x000001c6fefa0b90 flushing  nmethod 0x000001c6ee44fe88
Event: 112.696 Thread 0x000001c6fefa0b90 flushing  nmethod 0x000001c6ee54ce08
Event: 112.696 Thread 0x000001c6fefa0b90 flushing  nmethod 0x000001c6ee5e9d88
Event: 112.697 Thread 0x000001c6fefa0b90 flushing  nmethod 0x000001c6ee5eea88

Events (20 events):
Event: 56.068 Thread 0x000001c6ccbb8a70 Thread added: 0x000001c6c91873d0
Event: 56.235 Thread 0x000001c6fefbe670 Thread added: 0x000001c6cb99e380
Event: 58.430 Thread 0x000001c6cb99e380 Thread exited: 0x000001c6cb99e380
Event: 60.538 Thread 0x000001c6ccbb8a70 Thread added: 0x000001c6c91847f0
Event: 60.538 Thread 0x000001c6ccbb8a70 Thread added: 0x000001c6c9185de0
Event: 60.571 Thread 0x000001c6ccbb8a70 Thread added: 0x000001c6c9186530
Event: 61.215 Thread 0x000001c6ccbb8a70 Thread added: 0x000001c6c9186c80
Event: 62.001 Thread 0x000001c6fefe2a10 Thread added: 0x000001c6cb99e380
Event: 62.122 Thread 0x000001c6ccbb8a70 Thread added: 0x000001c6c9188270
Event: 62.123 Thread 0x000001c6ccbb8a70 Thread added: 0x000001c6c9184f40
Event: 62.123 Thread 0x000001c6ccbb8a70 Thread added: 0x000001c6c918ae50
Event: 62.507 Thread 0x000001c6cb99e380 Thread exited: 0x000001c6cb99e380
Event: 62.805 Thread 0x000001c6fefe2a10 Thread added: 0x000001c6cb99f2a0
Event: 62.949 Thread 0x000001c6cb99f2a0 Thread exited: 0x000001c6cb99f2a0
Event: 63.756 Thread 0x000001c6fefe2a10 Thread added: 0x000001c6cb99e380
Event: 64.339 Thread 0x000001c6cb99e380 Thread exited: 0x000001c6cb99e380
Event: 69.853 Thread 0x000001c6fefbe670 Thread added: 0x000001c6cabbff90
Event: 69.973 Thread 0x000001c6cabbff90 Thread exited: 0x000001c6cabbff90
Event: 109.571 Thread 0x000001c6fefbe670 Thread added: 0x000001c6cabc2560
Event: 112.522 Thread 0x000001c6cabc2560 Thread exited: 0x000001c6cabc2560


Dynamic libraries:
0x00007ff699cd0000 - 0x00007ff699ce0000 	C:\Program Files\Java\jdk-24\bin\java.exe
0x00007ffeba2a0000 - 0x00007ffeba509000 	C:\WINDOWS\SYSTEM32\ntdll.dll
0x00007ffeb9360000 - 0x00007ffeb9429000 	C:\WINDOWS\System32\KERNEL32.DLL
0x00007ffeb77f0000 - 0x00007ffeb7be3000 	C:\WINDOWS\System32\KERNELBASE.dll
0x00007ffeb3f60000 - 0x00007ffeb3ffe000 	C:\WINDOWS\SYSTEM32\apphelp.dll
0x00007ffeb7bf0000 - 0x00007ffeb7d3b000 	C:\WINDOWS\System32\ucrtbase.dll
0x00007ffe7aa30000 - 0x00007ffe7aa46000 	C:\Program Files\Java\jdk-24\bin\jli.dll
0x00007ffeb9740000 - 0x00007ffeb9904000 	C:\WINDOWS\System32\USER32.dll
0x00007ffe785e0000 - 0x00007ffe785fb000 	C:\Program Files\Java\jdk-24\bin\VCRUNTIME140.dll
0x00007ffeb7720000 - 0x00007ffeb7747000 	C:\WINDOWS\System32\win32u.dll
0x00007ffeb8420000 - 0x00007ffeb844b000 	C:\WINDOWS\System32\GDI32.dll
0x00007ffe9bec0000 - 0x00007ffe9c153000 	C:\WINDOWS\WinSxS\amd64_microsoft.windows.common-controls_6595b64144ccf1df_6.0.26100.5074_none_3e0d6f78e32fd63f\COMCTL32.dll
0x00007ffeb7e90000 - 0x00007ffeb7fbd000 	C:\WINDOWS\System32\gdi32full.dll
0x00007ffeb7fc0000 - 0x00007ffeb8063000 	C:\WINDOWS\System32\msvcp_win.dll
0x00007ffeb8070000 - 0x00007ffeb8119000 	C:\WINDOWS\System32\msvcrt.dll
0x00007ffeba220000 - 0x00007ffeba24f000 	C:\WINDOWS\System32\IMM32.DLL
0x00007ffe93840000 - 0x00007ffe9384c000 	C:\Program Files\Java\jdk-24\bin\vcruntime140_1.dll
0x00007ffe475a0000 - 0x00007ffe4762e000 	C:\Program Files\Java\jdk-24\bin\msvcp140.dll
0x00007ffe1e580000 - 0x00007ffe1f322000 	C:\Program Files\Java\jdk-24\bin\server\jvm.dll
0x00007ffeba050000 - 0x00007ffeba104000 	C:\WINDOWS\System32\ADVAPI32.dll
0x00007ffeb8370000 - 0x00007ffeb8416000 	C:\WINDOWS\System32\sechost.dll
0x00007ffeb9a10000 - 0x00007ffeb9b28000 	C:\WINDOWS\System32\RPCRT4.dll
0x00007ffeb92e0000 - 0x00007ffeb9354000 	C:\WINDOWS\System32\WS2_32.dll
0x00007ffeb72b0000 - 0x00007ffeb730e000 	C:\WINDOWS\SYSTEM32\POWRPROF.dll
0x00007ffeb0320000 - 0x00007ffeb0355000 	C:\WINDOWS\SYSTEM32\WINMM.dll
0x00007ffeb0360000 - 0x00007ffeb036b000 	C:\WINDOWS\SYSTEM32\VERSION.dll
0x00007ffeb7290000 - 0x00007ffeb72a4000 	C:\WINDOWS\SYSTEM32\UMPDC.dll
0x00007ffeb6210000 - 0x00007ffeb622b000 	C:\WINDOWS\SYSTEM32\kernel.appcore.dll
0x00007ffe8f680000 - 0x00007ffe8f68a000 	C:\Program Files\Java\jdk-24\bin\jimage.dll
0x00007ffeb4d00000 - 0x00007ffeb4f42000 	C:\WINDOWS\SYSTEM32\DBGHELP.DLL
0x00007ffeb86a0000 - 0x00007ffeb8a1b000 	C:\WINDOWS\System32\combase.dll
0x00007ffeb8450000 - 0x00007ffeb8527000 	C:\WINDOWS\System32\OLEAUT32.dll
0x00007ffea33d0000 - 0x00007ffea340d000 	C:\WINDOWS\SYSTEM32\dbgcore.DLL
0x00007ffeb7750000 - 0x00007ffeb77e9000 	C:\WINDOWS\System32\bcryptPrimitives.dll
0x00007ffe9a150000 - 0x00007ffe9a15f000 	C:\Program Files\Java\jdk-24\bin\instrument.dll
0x00007ffe829f0000 - 0x00007ffe82a0e000 	C:\Program Files\Java\jdk-24\bin\java.dll
0x00007ffeb9430000 - 0x00007ffeb95c8000 	C:\WINDOWS\System32\ole32.dll
0x00007ffeb8b80000 - 0x00007ffeb92cd000 	C:\WINDOWS\System32\SHELL32.dll
0x00007ffeb75b0000 - 0x00007ffeb771c000 	C:\WINDOWS\System32\wintypes.dll
0x00007ffeb4f50000 - 0x00007ffeb57a9000 	C:\WINDOWS\SYSTEM32\windows.storage.dll
0x00007ffeb85a0000 - 0x00007ffeb8690000 	C:\WINDOWS\System32\SHCORE.dll
0x00007ffeb8530000 - 0x00007ffeb8592000 	C:\WINDOWS\System32\shlwapi.dll
0x00007ffeb7350000 - 0x00007ffeb7379000 	C:\WINDOWS\SYSTEM32\profapi.dll
0x00007ffe341c0000 - 0x00007ffe34297000 	C:\Program Files\Java\jdk-24\bin\jsvml.dll
0x00007ffe76dc0000 - 0x00007ffe76dd7000 	C:\Program Files\Java\jdk-24\bin\zip.dll
0x00007ffe891d0000 - 0x00007ffe891e0000 	C:\Program Files\Java\jdk-24\bin\net.dll
0x00007ffeb6790000 - 0x00007ffeb67fb000 	C:\WINDOWS\system32\mswsock.dll
0x00007ffe77100000 - 0x00007ffe77116000 	C:\Program Files\Java\jdk-24\bin\nio.dll
0x00007ffe95ff0000 - 0x00007ffe96000000 	C:\Program Files\Java\jdk-24\bin\verify.dll
0x00007ffe8f7a0000 - 0x00007ffe8f7c7000 	C:\Users\musan\.gradle\native\1def1411415f61bf3af743bc5b6707747c0891f09f0c88961ee8f79bc544acac\windows-amd64\native-platform.dll
0x00007ffe893d0000 - 0x00007ffe89448000 	C:\Users\musan\.gradle\native\0.2.7\x86_64-windows-gnu\gradle-fileevents.dll
0x00007ffe86830000 - 0x00007ffe8683a000 	C:\Program Files\Java\jdk-24\bin\management.dll
0x00007ffe86270000 - 0x00007ffe8627b000 	C:\Program Files\Java\jdk-24\bin\management_ext.dll
0x00007ffeb92d0000 - 0x00007ffeb92d8000 	C:\WINDOWS\System32\PSAPI.DLL
0x00007ffeb5be0000 - 0x00007ffeb5c14000 	C:\WINDOWS\SYSTEM32\IPHLPAPI.DLL
0x00007ffeb95d0000 - 0x00007ffeb95da000 	C:\WINDOWS\System32\NSI.dll
0x00007ffe85290000 - 0x00007ffe85299000 	C:\Program Files\Java\jdk-24\bin\extnet.dll
0x00007ffeb6a30000 - 0x00007ffeb6a4b000 	C:\WINDOWS\SYSTEM32\CRYPTSP.dll
0x00007ffeb6170000 - 0x00007ffeb61ab000 	C:\WINDOWS\system32\rsaenh.dll
0x00007ffeb6830000 - 0x00007ffeb685b000 	C:\WINDOWS\SYSTEM32\USERENV.dll
0x00007ffeb7320000 - 0x00007ffeb7346000 	C:\WINDOWS\SYSTEM32\bcrypt.dll
0x00007ffeb6a50000 - 0x00007ffeb6a5c000 	C:\WINDOWS\SYSTEM32\CRYPTBASE.dll
0x00007ffe85450000 - 0x00007ffe8545e000 	C:\Program Files\Java\jdk-24\bin\sunmscapi.dll
0x00007ffeb7430000 - 0x00007ffeb75a7000 	C:\WINDOWS\System32\CRYPT32.dll
0x00007ffeb6c50000 - 0x00007ffeb6c80000 	C:\WINDOWS\SYSTEM32\ncrypt.dll
0x00007ffeb6c00000 - 0x00007ffeb6c3f000 	C:\WINDOWS\SYSTEM32\NTASN1.dll
0x00007ffe8cee0000 - 0x00007ffe8cee8000 	C:\WINDOWS\system32\wshunix.dll

JVMTI agents:
C:\Users\musan\.gradle\wrapper\dists\gradle-9.0-milestone-1-bin\3vdepk4s12bybhohyuvjcm1bd\gradle-9.0-milestone-1\lib\agents\gradle-instrumentation-agent-9.0.jar path:C:\Program Files\Java\jdk-24\bin\instrument.dll, loaded, initialized, instrumentlib options:none

dbghelp: loaded successfully - version: 4.0.5 - missing functions: none
symbol engine: initialized successfully - sym options: 0x614 - pdb path: .;C:\Program Files\Java\jdk-24\bin;C:\WINDOWS\SYSTEM32;C:\WINDOWS\WinSxS\amd64_microsoft.windows.common-controls_6595b64144ccf1df_6.0.26100.5074_none_3e0d6f78e32fd63f;C:\Program Files\Java\jdk-24\bin\server;C:\Users\musan\.gradle\native\1def1411415f61bf3af743bc5b6707747c0891f09f0c88961ee8f79bc544acac\windows-amd64;C:\Users\musan\.gradle\native\0.2.7\x86_64-windows-gnu

VM Arguments:
jvm_args: --add-opens=java.base/java.lang=ALL-UNNAMED --add-opens=java.base/java.lang.invoke=ALL-UNNAMED --add-opens=java.base/java.util=ALL-UNNAMED --add-opens=java.prefs/java.util.prefs=ALL-UNNAMED --add-exports=jdk.compiler/com.sun.tools.javac.api=ALL-UNNAMED --add-exports=jdk.compiler/com.sun.tools.javac.util=ALL-UNNAMED --add-opens=java.base/java.util=ALL-UNNAMED --add-opens=java.prefs/java.util.prefs=ALL-UNNAMED --add-opens=java.base/java.nio.charset=ALL-UNNAMED --add-opens=java.base/java.net=ALL-UNNAMED --add-opens=java.base/java.util.concurrent.atomic=ALL-UNNAMED --add-opens=java.xml/javax.xml.namespace=ALL-UNNAMED --enable-native-access=ALL-UNNAMED -Xmx2048m -Dfile.encoding=UTF-8 -Duser.country=US -Duser.language=en -Duser.variant -javaagent:C:\Users\musan\.gradle\wrapper\dists\gradle-9.0-milestone-1-bin\3vdepk4s12bybhohyuvjcm1bd\gradle-9.0-milestone-1\lib\agents\gradle-instrumentation-agent-9.0.jar 
java_command: org.gradle.launcher.daemon.bootstrap.GradleDaemon 9.0-milestone-1
java_class_path (initial): C:\Users\musan\.gradle\wrapper\dists\gradle-9.0-milestone-1-bin\3vdepk4s12bybhohyuvjcm1bd\gradle-9.0-milestone-1\lib\gradle-daemon-main-9.0.jar
Launcher Type: SUN_STANDARD

[Global flags]
     intx CICompilerCount                          = 3                                         {product} {ergonomic}
     uint ConcGCThreads                            = 1                                         {product} {ergonomic}
     uint G1ConcRefinementThreads                  = 4                                         {product} {ergonomic}
   size_t G1HeapRegionSize                         = 1048576                                   {product} {ergonomic}
   size_t InitialHeapSize                          = 100663296                                 {product} {ergonomic}
   size_t MarkStackSize                            = 4194304                                   {product} {ergonomic}
   size_t MarkStackSizeMax                         = 536870912                                 {product} {ergonomic}
   size_t MaxHeapSize                              = 2147483648                                {product} {command line}
   size_t MaxNewSize                               = 1287651328                                {product} {ergonomic}
   size_t MinHeapDeltaBytes                        = 1048576                                   {product} {ergonomic}
   size_t MinHeapSize                              = 8388608                                   {product} {ergonomic}
    uintx NonNMethodCodeHeapSize                   = 5832704                                {pd product} {ergonomic}
    uintx NonProfiledCodeHeapSize                  = 122945536                              {pd product} {ergonomic}
    uintx ProfiledCodeHeapSize                     = 122880000                              {pd product} {ergonomic}
    uintx ReservedCodeCacheSize                    = 251658240                              {pd product} {ergonomic}
     bool SegmentedCodeCache                       = true                                      {product} {ergonomic}
   size_t SoftMaxHeapSize                          = 2147483648                             {manageable} {ergonomic}
     bool UseCompressedOops                        = true                           {product lp64_product} {ergonomic}
     bool UseG1GC                                  = true                                      {product} {ergonomic}
     bool UseLargePagesIndividualAllocation        = false                                  {pd product} {ergonomic}

Logging:
Log output configuration:
 #0: stdout all=warning uptime,level,tags foldmultilines=false
 #1: stderr all=off uptime,level,tags foldmultilines=false

Environment Variables:
CLASSPATH=C:\Users\musan\OneDrive\Stride\\gradle\wrapper\gradle-wrapper.jar
PATH=C:\Program Files\PowerShell\7;c:\Users\musan\AppData\Local\Programs\cursor\resources\app\bin;C:\Program Files\Common Files\Oracle\Java\javapath;C:\WINDOWS\system32;C:\WINDOWS;C:\WINDOWS\System32\Wbem;C:\WINDOWS\System32\WindowsPowerShell\v1.0\;C:\WINDOWS\System32\OpenSSH\;C:\Program Files\Microsoft SQL Server\150\Tools\Binn\;C:\Program Files\Microsoft SQL Server\Client SDK\ODBC\170\Tools\Binn\;C:\Program Files\dotnet\;C:\Program Files (x86)\Windows Kits\10\Windows Performance Toolkit\;C:\Users\musan\AppData\Local\Microsoft\WindowsApps;C:\Users\musan\.dotnet\tools;C:\Users\musan\AppData\Local\Programs\cursor\resources\app\bin;c:\Users\musan\AppData\Local\Programs\cursor\resources\app\bin;C:\Program Files (x86)\Microsoft SQL Server\160\Tools\Binn\;C:\Program Files\Microsoft SQL Server\160\Tools\Binn\;C:\Program Files\Microsoft SQL Server\160\DTS\Binn\;C:\Program Files\Git\cmd;C:\Program Files\Git LFS;C:\Program Files\PowerShell\7\;C:\Program Files\nodejs\;C:\OpenSSL-Win64\bin;C:\Users\musan\AppData\Local\Microsoft\WindowsApps;C:\Users\musan\AppData\Local\Programs\Microsoft VS Code\bin;C:\Users\musan\.dotnet\tools;C:\Users\musan\AppData\Local\Programs\cursor\resources\app\bin;C:\Users\musan\AppData\Roaming\npm
USERNAME=musan
LANG=en_US.UTF-8
OS=Windows_NT
PROCESSOR_IDENTIFIER=AMD64 Family 23 Model 24 Stepping 1, AuthenticAMD
TMP=C:\Users\musan\AppData\Local\Temp
TEMP=C:\Users\musan\AppData\Local\Temp




Periodic native trim disabled

---------------  S Y S T E M  ---------------

OS:
 Windows 11 , 64 bit Build 26100 (10.0.26100.5074)
OS uptime: 17 days 0:28 hours
Hyper-V role detected

CPU: total 4 (initial active 4) (4 cores per cpu, 2 threads per core) family 23 model 24 stepping 1 microcode 0x8108109, cx8, cmov, fxsr, ht, mmx, 3dnowpref, sse, sse2, sse3, ssse3, sse4a, sse4.1, sse4.2, popcnt, lzcnt, tsc, tscinvbit, avx, avx2, aes, clmul, bmi1, bmi2, adx, sha, fma, vzeroupper, clflush, clflushopt, hv, rdtscp, f16c
Processor Information for the first 4 processors :
  Max Mhz: 2400, Current Mhz: 2400, Mhz Limit: 2400

Memory: 4k page, system-wide physical 6020M (529M free)
TotalPageFile size 24452M (AvailPageFile size 16M)
current process WorkingSet (physical memory assigned to process): 321M, peak: 441M
current process commit charge ("private bytes"): 592M, peak: 607M

vm_info: Java HotSpot(TM) 64-Bit Server VM (24.0.1+9-30) for windows-amd64 JRE (24.0.1+9-30), built on 2025-03-05T07:23:45Z with MS VC++ 17.6 (VS2022)

END.
